[2018-12-11 14:26:09] local.ERROR: SQLSTATE[42000]: Syntax error or access violation: 1071 Specified key was too long; max key length is 767 bytes (SQL: alter table `users` add unique `users_email_unique`(`email`)) {"exception":"[object] (Illuminate\\Database\\QueryException(code: 42000): SQLSTATE[42000]: Syntax error or access violation: 1071 Specified key was too long; max key length is 767 bytes (SQL: alter table `users` add unique `users_email_unique`(`email`)) at C:\\Users\\Marden\\Desktop\\Basic\\projetos\\web\\solucao-codigo-fonte\\vendor\\laravel\\framework\\src\\Illuminate\\Database\\Connection.php:664, PDOException(code: 42000): SQLSTATE[42000]: Syntax error or access violation: 1071 Specified key was too long; max key length is 767 bytes at C:\\Users\\Marden\\Desktop\\Basic\\projetos\\web\\solucao-codigo-fonte\\vendor\\laravel\\framework\\src\\Illuminate\\Database\\Connection.php:458)
[stacktrace]
#0 C:\\Users\\Marden\\Desktop\\Basic\\projetos\\web\\solucao-codigo-fonte\\vendor\\laravel\\framework\\src\\Illuminate\\Database\\Connection.php(624): Illuminate\\Database\\Connection->runQueryCallback('alter table `us...', Array, Object(Closure))
#1 C:\\Users\\Marden\\Desktop\\Basic\\projetos\\web\\solucao-codigo-fonte\\vendor\\laravel\\framework\\src\\Illuminate\\Database\\Connection.php(459): Illuminate\\Database\\Connection->run('alter table `us...', Array, Object(Closure))
#2 C:\\Users\\Marden\\Desktop\\Basic\\projetos\\web\\solucao-codigo-fonte\\vendor\\laravel\\framework\\src\\Illuminate\\Database\\Schema\\Blueprint.php(97): Illuminate\\Database\\Connection->statement('alter table `us...')
#3 C:\\Users\\Marden\\Desktop\\Basic\\projetos\\web\\solucao-codigo-fonte\\vendor\\laravel\\framework\\src\\Illuminate\\Database\\Schema\\Builder.php(264): Illuminate\\Database\\Schema\\Blueprint->build(Object(Illuminate\\Database\\MySqlConnection), Object(Illuminate\\Database\\Schema\\Grammars\\MySqlGrammar))
#4 C:\\Users\\Marden\\Desktop\\Basic\\projetos\\web\\solucao-codigo-fonte\\vendor\\laravel\\framework\\src\\Illuminate\\Database\\Schema\\Builder.php(165): Illuminate\\Database\\Schema\\Builder->build(Object(Illuminate\\Database\\Schema\\Blueprint))
#5 C:\\Users\\Marden\\Desktop\\Basic\\projetos\\web\\solucao-codigo-fonte\\vendor\\laravel\\framework\\src\\Illuminate\\Support\\Facades\\Facade.php(223): Illuminate\\Database\\Schema\\Builder->create('users', Object(Closure))
#6 C:\\Users\\Marden\\Desktop\\Basic\\projetos\\web\\solucao-codigo-fonte\\database\\migrations\\2014_10_12_000000_create_users_table.php(30): Illuminate\\Support\\Facades\\Facade::__callStatic('create', Array)
#7 C:\\Users\\Marden\\Desktop\\Basic\\projetos\\web\\solucao-codigo-fonte\\vendor\\laravel\\framework\\src\\Illuminate\\Database\\Migrations\\Migrator.php(360): CreateUsersTable->up()
#8 C:\\Users\\Marden\\Desktop\\Basic\\projetos\\web\\solucao-codigo-fonte\\vendor\\laravel\\framework\\src\\Illuminate\\Database\\Migrations\\Migrator.php(367): Illuminate\\Database\\Migrations\\Migrator->Illuminate\\Database\\Migrations\\{closure}()
#9 C:\\Users\\Marden\\Desktop\\Basic\\projetos\\web\\solucao-codigo-fonte\\vendor\\laravel\\framework\\src\\Illuminate\\Database\\Migrations\\Migrator.php(178): Illuminate\\Database\\Migrations\\Migrator->runMigration(Object(CreateUsersTable), 'up')
#10 C:\\Users\\Marden\\Desktop\\Basic\\projetos\\web\\solucao-codigo-fonte\\vendor\\laravel\\framework\\src\\Illuminate\\Database\\Migrations\\Migrator.php(147): Illuminate\\Database\\Migrations\\Migrator->runUp('C:\\\\Users\\\\Marden...', 1, false)
#11 C:\\Users\\Marden\\Desktop\\Basic\\projetos\\web\\solucao-codigo-fonte\\vendor\\laravel\\framework\\src\\Illuminate\\Database\\Migrations\\Migrator.php(96): Illuminate\\Database\\Migrations\\Migrator->runPending(Array, Array)
#12 C:\\Users\\Marden\\Desktop\\Basic\\projetos\\web\\solucao-codigo-fonte\\vendor\\laravel\\framework\\src\\Illuminate\\Database\\Console\\Migrations\\MigrateCommand.php(71): Illuminate\\Database\\Migrations\\Migrator->run(Array, Array)
#13 [internal function]: Illuminate\\Database\\Console\\Migrations\\MigrateCommand->handle()
#14 C:\\Users\\Marden\\Desktop\\Basic\\projetos\\web\\solucao-codigo-fonte\\vendor\\laravel\\framework\\src\\Illuminate\\Container\\BoundMethod.php(29): call_user_func_array(Array, Array)
#15 C:\\Users\\Marden\\Desktop\\Basic\\projetos\\web\\solucao-codigo-fonte\\vendor\\laravel\\framework\\src\\Illuminate\\Container\\BoundMethod.php(87): Illuminate\\Container\\BoundMethod::Illuminate\\Container\\{closure}()
#16 C:\\Users\\Marden\\Desktop\\Basic\\projetos\\web\\solucao-codigo-fonte\\vendor\\laravel\\framework\\src\\Illuminate\\Container\\BoundMethod.php(31): Illuminate\\Container\\BoundMethod::callBoundMethod(Object(Illuminate\\Foundation\\Application), Array, Object(Closure))
#17 C:\\Users\\Marden\\Desktop\\Basic\\projetos\\web\\solucao-codigo-fonte\\vendor\\laravel\\framework\\src\\Illuminate\\Container\\Container.php(572): Illuminate\\Container\\BoundMethod::call(Object(Illuminate\\Foundation\\Application), Array, Array, NULL)
#18 C:\\Users\\Marden\\Desktop\\Basic\\projetos\\web\\solucao-codigo-fonte\\vendor\\laravel\\framework\\src\\Illuminate\\Console\\Command.php(183): Illuminate\\Container\\Container->call(Array)
#19 C:\\Users\\Marden\\Desktop\\Basic\\projetos\\web\\solucao-codigo-fonte\\vendor\\symfony\\console\\Command\\Command.php(255): Illuminate\\Console\\Command->execute(Object(Symfony\\Component\\Console\\Input\\ArgvInput), Object(Illuminate\\Console\\OutputStyle))
#20 C:\\Users\\Marden\\Desktop\\Basic\\projetos\\web\\solucao-codigo-fonte\\vendor\\laravel\\framework\\src\\Illuminate\\Console\\Command.php(170): Symfony\\Component\\Console\\Command\\Command->run(Object(Symfony\\Component\\Console\\Input\\ArgvInput), Object(Illuminate\\Console\\OutputStyle))
#21 C:\\Users\\Marden\\Desktop\\Basic\\projetos\\web\\solucao-codigo-fonte\\vendor\\symfony\\console\\Application.php(893): Illuminate\\Console\\Command->run(Object(Symfony\\Component\\Console\\Input\\ArgvInput), Object(Symfony\\Component\\Console\\Output\\ConsoleOutput))
#22 C:\\Users\\Marden\\Desktop\\Basic\\projetos\\web\\solucao-codigo-fonte\\vendor\\symfony\\console\\Application.php(262): Symfony\\Component\\Console\\Application->doRunCommand(Object(Illuminate\\Database\\Console\\Migrations\\MigrateCommand), Object(Symfony\\Component\\Console\\Input\\ArgvInput), Object(Symfony\\Component\\Console\\Output\\ConsoleOutput))
#23 C:\\Users\\Marden\\Desktop\\Basic\\projetos\\web\\solucao-codigo-fonte\\vendor\\symfony\\console\\Application.php(145): Symfony\\Component\\Console\\Application->doRun(Object(Symfony\\Component\\Console\\Input\\ArgvInput), Object(Symfony\\Component\\Console\\Output\\ConsoleOutput))
#24 C:\\Users\\Marden\\Desktop\\Basic\\projetos\\web\\solucao-codigo-fonte\\vendor\\laravel\\framework\\src\\Illuminate\\Console\\Application.php(89): Symfony\\Component\\Console\\Application->run(Object(Symfony\\Component\\Console\\Input\\ArgvInput), Object(Symfony\\Component\\Console\\Output\\ConsoleOutput))
#25 C:\\Users\\Marden\\Desktop\\Basic\\projetos\\web\\solucao-codigo-fonte\\vendor\\laravel\\framework\\src\\Illuminate\\Foundation\\Console\\Kernel.php(122): Illuminate\\Console\\Application->run(Object(Symfony\\Component\\Console\\Input\\ArgvInput), Object(Symfony\\Component\\Console\\Output\\ConsoleOutput))
#26 C:\\Users\\Marden\\Desktop\\Basic\\projetos\\web\\solucao-codigo-fonte\\artisan(37): Illuminate\\Foundation\\Console\\Kernel->handle(Object(Symfony\\Component\\Console\\Input\\ArgvInput), Object(Symfony\\Component\\Console\\Output\\ConsoleOutput))
#27 {main}
"} 
[2018-12-11 14:27:35] local.ERROR: SQLSTATE[42S01]: Base table or view already exists: 1050 Table 'users' already exists (SQL: create table `users` (`id` int unsigned not null auto_increment primary key, `name` varchar(191) not null, `email` varchar(191) not null, `email_verified_at` timestamp null, `password` varchar(191) not null, `cpf` varchar(191) null, `category` int not null default '0', `situacao` varchar(191) not null default '0', `activated` tinyint(1) null, `token` longtext null, `deleted_at` timestamp null, `remember_token` varchar(100) null, `created_at` timestamp null, `updated_at` timestamp null) default character set utf8mb4 collate 'utf8mb4_unicode_ci') {"exception":"[object] (Illuminate\\Database\\QueryException(code: 42S01): SQLSTATE[42S01]: Base table or view already exists: 1050 Table 'users' already exists (SQL: create table `users` (`id` int unsigned not null auto_increment primary key, `name` varchar(191) not null, `email` varchar(191) not null, `email_verified_at` timestamp null, `password` varchar(191) not null, `cpf` varchar(191) null, `category` int not null default '0', `situacao` varchar(191) not null default '0', `activated` tinyint(1) null, `token` longtext null, `deleted_at` timestamp null, `remember_token` varchar(100) null, `created_at` timestamp null, `updated_at` timestamp null) default character set utf8mb4 collate 'utf8mb4_unicode_ci') at C:\\Users\\Marden\\Desktop\\Basic\\projetos\\web\\solucao-codigo-fonte\\vendor\\laravel\\framework\\src\\Illuminate\\Database\\Connection.php:664, PDOException(code: 42S01): SQLSTATE[42S01]: Base table or view already exists: 1050 Table 'users' already exists at C:\\Users\\Marden\\Desktop\\Basic\\projetos\\web\\solucao-codigo-fonte\\vendor\\laravel\\framework\\src\\Illuminate\\Database\\Connection.php:458)
[stacktrace]
#0 C:\\Users\\Marden\\Desktop\\Basic\\projetos\\web\\solucao-codigo-fonte\\vendor\\laravel\\framework\\src\\Illuminate\\Database\\Connection.php(624): Illuminate\\Database\\Connection->runQueryCallback('create table `u...', Array, Object(Closure))
#1 C:\\Users\\Marden\\Desktop\\Basic\\projetos\\web\\solucao-codigo-fonte\\vendor\\laravel\\framework\\src\\Illuminate\\Database\\Connection.php(459): Illuminate\\Database\\Connection->run('create table `u...', Array, Object(Closure))
#2 C:\\Users\\Marden\\Desktop\\Basic\\projetos\\web\\solucao-codigo-fonte\\vendor\\laravel\\framework\\src\\Illuminate\\Database\\Schema\\Blueprint.php(97): Illuminate\\Database\\Connection->statement('create table `u...')
#3 C:\\Users\\Marden\\Desktop\\Basic\\projetos\\web\\solucao-codigo-fonte\\vendor\\laravel\\framework\\src\\Illuminate\\Database\\Schema\\Builder.php(264): Illuminate\\Database\\Schema\\Blueprint->build(Object(Illuminate\\Database\\MySqlConnection), Object(Illuminate\\Database\\Schema\\Grammars\\MySqlGrammar))
#4 C:\\Users\\Marden\\Desktop\\Basic\\projetos\\web\\solucao-codigo-fonte\\vendor\\laravel\\framework\\src\\Illuminate\\Database\\Schema\\Builder.php(165): Illuminate\\Database\\Schema\\Builder->build(Object(Illuminate\\Database\\Schema\\Blueprint))
#5 C:\\Users\\Marden\\Desktop\\Basic\\projetos\\web\\solucao-codigo-fonte\\vendor\\laravel\\framework\\src\\Illuminate\\Support\\Facades\\Facade.php(223): Illuminate\\Database\\Schema\\Builder->create('users', Object(Closure))
#6 C:\\Users\\Marden\\Desktop\\Basic\\projetos\\web\\solucao-codigo-fonte\\database\\migrations\\2014_10_12_000000_create_users_table.php(30): Illuminate\\Support\\Facades\\Facade::__callStatic('create', Array)
#7 C:\\Users\\Marden\\Desktop\\Basic\\projetos\\web\\solucao-codigo-fonte\\vendor\\laravel\\framework\\src\\Illuminate\\Database\\Migrations\\Migrator.php(360): CreateUsersTable->up()
#8 C:\\Users\\Marden\\Desktop\\Basic\\projetos\\web\\solucao-codigo-fonte\\vendor\\laravel\\framework\\src\\Illuminate\\Database\\Migrations\\Migrator.php(367): Illuminate\\Database\\Migrations\\Migrator->Illuminate\\Database\\Migrations\\{closure}()
#9 C:\\Users\\Marden\\Desktop\\Basic\\projetos\\web\\solucao-codigo-fonte\\vendor\\laravel\\framework\\src\\Illuminate\\Database\\Migrations\\Migrator.php(178): Illuminate\\Database\\Migrations\\Migrator->runMigration(Object(CreateUsersTable), 'up')
#10 C:\\Users\\Marden\\Desktop\\Basic\\projetos\\web\\solucao-codigo-fonte\\vendor\\laravel\\framework\\src\\Illuminate\\Database\\Migrations\\Migrator.php(147): Illuminate\\Database\\Migrations\\Migrator->runUp('C:\\\\Users\\\\Marden...', 1, false)
#11 C:\\Users\\Marden\\Desktop\\Basic\\projetos\\web\\solucao-codigo-fonte\\vendor\\laravel\\framework\\src\\Illuminate\\Database\\Migrations\\Migrator.php(96): Illuminate\\Database\\Migrations\\Migrator->runPending(Array, Array)
#12 C:\\Users\\Marden\\Desktop\\Basic\\projetos\\web\\solucao-codigo-fonte\\vendor\\laravel\\framework\\src\\Illuminate\\Database\\Console\\Migrations\\MigrateCommand.php(71): Illuminate\\Database\\Migrations\\Migrator->run(Array, Array)
#13 [internal function]: Illuminate\\Database\\Console\\Migrations\\MigrateCommand->handle()
#14 C:\\Users\\Marden\\Desktop\\Basic\\projetos\\web\\solucao-codigo-fonte\\vendor\\laravel\\framework\\src\\Illuminate\\Container\\BoundMethod.php(29): call_user_func_array(Array, Array)
#15 C:\\Users\\Marden\\Desktop\\Basic\\projetos\\web\\solucao-codigo-fonte\\vendor\\laravel\\framework\\src\\Illuminate\\Container\\BoundMethod.php(87): Illuminate\\Container\\BoundMethod::Illuminate\\Container\\{closure}()
#16 C:\\Users\\Marden\\Desktop\\Basic\\projetos\\web\\solucao-codigo-fonte\\vendor\\laravel\\framework\\src\\Illuminate\\Container\\BoundMethod.php(31): Illuminate\\Container\\BoundMethod::callBoundMethod(Object(Illuminate\\Foundation\\Application), Array, Object(Closure))
#17 C:\\Users\\Marden\\Desktop\\Basic\\projetos\\web\\solucao-codigo-fonte\\vendor\\laravel\\framework\\src\\Illuminate\\Container\\Container.php(572): Illuminate\\Container\\BoundMethod::call(Object(Illuminate\\Foundation\\Application), Array, Array, NULL)
#18 C:\\Users\\Marden\\Desktop\\Basic\\projetos\\web\\solucao-codigo-fonte\\vendor\\laravel\\framework\\src\\Illuminate\\Console\\Command.php(183): Illuminate\\Container\\Container->call(Array)
#19 C:\\Users\\Marden\\Desktop\\Basic\\projetos\\web\\solucao-codigo-fonte\\vendor\\symfony\\console\\Command\\Command.php(255): Illuminate\\Console\\Command->execute(Object(Symfony\\Component\\Console\\Input\\ArrayInput), Object(Illuminate\\Console\\OutputStyle))
#20 C:\\Users\\Marden\\Desktop\\Basic\\projetos\\web\\solucao-codigo-fonte\\vendor\\laravel\\framework\\src\\Illuminate\\Console\\Command.php(170): Symfony\\Component\\Console\\Command\\Command->run(Object(Symfony\\Component\\Console\\Input\\ArrayInput), Object(Illuminate\\Console\\OutputStyle))
#21 C:\\Users\\Marden\\Desktop\\Basic\\projetos\\web\\solucao-codigo-fonte\\vendor\\laravel\\framework\\src\\Illuminate\\Console\\Command.php(198): Illuminate\\Console\\Command->run(Object(Symfony\\Component\\Console\\Input\\ArrayInput), Object(Illuminate\\Console\\OutputStyle))
#22 C:\\Users\\Marden\\Desktop\\Basic\\projetos\\web\\solucao-codigo-fonte\\vendor\\laravel\\framework\\src\\Illuminate\\Database\\Console\\Migrations\\RefreshCommand.php(65): Illuminate\\Console\\Command->call('migrate', Array)
#23 [internal function]: Illuminate\\Database\\Console\\Migrations\\RefreshCommand->handle()
#24 C:\\Users\\Marden\\Desktop\\Basic\\projetos\\web\\solucao-codigo-fonte\\vendor\\laravel\\framework\\src\\Illuminate\\Container\\BoundMethod.php(29): call_user_func_array(Array, Array)
#25 C:\\Users\\Marden\\Desktop\\Basic\\projetos\\web\\solucao-codigo-fonte\\vendor\\laravel\\framework\\src\\Illuminate\\Container\\BoundMethod.php(87): Illuminate\\Container\\BoundMethod::Illuminate\\Container\\{closure}()
#26 C:\\Users\\Marden\\Desktop\\Basic\\projetos\\web\\solucao-codigo-fonte\\vendor\\laravel\\framework\\src\\Illuminate\\Container\\BoundMethod.php(31): Illuminate\\Container\\BoundMethod::callBoundMethod(Object(Illuminate\\Foundation\\Application), Array, Object(Closure))
#27 C:\\Users\\Marden\\Desktop\\Basic\\projetos\\web\\solucao-codigo-fonte\\vendor\\laravel\\framework\\src\\Illuminate\\Container\\Container.php(572): Illuminate\\Container\\BoundMethod::call(Object(Illuminate\\Foundation\\Application), Array, Array, NULL)
#28 C:\\Users\\Marden\\Desktop\\Basic\\projetos\\web\\solucao-codigo-fonte\\vendor\\laravel\\framework\\src\\Illuminate\\Console\\Command.php(183): Illuminate\\Container\\Container->call(Array)
#29 C:\\Users\\Marden\\Desktop\\Basic\\projetos\\web\\solucao-codigo-fonte\\vendor\\symfony\\console\\Command\\Command.php(255): Illuminate\\Console\\Command->execute(Object(Symfony\\Component\\Console\\Input\\ArgvInput), Object(Illuminate\\Console\\OutputStyle))
#30 C:\\Users\\Marden\\Desktop\\Basic\\projetos\\web\\solucao-codigo-fonte\\vendor\\laravel\\framework\\src\\Illuminate\\Console\\Command.php(170): Symfony\\Component\\Console\\Command\\Command->run(Object(Symfony\\Component\\Console\\Input\\ArgvInput), Object(Illuminate\\Console\\OutputStyle))
#31 C:\\Users\\Marden\\Desktop\\Basic\\projetos\\web\\solucao-codigo-fonte\\vendor\\symfony\\console\\Application.php(893): Illuminate\\Console\\Command->run(Object(Symfony\\Component\\Console\\Input\\ArgvInput), Object(Symfony\\Component\\Console\\Output\\ConsoleOutput))
#32 C:\\Users\\Marden\\Desktop\\Basic\\projetos\\web\\solucao-codigo-fonte\\vendor\\symfony\\console\\Application.php(262): Symfony\\Component\\Console\\Application->doRunCommand(Object(Illuminate\\Database\\Console\\Migrations\\RefreshCommand), Object(Symfony\\Component\\Console\\Input\\ArgvInput), Object(Symfony\\Component\\Console\\Output\\ConsoleOutput))
#33 C:\\Users\\Marden\\Desktop\\Basic\\projetos\\web\\solucao-codigo-fonte\\vendor\\symfony\\console\\Application.php(145): Symfony\\Component\\Console\\Application->doRun(Object(Symfony\\Component\\Console\\Input\\ArgvInput), Object(Symfony\\Component\\Console\\Output\\ConsoleOutput))
#34 C:\\Users\\Marden\\Desktop\\Basic\\projetos\\web\\solucao-codigo-fonte\\vendor\\laravel\\framework\\src\\Illuminate\\Console\\Application.php(89): Symfony\\Component\\Console\\Application->run(Object(Symfony\\Component\\Console\\Input\\ArgvInput), Object(Symfony\\Component\\Console\\Output\\ConsoleOutput))
#35 C:\\Users\\Marden\\Desktop\\Basic\\projetos\\web\\solucao-codigo-fonte\\vendor\\laravel\\framework\\src\\Illuminate\\Foundation\\Console\\Kernel.php(122): Illuminate\\Console\\Application->run(Object(Symfony\\Component\\Console\\Input\\ArgvInput), Object(Symfony\\Component\\Console\\Output\\ConsoleOutput))
#36 C:\\Users\\Marden\\Desktop\\Basic\\projetos\\web\\solucao-codigo-fonte\\artisan(37): Illuminate\\Foundation\\Console\\Kernel->handle(Object(Symfony\\Component\\Console\\Input\\ArgvInput), Object(Symfony\\Component\\Console\\Output\\ConsoleOutput))
#37 {main}
"} 
[2018-12-11 14:51:55] local.ERROR: Allowed memory size of 134217728 bytes exhausted (tried to allocate 6295552 bytes) {"userId":1,"email":"mardenmc22@gmail.com","exception":"[object] (Symfony\\Component\\Debug\\Exception\\FatalErrorException(code: 1): Allowed memory size of 134217728 bytes exhausted (tried to allocate 6295552 bytes) at C:\\Users\\Marden\\Desktop\\Basic\\projetos\\web\\solucao-codigo-fonte\\vendor\\laravel\\framework\\src\\Illuminate\\Support\\Collection.php:1834)
[stacktrace]
#0 {main}
"} 
