[2018-12-26 12:30:13] local.ERROR: Method Illuminate\Http\Response::json does not exist. {"userId":1,"email":"mardenmc22@gmail.com","exception":"[object] (BadMethodCallException(code: 0): Method Illuminate\\Http\\Response::json does not exist. at C:\\Users\\Marden\\Desktop\\Basic\\projetos\\web\\solucao-codigo-fonte\\vendor\\laravel\\framework\\src\\Illuminate\\Support\\Traits\\Macroable.php:76)
[stacktrace]
#0 C:\\Users\\Marden\\Desktop\\Basic\\projetos\\web\\solucao-codigo-fonte\\app\\Http\\Controllers\\Admin\\Api\\ApiController.php(32): Illuminate\\Http\\Response::__callStatic('json', Array)
#1 [internal function]: App\\Http\\Controllers\\Admin\\Api\\ApiController->partners(Object(Illuminate\\Http\\Request))
#2 C:\\Users\\Marden\\Desktop\\Basic\\projetos\\web\\solucao-codigo-fonte\\vendor\\laravel\\framework\\src\\Illuminate\\Routing\\Controller.php(54): call_user_func_array(Array, Array)
#3 C:\\Users\\Marden\\Desktop\\Basic\\projetos\\web\\solucao-codigo-fonte\\vendor\\laravel\\framework\\src\\Illuminate\\Routing\\ControllerDispatcher.php(45): Illuminate\\Routing\\Controller->callAction('partners', Array)
#4 C:\\Users\\Marden\\Desktop\\Basic\\projetos\\web\\solucao-codigo-fonte\\vendor\\laravel\\framework\\src\\Illuminate\\Routing\\Route.php(212): Illuminate\\Routing\\ControllerDispatcher->dispatch(Object(Illuminate\\Routing\\Route), Object(App\\Http\\Controllers\\Admin\\Api\\ApiController), 'partners')
#5 C:\\Users\\Marden\\Desktop\\Basic\\projetos\\web\\solucao-codigo-fonte\\vendor\\laravel\\framework\\src\\Illuminate\\Routing\\Route.php(169): Illuminate\\Routing\\Route->runController()
#6 C:\\Users\\Marden\\Desktop\\Basic\\projetos\\web\\solucao-codigo-fonte\\vendor\\laravel\\framework\\src\\Illuminate\\Routing\\Router.php(682): Illuminate\\Routing\\Route->run()
#7 C:\\Users\\Marden\\Desktop\\Basic\\projetos\\web\\solucao-codigo-fonte\\vendor\\laravel\\framework\\src\\Illuminate\\Routing\\Pipeline.php(30): Illuminate\\Routing\\Router->Illuminate\\Routing\\{closure}(Object(Illuminate\\Http\\Request))
#8 C:\\Users\\Marden\\Desktop\\Basic\\projetos\\web\\solucao-codigo-fonte\\vendor\\laravel\\framework\\src\\Illuminate\\Routing\\Middleware\\SubstituteBindings.php(41): Illuminate\\Routing\\Pipeline->Illuminate\\Routing\\{closure}(Object(Illuminate\\Http\\Request))
#9 C:\\Users\\Marden\\Desktop\\Basic\\projetos\\web\\solucao-codigo-fonte\\vendor\\laravel\\framework\\src\\Illuminate\\Pipeline\\Pipeline.php(151): Illuminate\\Routing\\Middleware\\SubstituteBindings->handle(Object(Illuminate\\Http\\Request), Object(Closure))
#10 C:\\Users\\Marden\\Desktop\\Basic\\projetos\\web\\solucao-codigo-fonte\\vendor\\laravel\\framework\\src\\Illuminate\\Routing\\Pipeline.php(53): Illuminate\\Pipeline\\Pipeline->Illuminate\\Pipeline\\{closure}(Object(Illuminate\\Http\\Request))
#11 C:\\Users\\Marden\\Desktop\\Basic\\projetos\\web\\solucao-codigo-fonte\\vendor\\laravel\\framework\\src\\Illuminate\\Auth\\Middleware\\Authenticate.php(43): Illuminate\\Routing\\Pipeline->Illuminate\\Routing\\{closure}(Object(Illuminate\\Http\\Request))
#12 C:\\Users\\Marden\\Desktop\\Basic\\projetos\\web\\solucao-codigo-fonte\\vendor\\laravel\\framework\\src\\Illuminate\\Pipeline\\Pipeline.php(151): Illuminate\\Auth\\Middleware\\Authenticate->handle(Object(Illuminate\\Http\\Request), Object(Closure), 'api')
#13 C:\\Users\\Marden\\Desktop\\Basic\\projetos\\web\\solucao-codigo-fonte\\vendor\\laravel\\framework\\src\\Illuminate\\Routing\\Pipeline.php(53): Illuminate\\Pipeline\\Pipeline->Illuminate\\Pipeline\\{closure}(Object(Illuminate\\Http\\Request))
#14 C:\\Users\\Marden\\Desktop\\Basic\\projetos\\web\\solucao-codigo-fonte\\vendor\\laravel\\framework\\src\\Illuminate\\Routing\\Middleware\\ThrottleRequests.php(58): Illuminate\\Routing\\Pipeline->Illuminate\\Routing\\{closure}(Object(Illuminate\\Http\\Request))
#15 C:\\Users\\Marden\\Desktop\\Basic\\projetos\\web\\solucao-codigo-fonte\\vendor\\laravel\\framework\\src\\Illuminate\\Pipeline\\Pipeline.php(151): Illuminate\\Routing\\Middleware\\ThrottleRequests->handle(Object(Illuminate\\Http\\Request), Object(Closure), 60, '1')
#16 C:\\Users\\Marden\\Desktop\\Basic\\projetos\\web\\solucao-codigo-fonte\\vendor\\laravel\\framework\\src\\Illuminate\\Routing\\Pipeline.php(53): Illuminate\\Pipeline\\Pipeline->Illuminate\\Pipeline\\{closure}(Object(Illuminate\\Http\\Request))
#17 C:\\Users\\Marden\\Desktop\\Basic\\projetos\\web\\solucao-codigo-fonte\\vendor\\laravel\\framework\\src\\Illuminate\\Pipeline\\Pipeline.php(104): Illuminate\\Routing\\Pipeline->Illuminate\\Routing\\{closure}(Object(Illuminate\\Http\\Request))
#18 C:\\Users\\Marden\\Desktop\\Basic\\projetos\\web\\solucao-codigo-fonte\\vendor\\laravel\\framework\\src\\Illuminate\\Routing\\Router.php(684): Illuminate\\Pipeline\\Pipeline->then(Object(Closure))
#19 C:\\Users\\Marden\\Desktop\\Basic\\projetos\\web\\solucao-codigo-fonte\\vendor\\laravel\\framework\\src\\Illuminate\\Routing\\Router.php(659): Illuminate\\Routing\\Router->runRouteWithinStack(Object(Illuminate\\Routing\\Route), Object(Illuminate\\Http\\Request))
#20 C:\\Users\\Marden\\Desktop\\Basic\\projetos\\web\\solucao-codigo-fonte\\vendor\\laravel\\framework\\src\\Illuminate\\Routing\\Router.php(625): Illuminate\\Routing\\Router->runRoute(Object(Illuminate\\Http\\Request), Object(Illuminate\\Routing\\Route))
#21 C:\\Users\\Marden\\Desktop\\Basic\\projetos\\web\\solucao-codigo-fonte\\vendor\\laravel\\framework\\src\\Illuminate\\Routing\\Router.php(614): Illuminate\\Routing\\Router->dispatchToRoute(Object(Illuminate\\Http\\Request))
#22 C:\\Users\\Marden\\Desktop\\Basic\\projetos\\web\\solucao-codigo-fonte\\vendor\\laravel\\framework\\src\\Illuminate\\Foundation\\Http\\Kernel.php(176): Illuminate\\Routing\\Router->dispatch(Object(Illuminate\\Http\\Request))
#23 C:\\Users\\Marden\\Desktop\\Basic\\projetos\\web\\solucao-codigo-fonte\\vendor\\laravel\\framework\\src\\Illuminate\\Routing\\Pipeline.php(30): Illuminate\\Foundation\\Http\\Kernel->Illuminate\\Foundation\\Http\\{closure}(Object(Illuminate\\Http\\Request))
#24 C:\\Users\\Marden\\Desktop\\Basic\\projetos\\web\\solucao-codigo-fonte\\vendor\\barryvdh\\laravel-debugbar\\src\\Middleware\\InjectDebugbar.php(65): Illuminate\\Routing\\Pipeline->Illuminate\\Routing\\{closure}(Object(Illuminate\\Http\\Request))
#25 C:\\Users\\Marden\\Desktop\\Basic\\projetos\\web\\solucao-codigo-fonte\\vendor\\laravel\\framework\\src\\Illuminate\\Pipeline\\Pipeline.php(151): Barryvdh\\Debugbar\\Middleware\\InjectDebugbar->handle(Object(Illuminate\\Http\\Request), Object(Closure))
#26 C:\\Users\\Marden\\Desktop\\Basic\\projetos\\web\\solucao-codigo-fonte\\vendor\\laravel\\framework\\src\\Illuminate\\Routing\\Pipeline.php(53): Illuminate\\Pipeline\\Pipeline->Illuminate\\Pipeline\\{closure}(Object(Illuminate\\Http\\Request))
#27 C:\\Users\\Marden\\Desktop\\Basic\\projetos\\web\\solucao-codigo-fonte\\vendor\\fideloper\\proxy\\src\\TrustProxies.php(57): Illuminate\\Routing\\Pipeline->Illuminate\\Routing\\{closure}(Object(Illuminate\\Http\\Request))
#28 C:\\Users\\Marden\\Desktop\\Basic\\projetos\\web\\solucao-codigo-fonte\\vendor\\laravel\\framework\\src\\Illuminate\\Pipeline\\Pipeline.php(151): Fideloper\\Proxy\\TrustProxies->handle(Object(Illuminate\\Http\\Request), Object(Closure))
#29 C:\\Users\\Marden\\Desktop\\Basic\\projetos\\web\\solucao-codigo-fonte\\vendor\\laravel\\framework\\src\\Illuminate\\Routing\\Pipeline.php(53): Illuminate\\Pipeline\\Pipeline->Illuminate\\Pipeline\\{closure}(Object(Illuminate\\Http\\Request))
#30 C:\\Users\\Marden\\Desktop\\Basic\\projetos\\web\\solucao-codigo-fonte\\vendor\\laravel\\framework\\src\\Illuminate\\Foundation\\Http\\Middleware\\TransformsRequest.php(31): Illuminate\\Routing\\Pipeline->Illuminate\\Routing\\{closure}(Object(Illuminate\\Http\\Request))
#31 C:\\Users\\Marden\\Desktop\\Basic\\projetos\\web\\solucao-codigo-fonte\\vendor\\laravel\\framework\\src\\Illuminate\\Pipeline\\Pipeline.php(151): Illuminate\\Foundation\\Http\\Middleware\\TransformsRequest->handle(Object(Illuminate\\Http\\Request), Object(Closure))
#32 C:\\Users\\Marden\\Desktop\\Basic\\projetos\\web\\solucao-codigo-fonte\\vendor\\laravel\\framework\\src\\Illuminate\\Routing\\Pipeline.php(53): Illuminate\\Pipeline\\Pipeline->Illuminate\\Pipeline\\{closure}(Object(Illuminate\\Http\\Request))
#33 C:\\Users\\Marden\\Desktop\\Basic\\projetos\\web\\solucao-codigo-fonte\\vendor\\laravel\\framework\\src\\Illuminate\\Foundation\\Http\\Middleware\\TransformsRequest.php(31): Illuminate\\Routing\\Pipeline->Illuminate\\Routing\\{closure}(Object(Illuminate\\Http\\Request))
#34 C:\\Users\\Marden\\Desktop\\Basic\\projetos\\web\\solucao-codigo-fonte\\vendor\\laravel\\framework\\src\\Illuminate\\Pipeline\\Pipeline.php(151): Illuminate\\Foundation\\Http\\Middleware\\TransformsRequest->handle(Object(Illuminate\\Http\\Request), Object(Closure))
#35 C:\\Users\\Marden\\Desktop\\Basic\\projetos\\web\\solucao-codigo-fonte\\vendor\\laravel\\framework\\src\\Illuminate\\Routing\\Pipeline.php(53): Illuminate\\Pipeline\\Pipeline->Illuminate\\Pipeline\\{closure}(Object(Illuminate\\Http\\Request))
#36 C:\\Users\\Marden\\Desktop\\Basic\\projetos\\web\\solucao-codigo-fonte\\vendor\\laravel\\framework\\src\\Illuminate\\Foundation\\Http\\Middleware\\ValidatePostSize.php(27): Illuminate\\Routing\\Pipeline->Illuminate\\Routing\\{closure}(Object(Illuminate\\Http\\Request))
#37 C:\\Users\\Marden\\Desktop\\Basic\\projetos\\web\\solucao-codigo-fonte\\vendor\\laravel\\framework\\src\\Illuminate\\Pipeline\\Pipeline.php(151): Illuminate\\Foundation\\Http\\Middleware\\ValidatePostSize->handle(Object(Illuminate\\Http\\Request), Object(Closure))
#38 C:\\Users\\Marden\\Desktop\\Basic\\projetos\\web\\solucao-codigo-fonte\\vendor\\laravel\\framework\\src\\Illuminate\\Routing\\Pipeline.php(53): Illuminate\\Pipeline\\Pipeline->Illuminate\\Pipeline\\{closure}(Object(Illuminate\\Http\\Request))
#39 C:\\Users\\Marden\\Desktop\\Basic\\projetos\\web\\solucao-codigo-fonte\\vendor\\laravel\\framework\\src\\Illuminate\\Foundation\\Http\\Middleware\\CheckForMaintenanceMode.php(62): Illuminate\\Routing\\Pipeline->Illuminate\\Routing\\{closure}(Object(Illuminate\\Http\\Request))
#40 C:\\Users\\Marden\\Desktop\\Basic\\projetos\\web\\solucao-codigo-fonte\\vendor\\laravel\\framework\\src\\Illuminate\\Pipeline\\Pipeline.php(151): Illuminate\\Foundation\\Http\\Middleware\\CheckForMaintenanceMode->handle(Object(Illuminate\\Http\\Request), Object(Closure))
#41 C:\\Users\\Marden\\Desktop\\Basic\\projetos\\web\\solucao-codigo-fonte\\vendor\\laravel\\framework\\src\\Illuminate\\Routing\\Pipeline.php(53): Illuminate\\Pipeline\\Pipeline->Illuminate\\Pipeline\\{closure}(Object(Illuminate\\Http\\Request))
#42 C:\\Users\\Marden\\Desktop\\Basic\\projetos\\web\\solucao-codigo-fonte\\vendor\\laravel\\framework\\src\\Illuminate\\Pipeline\\Pipeline.php(104): Illuminate\\Routing\\Pipeline->Illuminate\\Routing\\{closure}(Object(Illuminate\\Http\\Request))
#43 C:\\Users\\Marden\\Desktop\\Basic\\projetos\\web\\solucao-codigo-fonte\\vendor\\laravel\\framework\\src\\Illuminate\\Foundation\\Http\\Kernel.php(151): Illuminate\\Pipeline\\Pipeline->then(Object(Closure))
#44 C:\\Users\\Marden\\Desktop\\Basic\\projetos\\web\\solucao-codigo-fonte\\vendor\\laravel\\framework\\src\\Illuminate\\Foundation\\Http\\Kernel.php(116): Illuminate\\Foundation\\Http\\Kernel->sendRequestThroughRouter(Object(Illuminate\\Http\\Request))
#45 C:\\Users\\Marden\\Desktop\\Basic\\projetos\\web\\solucao-codigo-fonte\\public\\index.php(55): Illuminate\\Foundation\\Http\\Kernel->handle(Object(Illuminate\\Http\\Request))
#46 C:\\Users\\Marden\\Desktop\\Basic\\projetos\\web\\solucao-codigo-fonte\\server.php(21): require_once('C:\\\\Users\\\\Marden...')
#47 {main}
"} 
[2018-12-26 12:30:55] local.ERROR: Method Illuminate\Http\Response::json does not exist. {"userId":1,"email":"mardenmc22@gmail.com","exception":"[object] (BadMethodCallException(code: 0): Method Illuminate\\Http\\Response::json does not exist. at C:\\Users\\Marden\\Desktop\\Basic\\projetos\\web\\solucao-codigo-fonte\\vendor\\laravel\\framework\\src\\Illuminate\\Support\\Traits\\Macroable.php:76)
[stacktrace]
#0 C:\\Users\\Marden\\Desktop\\Basic\\projetos\\web\\solucao-codigo-fonte\\app\\Http\\Controllers\\Admin\\Api\\ApiController.php(32): Illuminate\\Http\\Response::__callStatic('json', Array)
#1 [internal function]: App\\Http\\Controllers\\Admin\\Api\\ApiController->partners(Object(Illuminate\\Http\\Request))
#2 C:\\Users\\Marden\\Desktop\\Basic\\projetos\\web\\solucao-codigo-fonte\\vendor\\laravel\\framework\\src\\Illuminate\\Routing\\Controller.php(54): call_user_func_array(Array, Array)
#3 C:\\Users\\Marden\\Desktop\\Basic\\projetos\\web\\solucao-codigo-fonte\\vendor\\laravel\\framework\\src\\Illuminate\\Routing\\ControllerDispatcher.php(45): Illuminate\\Routing\\Controller->callAction('partners', Array)
#4 C:\\Users\\Marden\\Desktop\\Basic\\projetos\\web\\solucao-codigo-fonte\\vendor\\laravel\\framework\\src\\Illuminate\\Routing\\Route.php(212): Illuminate\\Routing\\ControllerDispatcher->dispatch(Object(Illuminate\\Routing\\Route), Object(App\\Http\\Controllers\\Admin\\Api\\ApiController), 'partners')
#5 C:\\Users\\Marden\\Desktop\\Basic\\projetos\\web\\solucao-codigo-fonte\\vendor\\laravel\\framework\\src\\Illuminate\\Routing\\Route.php(169): Illuminate\\Routing\\Route->runController()
#6 C:\\Users\\Marden\\Desktop\\Basic\\projetos\\web\\solucao-codigo-fonte\\vendor\\laravel\\framework\\src\\Illuminate\\Routing\\Router.php(682): Illuminate\\Routing\\Route->run()
#7 C:\\Users\\Marden\\Desktop\\Basic\\projetos\\web\\solucao-codigo-fonte\\vendor\\laravel\\framework\\src\\Illuminate\\Routing\\Pipeline.php(30): Illuminate\\Routing\\Router->Illuminate\\Routing\\{closure}(Object(Illuminate\\Http\\Request))
#8 C:\\Users\\Marden\\Desktop\\Basic\\projetos\\web\\solucao-codigo-fonte\\vendor\\laravel\\framework\\src\\Illuminate\\Routing\\Middleware\\SubstituteBindings.php(41): Illuminate\\Routing\\Pipeline->Illuminate\\Routing\\{closure}(Object(Illuminate\\Http\\Request))
#9 C:\\Users\\Marden\\Desktop\\Basic\\projetos\\web\\solucao-codigo-fonte\\vendor\\laravel\\framework\\src\\Illuminate\\Pipeline\\Pipeline.php(151): Illuminate\\Routing\\Middleware\\SubstituteBindings->handle(Object(Illuminate\\Http\\Request), Object(Closure))
#10 C:\\Users\\Marden\\Desktop\\Basic\\projetos\\web\\solucao-codigo-fonte\\vendor\\laravel\\framework\\src\\Illuminate\\Routing\\Pipeline.php(53): Illuminate\\Pipeline\\Pipeline->Illuminate\\Pipeline\\{closure}(Object(Illuminate\\Http\\Request))
#11 C:\\Users\\Marden\\Desktop\\Basic\\projetos\\web\\solucao-codigo-fonte\\vendor\\laravel\\framework\\src\\Illuminate\\Auth\\Middleware\\Authenticate.php(43): Illuminate\\Routing\\Pipeline->Illuminate\\Routing\\{closure}(Object(Illuminate\\Http\\Request))
#12 C:\\Users\\Marden\\Desktop\\Basic\\projetos\\web\\solucao-codigo-fonte\\vendor\\laravel\\framework\\src\\Illuminate\\Pipeline\\Pipeline.php(151): Illuminate\\Auth\\Middleware\\Authenticate->handle(Object(Illuminate\\Http\\Request), Object(Closure), 'api')
#13 C:\\Users\\Marden\\Desktop\\Basic\\projetos\\web\\solucao-codigo-fonte\\vendor\\laravel\\framework\\src\\Illuminate\\Routing\\Pipeline.php(53): Illuminate\\Pipeline\\Pipeline->Illuminate\\Pipeline\\{closure}(Object(Illuminate\\Http\\Request))
#14 C:\\Users\\Marden\\Desktop\\Basic\\projetos\\web\\solucao-codigo-fonte\\vendor\\laravel\\framework\\src\\Illuminate\\Routing\\Middleware\\ThrottleRequests.php(58): Illuminate\\Routing\\Pipeline->Illuminate\\Routing\\{closure}(Object(Illuminate\\Http\\Request))
#15 C:\\Users\\Marden\\Desktop\\Basic\\projetos\\web\\solucao-codigo-fonte\\vendor\\laravel\\framework\\src\\Illuminate\\Pipeline\\Pipeline.php(151): Illuminate\\Routing\\Middleware\\ThrottleRequests->handle(Object(Illuminate\\Http\\Request), Object(Closure), 60, '1')
#16 C:\\Users\\Marden\\Desktop\\Basic\\projetos\\web\\solucao-codigo-fonte\\vendor\\laravel\\framework\\src\\Illuminate\\Routing\\Pipeline.php(53): Illuminate\\Pipeline\\Pipeline->Illuminate\\Pipeline\\{closure}(Object(Illuminate\\Http\\Request))
#17 C:\\Users\\Marden\\Desktop\\Basic\\projetos\\web\\solucao-codigo-fonte\\vendor\\laravel\\framework\\src\\Illuminate\\Pipeline\\Pipeline.php(104): Illuminate\\Routing\\Pipeline->Illuminate\\Routing\\{closure}(Object(Illuminate\\Http\\Request))
#18 C:\\Users\\Marden\\Desktop\\Basic\\projetos\\web\\solucao-codigo-fonte\\vendor\\laravel\\framework\\src\\Illuminate\\Routing\\Router.php(684): Illuminate\\Pipeline\\Pipeline->then(Object(Closure))
#19 C:\\Users\\Marden\\Desktop\\Basic\\projetos\\web\\solucao-codigo-fonte\\vendor\\laravel\\framework\\src\\Illuminate\\Routing\\Router.php(659): Illuminate\\Routing\\Router->runRouteWithinStack(Object(Illuminate\\Routing\\Route), Object(Illuminate\\Http\\Request))
#20 C:\\Users\\Marden\\Desktop\\Basic\\projetos\\web\\solucao-codigo-fonte\\vendor\\laravel\\framework\\src\\Illuminate\\Routing\\Router.php(625): Illuminate\\Routing\\Router->runRoute(Object(Illuminate\\Http\\Request), Object(Illuminate\\Routing\\Route))
#21 C:\\Users\\Marden\\Desktop\\Basic\\projetos\\web\\solucao-codigo-fonte\\vendor\\laravel\\framework\\src\\Illuminate\\Routing\\Router.php(614): Illuminate\\Routing\\Router->dispatchToRoute(Object(Illuminate\\Http\\Request))
#22 C:\\Users\\Marden\\Desktop\\Basic\\projetos\\web\\solucao-codigo-fonte\\vendor\\laravel\\framework\\src\\Illuminate\\Foundation\\Http\\Kernel.php(176): Illuminate\\Routing\\Router->dispatch(Object(Illuminate\\Http\\Request))
#23 C:\\Users\\Marden\\Desktop\\Basic\\projetos\\web\\solucao-codigo-fonte\\vendor\\laravel\\framework\\src\\Illuminate\\Routing\\Pipeline.php(30): Illuminate\\Foundation\\Http\\Kernel->Illuminate\\Foundation\\Http\\{closure}(Object(Illuminate\\Http\\Request))
#24 C:\\Users\\Marden\\Desktop\\Basic\\projetos\\web\\solucao-codigo-fonte\\vendor\\barryvdh\\laravel-debugbar\\src\\Middleware\\InjectDebugbar.php(65): Illuminate\\Routing\\Pipeline->Illuminate\\Routing\\{closure}(Object(Illuminate\\Http\\Request))
#25 C:\\Users\\Marden\\Desktop\\Basic\\projetos\\web\\solucao-codigo-fonte\\vendor\\laravel\\framework\\src\\Illuminate\\Pipeline\\Pipeline.php(151): Barryvdh\\Debugbar\\Middleware\\InjectDebugbar->handle(Object(Illuminate\\Http\\Request), Object(Closure))
#26 C:\\Users\\Marden\\Desktop\\Basic\\projetos\\web\\solucao-codigo-fonte\\vendor\\laravel\\framework\\src\\Illuminate\\Routing\\Pipeline.php(53): Illuminate\\Pipeline\\Pipeline->Illuminate\\Pipeline\\{closure}(Object(Illuminate\\Http\\Request))
#27 C:\\Users\\Marden\\Desktop\\Basic\\projetos\\web\\solucao-codigo-fonte\\vendor\\fideloper\\proxy\\src\\TrustProxies.php(57): Illuminate\\Routing\\Pipeline->Illuminate\\Routing\\{closure}(Object(Illuminate\\Http\\Request))
#28 C:\\Users\\Marden\\Desktop\\Basic\\projetos\\web\\solucao-codigo-fonte\\vendor\\laravel\\framework\\src\\Illuminate\\Pipeline\\Pipeline.php(151): Fideloper\\Proxy\\TrustProxies->handle(Object(Illuminate\\Http\\Request), Object(Closure))
#29 C:\\Users\\Marden\\Desktop\\Basic\\projetos\\web\\solucao-codigo-fonte\\vendor\\laravel\\framework\\src\\Illuminate\\Routing\\Pipeline.php(53): Illuminate\\Pipeline\\Pipeline->Illuminate\\Pipeline\\{closure}(Object(Illuminate\\Http\\Request))
#30 C:\\Users\\Marden\\Desktop\\Basic\\projetos\\web\\solucao-codigo-fonte\\vendor\\laravel\\framework\\src\\Illuminate\\Foundation\\Http\\Middleware\\TransformsRequest.php(31): Illuminate\\Routing\\Pipeline->Illuminate\\Routing\\{closure}(Object(Illuminate\\Http\\Request))
#31 C:\\Users\\Marden\\Desktop\\Basic\\projetos\\web\\solucao-codigo-fonte\\vendor\\laravel\\framework\\src\\Illuminate\\Pipeline\\Pipeline.php(151): Illuminate\\Foundation\\Http\\Middleware\\TransformsRequest->handle(Object(Illuminate\\Http\\Request), Object(Closure))
#32 C:\\Users\\Marden\\Desktop\\Basic\\projetos\\web\\solucao-codigo-fonte\\vendor\\laravel\\framework\\src\\Illuminate\\Routing\\Pipeline.php(53): Illuminate\\Pipeline\\Pipeline->Illuminate\\Pipeline\\{closure}(Object(Illuminate\\Http\\Request))
#33 C:\\Users\\Marden\\Desktop\\Basic\\projetos\\web\\solucao-codigo-fonte\\vendor\\laravel\\framework\\src\\Illuminate\\Foundation\\Http\\Middleware\\TransformsRequest.php(31): Illuminate\\Routing\\Pipeline->Illuminate\\Routing\\{closure}(Object(Illuminate\\Http\\Request))
#34 C:\\Users\\Marden\\Desktop\\Basic\\projetos\\web\\solucao-codigo-fonte\\vendor\\laravel\\framework\\src\\Illuminate\\Pipeline\\Pipeline.php(151): Illuminate\\Foundation\\Http\\Middleware\\TransformsRequest->handle(Object(Illuminate\\Http\\Request), Object(Closure))
#35 C:\\Users\\Marden\\Desktop\\Basic\\projetos\\web\\solucao-codigo-fonte\\vendor\\laravel\\framework\\src\\Illuminate\\Routing\\Pipeline.php(53): Illuminate\\Pipeline\\Pipeline->Illuminate\\Pipeline\\{closure}(Object(Illuminate\\Http\\Request))
#36 C:\\Users\\Marden\\Desktop\\Basic\\projetos\\web\\solucao-codigo-fonte\\vendor\\laravel\\framework\\src\\Illuminate\\Foundation\\Http\\Middleware\\ValidatePostSize.php(27): Illuminate\\Routing\\Pipeline->Illuminate\\Routing\\{closure}(Object(Illuminate\\Http\\Request))
#37 C:\\Users\\Marden\\Desktop\\Basic\\projetos\\web\\solucao-codigo-fonte\\vendor\\laravel\\framework\\src\\Illuminate\\Pipeline\\Pipeline.php(151): Illuminate\\Foundation\\Http\\Middleware\\ValidatePostSize->handle(Object(Illuminate\\Http\\Request), Object(Closure))
#38 C:\\Users\\Marden\\Desktop\\Basic\\projetos\\web\\solucao-codigo-fonte\\vendor\\laravel\\framework\\src\\Illuminate\\Routing\\Pipeline.php(53): Illuminate\\Pipeline\\Pipeline->Illuminate\\Pipeline\\{closure}(Object(Illuminate\\Http\\Request))
#39 C:\\Users\\Marden\\Desktop\\Basic\\projetos\\web\\solucao-codigo-fonte\\vendor\\laravel\\framework\\src\\Illuminate\\Foundation\\Http\\Middleware\\CheckForMaintenanceMode.php(62): Illuminate\\Routing\\Pipeline->Illuminate\\Routing\\{closure}(Object(Illuminate\\Http\\Request))
#40 C:\\Users\\Marden\\Desktop\\Basic\\projetos\\web\\solucao-codigo-fonte\\vendor\\laravel\\framework\\src\\Illuminate\\Pipeline\\Pipeline.php(151): Illuminate\\Foundation\\Http\\Middleware\\CheckForMaintenanceMode->handle(Object(Illuminate\\Http\\Request), Object(Closure))
#41 C:\\Users\\Marden\\Desktop\\Basic\\projetos\\web\\solucao-codigo-fonte\\vendor\\laravel\\framework\\src\\Illuminate\\Routing\\Pipeline.php(53): Illuminate\\Pipeline\\Pipeline->Illuminate\\Pipeline\\{closure}(Object(Illuminate\\Http\\Request))
#42 C:\\Users\\Marden\\Desktop\\Basic\\projetos\\web\\solucao-codigo-fonte\\vendor\\laravel\\framework\\src\\Illuminate\\Pipeline\\Pipeline.php(104): Illuminate\\Routing\\Pipeline->Illuminate\\Routing\\{closure}(Object(Illuminate\\Http\\Request))
#43 C:\\Users\\Marden\\Desktop\\Basic\\projetos\\web\\solucao-codigo-fonte\\vendor\\laravel\\framework\\src\\Illuminate\\Foundation\\Http\\Kernel.php(151): Illuminate\\Pipeline\\Pipeline->then(Object(Closure))
#44 C:\\Users\\Marden\\Desktop\\Basic\\projetos\\web\\solucao-codigo-fonte\\vendor\\laravel\\framework\\src\\Illuminate\\Foundation\\Http\\Kernel.php(116): Illuminate\\Foundation\\Http\\Kernel->sendRequestThroughRouter(Object(Illuminate\\Http\\Request))
#45 C:\\Users\\Marden\\Desktop\\Basic\\projetos\\web\\solucao-codigo-fonte\\public\\index.php(55): Illuminate\\Foundation\\Http\\Kernel->handle(Object(Illuminate\\Http\\Request))
#46 C:\\Users\\Marden\\Desktop\\Basic\\projetos\\web\\solucao-codigo-fonte\\server.php(21): require_once('C:\\\\Users\\\\Marden...')
#47 {main}
"} 
[2018-12-26 12:32:57] local.ERROR: Call to undefined method App\Models\Socio::getDataDesignacaoFormatedAttribute() {"userId":1,"email":"mardenmc22@gmail.com","exception":"[object] (BadMethodCallException(code: 0): Call to undefined method App\\Models\\Socio::getDataDesignacaoFormatedAttribute() at C:\\Users\\Marden\\Desktop\\Basic\\projetos\\web\\solucao-codigo-fonte\\vendor\\laravel\\framework\\src\\Illuminate\\Support\\Traits\\ForwardsCalls.php:50)
[stacktrace]
#0 C:\\Users\\Marden\\Desktop\\Basic\\projetos\\web\\solucao-codigo-fonte\\vendor\\laravel\\framework\\src\\Illuminate\\Support\\Traits\\ForwardsCalls.php(36): Illuminate\\Database\\Eloquent\\Model::throwBadMethodCallException('getDataDesignac...')
#1 C:\\Users\\Marden\\Desktop\\Basic\\projetos\\web\\solucao-codigo-fonte\\vendor\\laravel\\framework\\src\\Illuminate\\Database\\Eloquent\\Model.php(1608): Illuminate\\Database\\Eloquent\\Model->forwardCallTo(Object(Illuminate\\Database\\Eloquent\\Builder), 'getDataDesignac...', Array)
#2 C:\\Users\\Marden\\Desktop\\Basic\\projetos\\web\\solucao-codigo-fonte\\vendor\\laravel\\framework\\src\\Illuminate\\Database\\Eloquent\\Concerns\\HasAttributes.php(444): Illuminate\\Database\\Eloquent\\Model->__call('getDataDesignac...', Array)
#3 C:\\Users\\Marden\\Desktop\\Basic\\projetos\\web\\solucao-codigo-fonte\\vendor\\laravel\\framework\\src\\Illuminate\\Database\\Eloquent\\Concerns\\HasAttributes.php(456): Illuminate\\Database\\Eloquent\\Model->mutateAttribute('data_designacao...', NULL)
#4 C:\\Users\\Marden\\Desktop\\Basic\\projetos\\web\\solucao-codigo-fonte\\vendor\\laravel\\framework\\src\\Illuminate\\Database\\Eloquent\\Concerns\\HasAttributes.php(109): Illuminate\\Database\\Eloquent\\Model->mutateAttributeForArray('data_designacao...', NULL)
#5 C:\\Users\\Marden\\Desktop\\Basic\\projetos\\web\\solucao-codigo-fonte\\vendor\\laravel\\framework\\src\\Illuminate\\Database\\Eloquent\\Model.php(1076): Illuminate\\Database\\Eloquent\\Model->attributesToArray()
#6 C:\\Users\\Marden\\Desktop\\Basic\\projetos\\web\\solucao-codigo-fonte\\vendor\\laravel\\framework\\src\\Illuminate\\Database\\Eloquent\\Model.php(1105): Illuminate\\Database\\Eloquent\\Model->toArray()
#7 C:\\Users\\Marden\\Desktop\\Basic\\projetos\\web\\solucao-codigo-fonte\\vendor\\laravel\\framework\\src\\Illuminate\\Support\\Collection.php(1815): Illuminate\\Database\\Eloquent\\Model->jsonSerialize()
#8 [internal function]: Illuminate\\Support\\Collection->Illuminate\\Support\\{closure}(Object(App\\Models\\Socio))
#9 C:\\Users\\Marden\\Desktop\\Basic\\projetos\\web\\solucao-codigo-fonte\\vendor\\laravel\\framework\\src\\Illuminate\\Support\\Collection.php(1823): array_map(Object(Closure), Array)
#10 C:\\Users\\Marden\\Desktop\\Basic\\projetos\\web\\solucao-codigo-fonte\\vendor\\laravel\\framework\\src\\Illuminate\\Support\\Collection.php(1834): Illuminate\\Support\\Collection->jsonSerialize()
#11 C:\\Users\\Marden\\Desktop\\Basic\\projetos\\web\\solucao-codigo-fonte\\vendor\\laravel\\framework\\src\\Illuminate\\Http\\JsonResponse.php(65): Illuminate\\Support\\Collection->toJson(0)
#12 C:\\Users\\Marden\\Desktop\\Basic\\projetos\\web\\solucao-codigo-fonte\\vendor\\symfony\\http-foundation\\JsonResponse.php(50): Illuminate\\Http\\JsonResponse->setData(Object(Illuminate\\Database\\Eloquent\\Collection))
#13 C:\\Users\\Marden\\Desktop\\Basic\\projetos\\web\\solucao-codigo-fonte\\vendor\\laravel\\framework\\src\\Illuminate\\Http\\JsonResponse.php(31): Symfony\\Component\\HttpFoundation\\JsonResponse->__construct(Object(Illuminate\\Database\\Eloquent\\Collection), 200, Array)
#14 C:\\Users\\Marden\\Desktop\\Basic\\projetos\\web\\solucao-codigo-fonte\\vendor\\laravel\\framework\\src\\Illuminate\\Routing\\Router.php(748): Illuminate\\Http\\JsonResponse->__construct(Object(Illuminate\\Database\\Eloquent\\Collection))
#15 C:\\Users\\Marden\\Desktop\\Basic\\projetos\\web\\solucao-codigo-fonte\\vendor\\laravel\\framework\\src\\Illuminate\\Routing\\Router.php(722): Illuminate\\Routing\\Router::toResponse(Object(Illuminate\\Http\\Request), Object(Illuminate\\Database\\Eloquent\\Collection))
#16 C:\\Users\\Marden\\Desktop\\Basic\\projetos\\web\\solucao-codigo-fonte\\vendor\\laravel\\framework\\src\\Illuminate\\Routing\\Router.php(682): Illuminate\\Routing\\Router->prepareResponse(Object(Illuminate\\Http\\Request), Object(Illuminate\\Database\\Eloquent\\Collection))
#17 C:\\Users\\Marden\\Desktop\\Basic\\projetos\\web\\solucao-codigo-fonte\\vendor\\laravel\\framework\\src\\Illuminate\\Routing\\Pipeline.php(30): Illuminate\\Routing\\Router->Illuminate\\Routing\\{closure}(Object(Illuminate\\Http\\Request))
#18 C:\\Users\\Marden\\Desktop\\Basic\\projetos\\web\\solucao-codigo-fonte\\vendor\\laravel\\framework\\src\\Illuminate\\Routing\\Middleware\\SubstituteBindings.php(41): Illuminate\\Routing\\Pipeline->Illuminate\\Routing\\{closure}(Object(Illuminate\\Http\\Request))
#19 C:\\Users\\Marden\\Desktop\\Basic\\projetos\\web\\solucao-codigo-fonte\\vendor\\laravel\\framework\\src\\Illuminate\\Pipeline\\Pipeline.php(151): Illuminate\\Routing\\Middleware\\SubstituteBindings->handle(Object(Illuminate\\Http\\Request), Object(Closure))
#20 C:\\Users\\Marden\\Desktop\\Basic\\projetos\\web\\solucao-codigo-fonte\\vendor\\laravel\\framework\\src\\Illuminate\\Routing\\Pipeline.php(53): Illuminate\\Pipeline\\Pipeline->Illuminate\\Pipeline\\{closure}(Object(Illuminate\\Http\\Request))
#21 C:\\Users\\Marden\\Desktop\\Basic\\projetos\\web\\solucao-codigo-fonte\\vendor\\laravel\\framework\\src\\Illuminate\\Auth\\Middleware\\Authenticate.php(43): Illuminate\\Routing\\Pipeline->Illuminate\\Routing\\{closure}(Object(Illuminate\\Http\\Request))
#22 C:\\Users\\Marden\\Desktop\\Basic\\projetos\\web\\solucao-codigo-fonte\\vendor\\laravel\\framework\\src\\Illuminate\\Pipeline\\Pipeline.php(151): Illuminate\\Auth\\Middleware\\Authenticate->handle(Object(Illuminate\\Http\\Request), Object(Closure), 'api')
#23 C:\\Users\\Marden\\Desktop\\Basic\\projetos\\web\\solucao-codigo-fonte\\vendor\\laravel\\framework\\src\\Illuminate\\Routing\\Pipeline.php(53): Illuminate\\Pipeline\\Pipeline->Illuminate\\Pipeline\\{closure}(Object(Illuminate\\Http\\Request))
#24 C:\\Users\\Marden\\Desktop\\Basic\\projetos\\web\\solucao-codigo-fonte\\vendor\\laravel\\framework\\src\\Illuminate\\Routing\\Middleware\\ThrottleRequests.php(58): Illuminate\\Routing\\Pipeline->Illuminate\\Routing\\{closure}(Object(Illuminate\\Http\\Request))
#25 C:\\Users\\Marden\\Desktop\\Basic\\projetos\\web\\solucao-codigo-fonte\\vendor\\laravel\\framework\\src\\Illuminate\\Pipeline\\Pipeline.php(151): Illuminate\\Routing\\Middleware\\ThrottleRequests->handle(Object(Illuminate\\Http\\Request), Object(Closure), 60, '1')
#26 C:\\Users\\Marden\\Desktop\\Basic\\projetos\\web\\solucao-codigo-fonte\\vendor\\laravel\\framework\\src\\Illuminate\\Routing\\Pipeline.php(53): Illuminate\\Pipeline\\Pipeline->Illuminate\\Pipeline\\{closure}(Object(Illuminate\\Http\\Request))
#27 C:\\Users\\Marden\\Desktop\\Basic\\projetos\\web\\solucao-codigo-fonte\\vendor\\laravel\\framework\\src\\Illuminate\\Pipeline\\Pipeline.php(104): Illuminate\\Routing\\Pipeline->Illuminate\\Routing\\{closure}(Object(Illuminate\\Http\\Request))
#28 C:\\Users\\Marden\\Desktop\\Basic\\projetos\\web\\solucao-codigo-fonte\\vendor\\laravel\\framework\\src\\Illuminate\\Routing\\Router.php(684): Illuminate\\Pipeline\\Pipeline->then(Object(Closure))
#29 C:\\Users\\Marden\\Desktop\\Basic\\projetos\\web\\solucao-codigo-fonte\\vendor\\laravel\\framework\\src\\Illuminate\\Routing\\Router.php(659): Illuminate\\Routing\\Router->runRouteWithinStack(Object(Illuminate\\Routing\\Route), Object(Illuminate\\Http\\Request))
#30 C:\\Users\\Marden\\Desktop\\Basic\\projetos\\web\\solucao-codigo-fonte\\vendor\\laravel\\framework\\src\\Illuminate\\Routing\\Router.php(625): Illuminate\\Routing\\Router->runRoute(Object(Illuminate\\Http\\Request), Object(Illuminate\\Routing\\Route))
#31 C:\\Users\\Marden\\Desktop\\Basic\\projetos\\web\\solucao-codigo-fonte\\vendor\\laravel\\framework\\src\\Illuminate\\Routing\\Router.php(614): Illuminate\\Routing\\Router->dispatchToRoute(Object(Illuminate\\Http\\Request))
#32 C:\\Users\\Marden\\Desktop\\Basic\\projetos\\web\\solucao-codigo-fonte\\vendor\\laravel\\framework\\src\\Illuminate\\Foundation\\Http\\Kernel.php(176): Illuminate\\Routing\\Router->dispatch(Object(Illuminate\\Http\\Request))
#33 C:\\Users\\Marden\\Desktop\\Basic\\projetos\\web\\solucao-codigo-fonte\\vendor\\laravel\\framework\\src\\Illuminate\\Routing\\Pipeline.php(30): Illuminate\\Foundation\\Http\\Kernel->Illuminate\\Foundation\\Http\\{closure}(Object(Illuminate\\Http\\Request))
#34 C:\\Users\\Marden\\Desktop\\Basic\\projetos\\web\\solucao-codigo-fonte\\vendor\\barryvdh\\laravel-debugbar\\src\\Middleware\\InjectDebugbar.php(65): Illuminate\\Routing\\Pipeline->Illuminate\\Routing\\{closure}(Object(Illuminate\\Http\\Request))
#35 C:\\Users\\Marden\\Desktop\\Basic\\projetos\\web\\solucao-codigo-fonte\\vendor\\laravel\\framework\\src\\Illuminate\\Pipeline\\Pipeline.php(151): Barryvdh\\Debugbar\\Middleware\\InjectDebugbar->handle(Object(Illuminate\\Http\\Request), Object(Closure))
#36 C:\\Users\\Marden\\Desktop\\Basic\\projetos\\web\\solucao-codigo-fonte\\vendor\\laravel\\framework\\src\\Illuminate\\Routing\\Pipeline.php(53): Illuminate\\Pipeline\\Pipeline->Illuminate\\Pipeline\\{closure}(Object(Illuminate\\Http\\Request))
#37 C:\\Users\\Marden\\Desktop\\Basic\\projetos\\web\\solucao-codigo-fonte\\vendor\\fideloper\\proxy\\src\\TrustProxies.php(57): Illuminate\\Routing\\Pipeline->Illuminate\\Routing\\{closure}(Object(Illuminate\\Http\\Request))
#38 C:\\Users\\Marden\\Desktop\\Basic\\projetos\\web\\solucao-codigo-fonte\\vendor\\laravel\\framework\\src\\Illuminate\\Pipeline\\Pipeline.php(151): Fideloper\\Proxy\\TrustProxies->handle(Object(Illuminate\\Http\\Request), Object(Closure))
#39 C:\\Users\\Marden\\Desktop\\Basic\\projetos\\web\\solucao-codigo-fonte\\vendor\\laravel\\framework\\src\\Illuminate\\Routing\\Pipeline.php(53): Illuminate\\Pipeline\\Pipeline->Illuminate\\Pipeline\\{closure}(Object(Illuminate\\Http\\Request))
#40 C:\\Users\\Marden\\Desktop\\Basic\\projetos\\web\\solucao-codigo-fonte\\vendor\\laravel\\framework\\src\\Illuminate\\Foundation\\Http\\Middleware\\TransformsRequest.php(31): Illuminate\\Routing\\Pipeline->Illuminate\\Routing\\{closure}(Object(Illuminate\\Http\\Request))
#41 C:\\Users\\Marden\\Desktop\\Basic\\projetos\\web\\solucao-codigo-fonte\\vendor\\laravel\\framework\\src\\Illuminate\\Pipeline\\Pipeline.php(151): Illuminate\\Foundation\\Http\\Middleware\\TransformsRequest->handle(Object(Illuminate\\Http\\Request), Object(Closure))
#42 C:\\Users\\Marden\\Desktop\\Basic\\projetos\\web\\solucao-codigo-fonte\\vendor\\laravel\\framework\\src\\Illuminate\\Routing\\Pipeline.php(53): Illuminate\\Pipeline\\Pipeline->Illuminate\\Pipeline\\{closure}(Object(Illuminate\\Http\\Request))
#43 C:\\Users\\Marden\\Desktop\\Basic\\projetos\\web\\solucao-codigo-fonte\\vendor\\laravel\\framework\\src\\Illuminate\\Foundation\\Http\\Middleware\\TransformsRequest.php(31): Illuminate\\Routing\\Pipeline->Illuminate\\Routing\\{closure}(Object(Illuminate\\Http\\Request))
#44 C:\\Users\\Marden\\Desktop\\Basic\\projetos\\web\\solucao-codigo-fonte\\vendor\\laravel\\framework\\src\\Illuminate\\Pipeline\\Pipeline.php(151): Illuminate\\Foundation\\Http\\Middleware\\TransformsRequest->handle(Object(Illuminate\\Http\\Request), Object(Closure))
#45 C:\\Users\\Marden\\Desktop\\Basic\\projetos\\web\\solucao-codigo-fonte\\vendor\\laravel\\framework\\src\\Illuminate\\Routing\\Pipeline.php(53): Illuminate\\Pipeline\\Pipeline->Illuminate\\Pipeline\\{closure}(Object(Illuminate\\Http\\Request))
#46 C:\\Users\\Marden\\Desktop\\Basic\\projetos\\web\\solucao-codigo-fonte\\vendor\\laravel\\framework\\src\\Illuminate\\Foundation\\Http\\Middleware\\ValidatePostSize.php(27): Illuminate\\Routing\\Pipeline->Illuminate\\Routing\\{closure}(Object(Illuminate\\Http\\Request))
#47 C:\\Users\\Marden\\Desktop\\Basic\\projetos\\web\\solucao-codigo-fonte\\vendor\\laravel\\framework\\src\\Illuminate\\Pipeline\\Pipeline.php(151): Illuminate\\Foundation\\Http\\Middleware\\ValidatePostSize->handle(Object(Illuminate\\Http\\Request), Object(Closure))
#48 C:\\Users\\Marden\\Desktop\\Basic\\projetos\\web\\solucao-codigo-fonte\\vendor\\laravel\\framework\\src\\Illuminate\\Routing\\Pipeline.php(53): Illuminate\\Pipeline\\Pipeline->Illuminate\\Pipeline\\{closure}(Object(Illuminate\\Http\\Request))
#49 C:\\Users\\Marden\\Desktop\\Basic\\projetos\\web\\solucao-codigo-fonte\\vendor\\laravel\\framework\\src\\Illuminate\\Foundation\\Http\\Middleware\\CheckForMaintenanceMode.php(62): Illuminate\\Routing\\Pipeline->Illuminate\\Routing\\{closure}(Object(Illuminate\\Http\\Request))
#50 C:\\Users\\Marden\\Desktop\\Basic\\projetos\\web\\solucao-codigo-fonte\\vendor\\laravel\\framework\\src\\Illuminate\\Pipeline\\Pipeline.php(151): Illuminate\\Foundation\\Http\\Middleware\\CheckForMaintenanceMode->handle(Object(Illuminate\\Http\\Request), Object(Closure))
#51 C:\\Users\\Marden\\Desktop\\Basic\\projetos\\web\\solucao-codigo-fonte\\vendor\\laravel\\framework\\src\\Illuminate\\Routing\\Pipeline.php(53): Illuminate\\Pipeline\\Pipeline->Illuminate\\Pipeline\\{closure}(Object(Illuminate\\Http\\Request))
#52 C:\\Users\\Marden\\Desktop\\Basic\\projetos\\web\\solucao-codigo-fonte\\vendor\\laravel\\framework\\src\\Illuminate\\Pipeline\\Pipeline.php(104): Illuminate\\Routing\\Pipeline->Illuminate\\Routing\\{closure}(Object(Illuminate\\Http\\Request))
#53 C:\\Users\\Marden\\Desktop\\Basic\\projetos\\web\\solucao-codigo-fonte\\vendor\\laravel\\framework\\src\\Illuminate\\Foundation\\Http\\Kernel.php(151): Illuminate\\Pipeline\\Pipeline->then(Object(Closure))
#54 C:\\Users\\Marden\\Desktop\\Basic\\projetos\\web\\solucao-codigo-fonte\\vendor\\laravel\\framework\\src\\Illuminate\\Foundation\\Http\\Kernel.php(116): Illuminate\\Foundation\\Http\\Kernel->sendRequestThroughRouter(Object(Illuminate\\Http\\Request))
#55 C:\\Users\\Marden\\Desktop\\Basic\\projetos\\web\\solucao-codigo-fonte\\public\\index.php(55): Illuminate\\Foundation\\Http\\Kernel->handle(Object(Illuminate\\Http\\Request))
#56 C:\\Users\\Marden\\Desktop\\Basic\\projetos\\web\\solucao-codigo-fonte\\server.php(21): require_once('C:\\\\Users\\\\Marden...')
#57 {main}
"} 
[2018-12-26 12:36:00] local.ERROR: Call to undefined function App\Models\isEmpty() {"userId":1,"email":"mardenmc22@gmail.com","exception":"[object] (Symfony\\Component\\Debug\\Exception\\FatalThrowableError(code: 0): Call to undefined function App\\Models\\isEmpty() at C:\\Users\\Marden\\Desktop\\Basic\\projetos\\web\\solucao-codigo-fonte\\app\\Models\\Socio.php:49)
[stacktrace]
#0 C:\\Users\\Marden\\Desktop\\Basic\\projetos\\web\\solucao-codigo-fonte\\vendor\\laravel\\framework\\src\\Illuminate\\Database\\Eloquent\\Concerns\\HasAttributes.php(444): App\\Models\\Socio->getDataDesignacaoFormatedAttribute(NULL)
#1 C:\\Users\\Marden\\Desktop\\Basic\\projetos\\web\\solucao-codigo-fonte\\vendor\\laravel\\framework\\src\\Illuminate\\Database\\Eloquent\\Concerns\\HasAttributes.php(456): Illuminate\\Database\\Eloquent\\Model->mutateAttribute('data_designacao...', NULL)
#2 C:\\Users\\Marden\\Desktop\\Basic\\projetos\\web\\solucao-codigo-fonte\\vendor\\laravel\\framework\\src\\Illuminate\\Database\\Eloquent\\Concerns\\HasAttributes.php(109): Illuminate\\Database\\Eloquent\\Model->mutateAttributeForArray('data_designacao...', NULL)
#3 C:\\Users\\Marden\\Desktop\\Basic\\projetos\\web\\solucao-codigo-fonte\\vendor\\laravel\\framework\\src\\Illuminate\\Database\\Eloquent\\Model.php(1076): Illuminate\\Database\\Eloquent\\Model->attributesToArray()
#4 C:\\Users\\Marden\\Desktop\\Basic\\projetos\\web\\solucao-codigo-fonte\\vendor\\laravel\\framework\\src\\Illuminate\\Database\\Eloquent\\Model.php(1105): Illuminate\\Database\\Eloquent\\Model->toArray()
#5 C:\\Users\\Marden\\Desktop\\Basic\\projetos\\web\\solucao-codigo-fonte\\vendor\\laravel\\framework\\src\\Illuminate\\Support\\Collection.php(1815): Illuminate\\Database\\Eloquent\\Model->jsonSerialize()
#6 [internal function]: Illuminate\\Support\\Collection->Illuminate\\Support\\{closure}(Object(App\\Models\\Socio))
#7 C:\\Users\\Marden\\Desktop\\Basic\\projetos\\web\\solucao-codigo-fonte\\vendor\\laravel\\framework\\src\\Illuminate\\Support\\Collection.php(1823): array_map(Object(Closure), Array)
#8 C:\\Users\\Marden\\Desktop\\Basic\\projetos\\web\\solucao-codigo-fonte\\vendor\\laravel\\framework\\src\\Illuminate\\Support\\Collection.php(1834): Illuminate\\Support\\Collection->jsonSerialize()
#9 C:\\Users\\Marden\\Desktop\\Basic\\projetos\\web\\solucao-codigo-fonte\\vendor\\laravel\\framework\\src\\Illuminate\\Http\\JsonResponse.php(65): Illuminate\\Support\\Collection->toJson(0)
#10 C:\\Users\\Marden\\Desktop\\Basic\\projetos\\web\\solucao-codigo-fonte\\vendor\\symfony\\http-foundation\\JsonResponse.php(50): Illuminate\\Http\\JsonResponse->setData(Object(Illuminate\\Database\\Eloquent\\Collection))
#11 C:\\Users\\Marden\\Desktop\\Basic\\projetos\\web\\solucao-codigo-fonte\\vendor\\laravel\\framework\\src\\Illuminate\\Http\\JsonResponse.php(31): Symfony\\Component\\HttpFoundation\\JsonResponse->__construct(Object(Illuminate\\Database\\Eloquent\\Collection), 200, Array)
#12 C:\\Users\\Marden\\Desktop\\Basic\\projetos\\web\\solucao-codigo-fonte\\vendor\\laravel\\framework\\src\\Illuminate\\Routing\\Router.php(748): Illuminate\\Http\\JsonResponse->__construct(Object(Illuminate\\Database\\Eloquent\\Collection))
#13 C:\\Users\\Marden\\Desktop\\Basic\\projetos\\web\\solucao-codigo-fonte\\vendor\\laravel\\framework\\src\\Illuminate\\Routing\\Router.php(722): Illuminate\\Routing\\Router::toResponse(Object(Illuminate\\Http\\Request), Object(Illuminate\\Database\\Eloquent\\Collection))
#14 C:\\Users\\Marden\\Desktop\\Basic\\projetos\\web\\solucao-codigo-fonte\\vendor\\laravel\\framework\\src\\Illuminate\\Routing\\Router.php(682): Illuminate\\Routing\\Router->prepareResponse(Object(Illuminate\\Http\\Request), Object(Illuminate\\Database\\Eloquent\\Collection))
#15 C:\\Users\\Marden\\Desktop\\Basic\\projetos\\web\\solucao-codigo-fonte\\vendor\\laravel\\framework\\src\\Illuminate\\Routing\\Pipeline.php(30): Illuminate\\Routing\\Router->Illuminate\\Routing\\{closure}(Object(Illuminate\\Http\\Request))
#16 C:\\Users\\Marden\\Desktop\\Basic\\projetos\\web\\solucao-codigo-fonte\\vendor\\laravel\\framework\\src\\Illuminate\\Routing\\Middleware\\SubstituteBindings.php(41): Illuminate\\Routing\\Pipeline->Illuminate\\Routing\\{closure}(Object(Illuminate\\Http\\Request))
#17 C:\\Users\\Marden\\Desktop\\Basic\\projetos\\web\\solucao-codigo-fonte\\vendor\\laravel\\framework\\src\\Illuminate\\Pipeline\\Pipeline.php(151): Illuminate\\Routing\\Middleware\\SubstituteBindings->handle(Object(Illuminate\\Http\\Request), Object(Closure))
#18 C:\\Users\\Marden\\Desktop\\Basic\\projetos\\web\\solucao-codigo-fonte\\vendor\\laravel\\framework\\src\\Illuminate\\Routing\\Pipeline.php(53): Illuminate\\Pipeline\\Pipeline->Illuminate\\Pipeline\\{closure}(Object(Illuminate\\Http\\Request))
#19 C:\\Users\\Marden\\Desktop\\Basic\\projetos\\web\\solucao-codigo-fonte\\vendor\\laravel\\framework\\src\\Illuminate\\Auth\\Middleware\\Authenticate.php(43): Illuminate\\Routing\\Pipeline->Illuminate\\Routing\\{closure}(Object(Illuminate\\Http\\Request))
#20 C:\\Users\\Marden\\Desktop\\Basic\\projetos\\web\\solucao-codigo-fonte\\vendor\\laravel\\framework\\src\\Illuminate\\Pipeline\\Pipeline.php(151): Illuminate\\Auth\\Middleware\\Authenticate->handle(Object(Illuminate\\Http\\Request), Object(Closure), 'api')
#21 C:\\Users\\Marden\\Desktop\\Basic\\projetos\\web\\solucao-codigo-fonte\\vendor\\laravel\\framework\\src\\Illuminate\\Routing\\Pipeline.php(53): Illuminate\\Pipeline\\Pipeline->Illuminate\\Pipeline\\{closure}(Object(Illuminate\\Http\\Request))
#22 C:\\Users\\Marden\\Desktop\\Basic\\projetos\\web\\solucao-codigo-fonte\\vendor\\laravel\\framework\\src\\Illuminate\\Routing\\Middleware\\ThrottleRequests.php(58): Illuminate\\Routing\\Pipeline->Illuminate\\Routing\\{closure}(Object(Illuminate\\Http\\Request))
#23 C:\\Users\\Marden\\Desktop\\Basic\\projetos\\web\\solucao-codigo-fonte\\vendor\\laravel\\framework\\src\\Illuminate\\Pipeline\\Pipeline.php(151): Illuminate\\Routing\\Middleware\\ThrottleRequests->handle(Object(Illuminate\\Http\\Request), Object(Closure), 60, '1')
#24 C:\\Users\\Marden\\Desktop\\Basic\\projetos\\web\\solucao-codigo-fonte\\vendor\\laravel\\framework\\src\\Illuminate\\Routing\\Pipeline.php(53): Illuminate\\Pipeline\\Pipeline->Illuminate\\Pipeline\\{closure}(Object(Illuminate\\Http\\Request))
#25 C:\\Users\\Marden\\Desktop\\Basic\\projetos\\web\\solucao-codigo-fonte\\vendor\\laravel\\framework\\src\\Illuminate\\Pipeline\\Pipeline.php(104): Illuminate\\Routing\\Pipeline->Illuminate\\Routing\\{closure}(Object(Illuminate\\Http\\Request))
#26 C:\\Users\\Marden\\Desktop\\Basic\\projetos\\web\\solucao-codigo-fonte\\vendor\\laravel\\framework\\src\\Illuminate\\Routing\\Router.php(684): Illuminate\\Pipeline\\Pipeline->then(Object(Closure))
#27 C:\\Users\\Marden\\Desktop\\Basic\\projetos\\web\\solucao-codigo-fonte\\vendor\\laravel\\framework\\src\\Illuminate\\Routing\\Router.php(659): Illuminate\\Routing\\Router->runRouteWithinStack(Object(Illuminate\\Routing\\Route), Object(Illuminate\\Http\\Request))
#28 C:\\Users\\Marden\\Desktop\\Basic\\projetos\\web\\solucao-codigo-fonte\\vendor\\laravel\\framework\\src\\Illuminate\\Routing\\Router.php(625): Illuminate\\Routing\\Router->runRoute(Object(Illuminate\\Http\\Request), Object(Illuminate\\Routing\\Route))
#29 C:\\Users\\Marden\\Desktop\\Basic\\projetos\\web\\solucao-codigo-fonte\\vendor\\laravel\\framework\\src\\Illuminate\\Routing\\Router.php(614): Illuminate\\Routing\\Router->dispatchToRoute(Object(Illuminate\\Http\\Request))
#30 C:\\Users\\Marden\\Desktop\\Basic\\projetos\\web\\solucao-codigo-fonte\\vendor\\laravel\\framework\\src\\Illuminate\\Foundation\\Http\\Kernel.php(176): Illuminate\\Routing\\Router->dispatch(Object(Illuminate\\Http\\Request))
#31 C:\\Users\\Marden\\Desktop\\Basic\\projetos\\web\\solucao-codigo-fonte\\vendor\\laravel\\framework\\src\\Illuminate\\Routing\\Pipeline.php(30): Illuminate\\Foundation\\Http\\Kernel->Illuminate\\Foundation\\Http\\{closure}(Object(Illuminate\\Http\\Request))
#32 C:\\Users\\Marden\\Desktop\\Basic\\projetos\\web\\solucao-codigo-fonte\\vendor\\barryvdh\\laravel-debugbar\\src\\Middleware\\InjectDebugbar.php(65): Illuminate\\Routing\\Pipeline->Illuminate\\Routing\\{closure}(Object(Illuminate\\Http\\Request))
#33 C:\\Users\\Marden\\Desktop\\Basic\\projetos\\web\\solucao-codigo-fonte\\vendor\\laravel\\framework\\src\\Illuminate\\Pipeline\\Pipeline.php(151): Barryvdh\\Debugbar\\Middleware\\InjectDebugbar->handle(Object(Illuminate\\Http\\Request), Object(Closure))
#34 C:\\Users\\Marden\\Desktop\\Basic\\projetos\\web\\solucao-codigo-fonte\\vendor\\laravel\\framework\\src\\Illuminate\\Routing\\Pipeline.php(53): Illuminate\\Pipeline\\Pipeline->Illuminate\\Pipeline\\{closure}(Object(Illuminate\\Http\\Request))
#35 C:\\Users\\Marden\\Desktop\\Basic\\projetos\\web\\solucao-codigo-fonte\\vendor\\fideloper\\proxy\\src\\TrustProxies.php(57): Illuminate\\Routing\\Pipeline->Illuminate\\Routing\\{closure}(Object(Illuminate\\Http\\Request))
#36 C:\\Users\\Marden\\Desktop\\Basic\\projetos\\web\\solucao-codigo-fonte\\vendor\\laravel\\framework\\src\\Illuminate\\Pipeline\\Pipeline.php(151): Fideloper\\Proxy\\TrustProxies->handle(Object(Illuminate\\Http\\Request), Object(Closure))
#37 C:\\Users\\Marden\\Desktop\\Basic\\projetos\\web\\solucao-codigo-fonte\\vendor\\laravel\\framework\\src\\Illuminate\\Routing\\Pipeline.php(53): Illuminate\\Pipeline\\Pipeline->Illuminate\\Pipeline\\{closure}(Object(Illuminate\\Http\\Request))
#38 C:\\Users\\Marden\\Desktop\\Basic\\projetos\\web\\solucao-codigo-fonte\\vendor\\laravel\\framework\\src\\Illuminate\\Foundation\\Http\\Middleware\\TransformsRequest.php(31): Illuminate\\Routing\\Pipeline->Illuminate\\Routing\\{closure}(Object(Illuminate\\Http\\Request))
#39 C:\\Users\\Marden\\Desktop\\Basic\\projetos\\web\\solucao-codigo-fonte\\vendor\\laravel\\framework\\src\\Illuminate\\Pipeline\\Pipeline.php(151): Illuminate\\Foundation\\Http\\Middleware\\TransformsRequest->handle(Object(Illuminate\\Http\\Request), Object(Closure))
#40 C:\\Users\\Marden\\Desktop\\Basic\\projetos\\web\\solucao-codigo-fonte\\vendor\\laravel\\framework\\src\\Illuminate\\Routing\\Pipeline.php(53): Illuminate\\Pipeline\\Pipeline->Illuminate\\Pipeline\\{closure}(Object(Illuminate\\Http\\Request))
#41 C:\\Users\\Marden\\Desktop\\Basic\\projetos\\web\\solucao-codigo-fonte\\vendor\\laravel\\framework\\src\\Illuminate\\Foundation\\Http\\Middleware\\TransformsRequest.php(31): Illuminate\\Routing\\Pipeline->Illuminate\\Routing\\{closure}(Object(Illuminate\\Http\\Request))
#42 C:\\Users\\Marden\\Desktop\\Basic\\projetos\\web\\solucao-codigo-fonte\\vendor\\laravel\\framework\\src\\Illuminate\\Pipeline\\Pipeline.php(151): Illuminate\\Foundation\\Http\\Middleware\\TransformsRequest->handle(Object(Illuminate\\Http\\Request), Object(Closure))
#43 C:\\Users\\Marden\\Desktop\\Basic\\projetos\\web\\solucao-codigo-fonte\\vendor\\laravel\\framework\\src\\Illuminate\\Routing\\Pipeline.php(53): Illuminate\\Pipeline\\Pipeline->Illuminate\\Pipeline\\{closure}(Object(Illuminate\\Http\\Request))
#44 C:\\Users\\Marden\\Desktop\\Basic\\projetos\\web\\solucao-codigo-fonte\\vendor\\laravel\\framework\\src\\Illuminate\\Foundation\\Http\\Middleware\\ValidatePostSize.php(27): Illuminate\\Routing\\Pipeline->Illuminate\\Routing\\{closure}(Object(Illuminate\\Http\\Request))
#45 C:\\Users\\Marden\\Desktop\\Basic\\projetos\\web\\solucao-codigo-fonte\\vendor\\laravel\\framework\\src\\Illuminate\\Pipeline\\Pipeline.php(151): Illuminate\\Foundation\\Http\\Middleware\\ValidatePostSize->handle(Object(Illuminate\\Http\\Request), Object(Closure))
#46 C:\\Users\\Marden\\Desktop\\Basic\\projetos\\web\\solucao-codigo-fonte\\vendor\\laravel\\framework\\src\\Illuminate\\Routing\\Pipeline.php(53): Illuminate\\Pipeline\\Pipeline->Illuminate\\Pipeline\\{closure}(Object(Illuminate\\Http\\Request))
#47 C:\\Users\\Marden\\Desktop\\Basic\\projetos\\web\\solucao-codigo-fonte\\vendor\\laravel\\framework\\src\\Illuminate\\Foundation\\Http\\Middleware\\CheckForMaintenanceMode.php(62): Illuminate\\Routing\\Pipeline->Illuminate\\Routing\\{closure}(Object(Illuminate\\Http\\Request))
#48 C:\\Users\\Marden\\Desktop\\Basic\\projetos\\web\\solucao-codigo-fonte\\vendor\\laravel\\framework\\src\\Illuminate\\Pipeline\\Pipeline.php(151): Illuminate\\Foundation\\Http\\Middleware\\CheckForMaintenanceMode->handle(Object(Illuminate\\Http\\Request), Object(Closure))
#49 C:\\Users\\Marden\\Desktop\\Basic\\projetos\\web\\solucao-codigo-fonte\\vendor\\laravel\\framework\\src\\Illuminate\\Routing\\Pipeline.php(53): Illuminate\\Pipeline\\Pipeline->Illuminate\\Pipeline\\{closure}(Object(Illuminate\\Http\\Request))
#50 C:\\Users\\Marden\\Desktop\\Basic\\projetos\\web\\solucao-codigo-fonte\\vendor\\laravel\\framework\\src\\Illuminate\\Pipeline\\Pipeline.php(104): Illuminate\\Routing\\Pipeline->Illuminate\\Routing\\{closure}(Object(Illuminate\\Http\\Request))
#51 C:\\Users\\Marden\\Desktop\\Basic\\projetos\\web\\solucao-codigo-fonte\\vendor\\laravel\\framework\\src\\Illuminate\\Foundation\\Http\\Kernel.php(151): Illuminate\\Pipeline\\Pipeline->then(Object(Closure))
#52 C:\\Users\\Marden\\Desktop\\Basic\\projetos\\web\\solucao-codigo-fonte\\vendor\\laravel\\framework\\src\\Illuminate\\Foundation\\Http\\Kernel.php(116): Illuminate\\Foundation\\Http\\Kernel->sendRequestThroughRouter(Object(Illuminate\\Http\\Request))
#53 C:\\Users\\Marden\\Desktop\\Basic\\projetos\\web\\solucao-codigo-fonte\\public\\index.php(55): Illuminate\\Foundation\\Http\\Kernel->handle(Object(Illuminate\\Http\\Request))
#54 C:\\Users\\Marden\\Desktop\\Basic\\projetos\\web\\solucao-codigo-fonte\\server.php(21): require_once('C:\\\\Users\\\\Marden...')
#55 {main}
"} 
[2018-12-26 12:40:39] local.ERROR: Trying to get property 'operador' of non-object {"userId":1,"email":"mardenmc22@gmail.com","exception":"[object] (ErrorException(code: 0): Trying to get property 'operador' of non-object at C:\\Users\\Marden\\Desktop\\Basic\\projetos\\web\\solucao-codigo-fonte\\app\\Http\\Controllers\\Admin\\GerenciamentosController.php:59)
[stacktrace]
#0 C:\\Users\\Marden\\Desktop\\Basic\\projetos\\web\\solucao-codigo-fonte\\app\\Http\\Controllers\\Admin\\GerenciamentosController.php(59): Illuminate\\Foundation\\Bootstrap\\HandleExceptions->handleError(8, 'Trying to get p...', 'C:\\\\Users\\\\Marden...', 59, Array)
#1 [internal function]: App\\Http\\Controllers\\Admin\\GerenciamentosController->store(Object(Illuminate\\Http\\Request))
#2 C:\\Users\\Marden\\Desktop\\Basic\\projetos\\web\\solucao-codigo-fonte\\vendor\\laravel\\framework\\src\\Illuminate\\Routing\\Controller.php(54): call_user_func_array(Array, Array)
#3 C:\\Users\\Marden\\Desktop\\Basic\\projetos\\web\\solucao-codigo-fonte\\vendor\\laravel\\framework\\src\\Illuminate\\Routing\\ControllerDispatcher.php(45): Illuminate\\Routing\\Controller->callAction('store', Array)
#4 C:\\Users\\Marden\\Desktop\\Basic\\projetos\\web\\solucao-codigo-fonte\\vendor\\laravel\\framework\\src\\Illuminate\\Routing\\Route.php(212): Illuminate\\Routing\\ControllerDispatcher->dispatch(Object(Illuminate\\Routing\\Route), Object(App\\Http\\Controllers\\Admin\\GerenciamentosController), 'store')
#5 C:\\Users\\Marden\\Desktop\\Basic\\projetos\\web\\solucao-codigo-fonte\\vendor\\laravel\\framework\\src\\Illuminate\\Routing\\Route.php(169): Illuminate\\Routing\\Route->runController()
#6 C:\\Users\\Marden\\Desktop\\Basic\\projetos\\web\\solucao-codigo-fonte\\vendor\\laravel\\framework\\src\\Illuminate\\Routing\\Router.php(682): Illuminate\\Routing\\Route->run()
#7 C:\\Users\\Marden\\Desktop\\Basic\\projetos\\web\\solucao-codigo-fonte\\vendor\\laravel\\framework\\src\\Illuminate\\Routing\\Pipeline.php(30): Illuminate\\Routing\\Router->Illuminate\\Routing\\{closure}(Object(Illuminate\\Http\\Request))
#8 C:\\Users\\Marden\\Desktop\\Basic\\projetos\\web\\solucao-codigo-fonte\\vendor\\laravel\\framework\\src\\Illuminate\\Routing\\Middleware\\SubstituteBindings.php(41): Illuminate\\Routing\\Pipeline->Illuminate\\Routing\\{closure}(Object(Illuminate\\Http\\Request))
#9 C:\\Users\\Marden\\Desktop\\Basic\\projetos\\web\\solucao-codigo-fonte\\vendor\\laravel\\framework\\src\\Illuminate\\Pipeline\\Pipeline.php(151): Illuminate\\Routing\\Middleware\\SubstituteBindings->handle(Object(Illuminate\\Http\\Request), Object(Closure))
#10 C:\\Users\\Marden\\Desktop\\Basic\\projetos\\web\\solucao-codigo-fonte\\vendor\\laravel\\framework\\src\\Illuminate\\Routing\\Pipeline.php(53): Illuminate\\Pipeline\\Pipeline->Illuminate\\Pipeline\\{closure}(Object(Illuminate\\Http\\Request))
#11 C:\\Users\\Marden\\Desktop\\Basic\\projetos\\web\\solucao-codigo-fonte\\vendor\\laravel\\framework\\src\\Illuminate\\Auth\\Middleware\\Authenticate.php(43): Illuminate\\Routing\\Pipeline->Illuminate\\Routing\\{closure}(Object(Illuminate\\Http\\Request))
#12 C:\\Users\\Marden\\Desktop\\Basic\\projetos\\web\\solucao-codigo-fonte\\vendor\\laravel\\framework\\src\\Illuminate\\Pipeline\\Pipeline.php(151): Illuminate\\Auth\\Middleware\\Authenticate->handle(Object(Illuminate\\Http\\Request), Object(Closure))
#13 C:\\Users\\Marden\\Desktop\\Basic\\projetos\\web\\solucao-codigo-fonte\\vendor\\laravel\\framework\\src\\Illuminate\\Routing\\Pipeline.php(53): Illuminate\\Pipeline\\Pipeline->Illuminate\\Pipeline\\{closure}(Object(Illuminate\\Http\\Request))
#14 C:\\Users\\Marden\\Desktop\\Basic\\projetos\\web\\solucao-codigo-fonte\\vendor\\laravel\\framework\\src\\Illuminate\\Foundation\\Http\\Middleware\\VerifyCsrfToken.php(75): Illuminate\\Routing\\Pipeline->Illuminate\\Routing\\{closure}(Object(Illuminate\\Http\\Request))
#15 C:\\Users\\Marden\\Desktop\\Basic\\projetos\\web\\solucao-codigo-fonte\\vendor\\laravel\\framework\\src\\Illuminate\\Pipeline\\Pipeline.php(151): Illuminate\\Foundation\\Http\\Middleware\\VerifyCsrfToken->handle(Object(Illuminate\\Http\\Request), Object(Closure))
#16 C:\\Users\\Marden\\Desktop\\Basic\\projetos\\web\\solucao-codigo-fonte\\vendor\\laravel\\framework\\src\\Illuminate\\Routing\\Pipeline.php(53): Illuminate\\Pipeline\\Pipeline->Illuminate\\Pipeline\\{closure}(Object(Illuminate\\Http\\Request))
#17 C:\\Users\\Marden\\Desktop\\Basic\\projetos\\web\\solucao-codigo-fonte\\vendor\\laravel\\framework\\src\\Illuminate\\View\\Middleware\\ShareErrorsFromSession.php(49): Illuminate\\Routing\\Pipeline->Illuminate\\Routing\\{closure}(Object(Illuminate\\Http\\Request))
#18 C:\\Users\\Marden\\Desktop\\Basic\\projetos\\web\\solucao-codigo-fonte\\vendor\\laravel\\framework\\src\\Illuminate\\Pipeline\\Pipeline.php(151): Illuminate\\View\\Middleware\\ShareErrorsFromSession->handle(Object(Illuminate\\Http\\Request), Object(Closure))
#19 C:\\Users\\Marden\\Desktop\\Basic\\projetos\\web\\solucao-codigo-fonte\\vendor\\laravel\\framework\\src\\Illuminate\\Routing\\Pipeline.php(53): Illuminate\\Pipeline\\Pipeline->Illuminate\\Pipeline\\{closure}(Object(Illuminate\\Http\\Request))
#20 C:\\Users\\Marden\\Desktop\\Basic\\projetos\\web\\solucao-codigo-fonte\\vendor\\laravel\\framework\\src\\Illuminate\\Session\\Middleware\\StartSession.php(63): Illuminate\\Routing\\Pipeline->Illuminate\\Routing\\{closure}(Object(Illuminate\\Http\\Request))
#21 C:\\Users\\Marden\\Desktop\\Basic\\projetos\\web\\solucao-codigo-fonte\\vendor\\laravel\\framework\\src\\Illuminate\\Pipeline\\Pipeline.php(151): Illuminate\\Session\\Middleware\\StartSession->handle(Object(Illuminate\\Http\\Request), Object(Closure))
#22 C:\\Users\\Marden\\Desktop\\Basic\\projetos\\web\\solucao-codigo-fonte\\vendor\\laravel\\framework\\src\\Illuminate\\Routing\\Pipeline.php(53): Illuminate\\Pipeline\\Pipeline->Illuminate\\Pipeline\\{closure}(Object(Illuminate\\Http\\Request))
#23 C:\\Users\\Marden\\Desktop\\Basic\\projetos\\web\\solucao-codigo-fonte\\vendor\\laravel\\framework\\src\\Illuminate\\Cookie\\Middleware\\AddQueuedCookiesToResponse.php(37): Illuminate\\Routing\\Pipeline->Illuminate\\Routing\\{closure}(Object(Illuminate\\Http\\Request))
#24 C:\\Users\\Marden\\Desktop\\Basic\\projetos\\web\\solucao-codigo-fonte\\vendor\\laravel\\framework\\src\\Illuminate\\Pipeline\\Pipeline.php(151): Illuminate\\Cookie\\Middleware\\AddQueuedCookiesToResponse->handle(Object(Illuminate\\Http\\Request), Object(Closure))
#25 C:\\Users\\Marden\\Desktop\\Basic\\projetos\\web\\solucao-codigo-fonte\\vendor\\laravel\\framework\\src\\Illuminate\\Routing\\Pipeline.php(53): Illuminate\\Pipeline\\Pipeline->Illuminate\\Pipeline\\{closure}(Object(Illuminate\\Http\\Request))
#26 C:\\Users\\Marden\\Desktop\\Basic\\projetos\\web\\solucao-codigo-fonte\\vendor\\laravel\\framework\\src\\Illuminate\\Cookie\\Middleware\\EncryptCookies.php(66): Illuminate\\Routing\\Pipeline->Illuminate\\Routing\\{closure}(Object(Illuminate\\Http\\Request))
#27 C:\\Users\\Marden\\Desktop\\Basic\\projetos\\web\\solucao-codigo-fonte\\vendor\\laravel\\framework\\src\\Illuminate\\Pipeline\\Pipeline.php(151): Illuminate\\Cookie\\Middleware\\EncryptCookies->handle(Object(Illuminate\\Http\\Request), Object(Closure))
#28 C:\\Users\\Marden\\Desktop\\Basic\\projetos\\web\\solucao-codigo-fonte\\vendor\\laravel\\framework\\src\\Illuminate\\Routing\\Pipeline.php(53): Illuminate\\Pipeline\\Pipeline->Illuminate\\Pipeline\\{closure}(Object(Illuminate\\Http\\Request))
#29 C:\\Users\\Marden\\Desktop\\Basic\\projetos\\web\\solucao-codigo-fonte\\vendor\\laravel\\framework\\src\\Illuminate\\Pipeline\\Pipeline.php(104): Illuminate\\Routing\\Pipeline->Illuminate\\Routing\\{closure}(Object(Illuminate\\Http\\Request))
#30 C:\\Users\\Marden\\Desktop\\Basic\\projetos\\web\\solucao-codigo-fonte\\vendor\\laravel\\framework\\src\\Illuminate\\Routing\\Router.php(684): Illuminate\\Pipeline\\Pipeline->then(Object(Closure))
#31 C:\\Users\\Marden\\Desktop\\Basic\\projetos\\web\\solucao-codigo-fonte\\vendor\\laravel\\framework\\src\\Illuminate\\Routing\\Router.php(659): Illuminate\\Routing\\Router->runRouteWithinStack(Object(Illuminate\\Routing\\Route), Object(Illuminate\\Http\\Request))
#32 C:\\Users\\Marden\\Desktop\\Basic\\projetos\\web\\solucao-codigo-fonte\\vendor\\laravel\\framework\\src\\Illuminate\\Routing\\Router.php(625): Illuminate\\Routing\\Router->runRoute(Object(Illuminate\\Http\\Request), Object(Illuminate\\Routing\\Route))
#33 C:\\Users\\Marden\\Desktop\\Basic\\projetos\\web\\solucao-codigo-fonte\\vendor\\laravel\\framework\\src\\Illuminate\\Routing\\Router.php(614): Illuminate\\Routing\\Router->dispatchToRoute(Object(Illuminate\\Http\\Request))
#34 C:\\Users\\Marden\\Desktop\\Basic\\projetos\\web\\solucao-codigo-fonte\\vendor\\laravel\\framework\\src\\Illuminate\\Foundation\\Http\\Kernel.php(176): Illuminate\\Routing\\Router->dispatch(Object(Illuminate\\Http\\Request))
#35 C:\\Users\\Marden\\Desktop\\Basic\\projetos\\web\\solucao-codigo-fonte\\vendor\\laravel\\framework\\src\\Illuminate\\Routing\\Pipeline.php(30): Illuminate\\Foundation\\Http\\Kernel->Illuminate\\Foundation\\Http\\{closure}(Object(Illuminate\\Http\\Request))
#36 C:\\Users\\Marden\\Desktop\\Basic\\projetos\\web\\solucao-codigo-fonte\\vendor\\barryvdh\\laravel-debugbar\\src\\Middleware\\InjectDebugbar.php(65): Illuminate\\Routing\\Pipeline->Illuminate\\Routing\\{closure}(Object(Illuminate\\Http\\Request))
#37 C:\\Users\\Marden\\Desktop\\Basic\\projetos\\web\\solucao-codigo-fonte\\vendor\\laravel\\framework\\src\\Illuminate\\Pipeline\\Pipeline.php(151): Barryvdh\\Debugbar\\Middleware\\InjectDebugbar->handle(Object(Illuminate\\Http\\Request), Object(Closure))
#38 C:\\Users\\Marden\\Desktop\\Basic\\projetos\\web\\solucao-codigo-fonte\\vendor\\laravel\\framework\\src\\Illuminate\\Routing\\Pipeline.php(53): Illuminate\\Pipeline\\Pipeline->Illuminate\\Pipeline\\{closure}(Object(Illuminate\\Http\\Request))
#39 C:\\Users\\Marden\\Desktop\\Basic\\projetos\\web\\solucao-codigo-fonte\\vendor\\fideloper\\proxy\\src\\TrustProxies.php(57): Illuminate\\Routing\\Pipeline->Illuminate\\Routing\\{closure}(Object(Illuminate\\Http\\Request))
#40 C:\\Users\\Marden\\Desktop\\Basic\\projetos\\web\\solucao-codigo-fonte\\vendor\\laravel\\framework\\src\\Illuminate\\Pipeline\\Pipeline.php(151): Fideloper\\Proxy\\TrustProxies->handle(Object(Illuminate\\Http\\Request), Object(Closure))
#41 C:\\Users\\Marden\\Desktop\\Basic\\projetos\\web\\solucao-codigo-fonte\\vendor\\laravel\\framework\\src\\Illuminate\\Routing\\Pipeline.php(53): Illuminate\\Pipeline\\Pipeline->Illuminate\\Pipeline\\{closure}(Object(Illuminate\\Http\\Request))
#42 C:\\Users\\Marden\\Desktop\\Basic\\projetos\\web\\solucao-codigo-fonte\\vendor\\laravel\\framework\\src\\Illuminate\\Foundation\\Http\\Middleware\\TransformsRequest.php(31): Illuminate\\Routing\\Pipeline->Illuminate\\Routing\\{closure}(Object(Illuminate\\Http\\Request))
#43 C:\\Users\\Marden\\Desktop\\Basic\\projetos\\web\\solucao-codigo-fonte\\vendor\\laravel\\framework\\src\\Illuminate\\Pipeline\\Pipeline.php(151): Illuminate\\Foundation\\Http\\Middleware\\TransformsRequest->handle(Object(Illuminate\\Http\\Request), Object(Closure))
#44 C:\\Users\\Marden\\Desktop\\Basic\\projetos\\web\\solucao-codigo-fonte\\vendor\\laravel\\framework\\src\\Illuminate\\Routing\\Pipeline.php(53): Illuminate\\Pipeline\\Pipeline->Illuminate\\Pipeline\\{closure}(Object(Illuminate\\Http\\Request))
#45 C:\\Users\\Marden\\Desktop\\Basic\\projetos\\web\\solucao-codigo-fonte\\vendor\\laravel\\framework\\src\\Illuminate\\Foundation\\Http\\Middleware\\TransformsRequest.php(31): Illuminate\\Routing\\Pipeline->Illuminate\\Routing\\{closure}(Object(Illuminate\\Http\\Request))
#46 C:\\Users\\Marden\\Desktop\\Basic\\projetos\\web\\solucao-codigo-fonte\\vendor\\laravel\\framework\\src\\Illuminate\\Pipeline\\Pipeline.php(151): Illuminate\\Foundation\\Http\\Middleware\\TransformsRequest->handle(Object(Illuminate\\Http\\Request), Object(Closure))
#47 C:\\Users\\Marden\\Desktop\\Basic\\projetos\\web\\solucao-codigo-fonte\\vendor\\laravel\\framework\\src\\Illuminate\\Routing\\Pipeline.php(53): Illuminate\\Pipeline\\Pipeline->Illuminate\\Pipeline\\{closure}(Object(Illuminate\\Http\\Request))
#48 C:\\Users\\Marden\\Desktop\\Basic\\projetos\\web\\solucao-codigo-fonte\\vendor\\laravel\\framework\\src\\Illuminate\\Foundation\\Http\\Middleware\\ValidatePostSize.php(27): Illuminate\\Routing\\Pipeline->Illuminate\\Routing\\{closure}(Object(Illuminate\\Http\\Request))
#49 C:\\Users\\Marden\\Desktop\\Basic\\projetos\\web\\solucao-codigo-fonte\\vendor\\laravel\\framework\\src\\Illuminate\\Pipeline\\Pipeline.php(151): Illuminate\\Foundation\\Http\\Middleware\\ValidatePostSize->handle(Object(Illuminate\\Http\\Request), Object(Closure))
#50 C:\\Users\\Marden\\Desktop\\Basic\\projetos\\web\\solucao-codigo-fonte\\vendor\\laravel\\framework\\src\\Illuminate\\Routing\\Pipeline.php(53): Illuminate\\Pipeline\\Pipeline->Illuminate\\Pipeline\\{closure}(Object(Illuminate\\Http\\Request))
#51 C:\\Users\\Marden\\Desktop\\Basic\\projetos\\web\\solucao-codigo-fonte\\vendor\\laravel\\framework\\src\\Illuminate\\Foundation\\Http\\Middleware\\CheckForMaintenanceMode.php(62): Illuminate\\Routing\\Pipeline->Illuminate\\Routing\\{closure}(Object(Illuminate\\Http\\Request))
#52 C:\\Users\\Marden\\Desktop\\Basic\\projetos\\web\\solucao-codigo-fonte\\vendor\\laravel\\framework\\src\\Illuminate\\Pipeline\\Pipeline.php(151): Illuminate\\Foundation\\Http\\Middleware\\CheckForMaintenanceMode->handle(Object(Illuminate\\Http\\Request), Object(Closure))
#53 C:\\Users\\Marden\\Desktop\\Basic\\projetos\\web\\solucao-codigo-fonte\\vendor\\laravel\\framework\\src\\Illuminate\\Routing\\Pipeline.php(53): Illuminate\\Pipeline\\Pipeline->Illuminate\\Pipeline\\{closure}(Object(Illuminate\\Http\\Request))
#54 C:\\Users\\Marden\\Desktop\\Basic\\projetos\\web\\solucao-codigo-fonte\\vendor\\laravel\\framework\\src\\Illuminate\\Pipeline\\Pipeline.php(104): Illuminate\\Routing\\Pipeline->Illuminate\\Routing\\{closure}(Object(Illuminate\\Http\\Request))
#55 C:\\Users\\Marden\\Desktop\\Basic\\projetos\\web\\solucao-codigo-fonte\\vendor\\laravel\\framework\\src\\Illuminate\\Foundation\\Http\\Kernel.php(151): Illuminate\\Pipeline\\Pipeline->then(Object(Closure))
#56 C:\\Users\\Marden\\Desktop\\Basic\\projetos\\web\\solucao-codigo-fonte\\vendor\\laravel\\framework\\src\\Illuminate\\Foundation\\Http\\Kernel.php(116): Illuminate\\Foundation\\Http\\Kernel->sendRequestThroughRouter(Object(Illuminate\\Http\\Request))
#57 C:\\Users\\Marden\\Desktop\\Basic\\projetos\\web\\solucao-codigo-fonte\\public\\index.php(55): Illuminate\\Foundation\\Http\\Kernel->handle(Object(Illuminate\\Http\\Request))
#58 C:\\Users\\Marden\\Desktop\\Basic\\projetos\\web\\solucao-codigo-fonte\\server.php(21): require_once('C:\\\\Users\\\\Marden...')
#59 {main}
"} 
[2018-12-26 12:42:14] local.ERROR: Trying to get property 'operador' of non-object {"userId":1,"email":"mardenmc22@gmail.com","exception":"[object] (ErrorException(code: 0): Trying to get property 'operador' of non-object at C:\\Users\\Marden\\Desktop\\Basic\\projetos\\web\\solucao-codigo-fonte\\app\\Http\\Controllers\\Admin\\GerenciamentosController.php:60)
[stacktrace]
#0 C:\\Users\\Marden\\Desktop\\Basic\\projetos\\web\\solucao-codigo-fonte\\app\\Http\\Controllers\\Admin\\GerenciamentosController.php(60): Illuminate\\Foundation\\Bootstrap\\HandleExceptions->handleError(8, 'Trying to get p...', 'C:\\\\Users\\\\Marden...', 60, Array)
#1 [internal function]: App\\Http\\Controllers\\Admin\\GerenciamentosController->store(Object(Illuminate\\Http\\Request))
#2 C:\\Users\\Marden\\Desktop\\Basic\\projetos\\web\\solucao-codigo-fonte\\vendor\\laravel\\framework\\src\\Illuminate\\Routing\\Controller.php(54): call_user_func_array(Array, Array)
#3 C:\\Users\\Marden\\Desktop\\Basic\\projetos\\web\\solucao-codigo-fonte\\vendor\\laravel\\framework\\src\\Illuminate\\Routing\\ControllerDispatcher.php(45): Illuminate\\Routing\\Controller->callAction('store', Array)
#4 C:\\Users\\Marden\\Desktop\\Basic\\projetos\\web\\solucao-codigo-fonte\\vendor\\laravel\\framework\\src\\Illuminate\\Routing\\Route.php(212): Illuminate\\Routing\\ControllerDispatcher->dispatch(Object(Illuminate\\Routing\\Route), Object(App\\Http\\Controllers\\Admin\\GerenciamentosController), 'store')
#5 C:\\Users\\Marden\\Desktop\\Basic\\projetos\\web\\solucao-codigo-fonte\\vendor\\laravel\\framework\\src\\Illuminate\\Routing\\Route.php(169): Illuminate\\Routing\\Route->runController()
#6 C:\\Users\\Marden\\Desktop\\Basic\\projetos\\web\\solucao-codigo-fonte\\vendor\\laravel\\framework\\src\\Illuminate\\Routing\\Router.php(682): Illuminate\\Routing\\Route->run()
#7 C:\\Users\\Marden\\Desktop\\Basic\\projetos\\web\\solucao-codigo-fonte\\vendor\\laravel\\framework\\src\\Illuminate\\Routing\\Pipeline.php(30): Illuminate\\Routing\\Router->Illuminate\\Routing\\{closure}(Object(Illuminate\\Http\\Request))
#8 C:\\Users\\Marden\\Desktop\\Basic\\projetos\\web\\solucao-codigo-fonte\\vendor\\laravel\\framework\\src\\Illuminate\\Routing\\Middleware\\SubstituteBindings.php(41): Illuminate\\Routing\\Pipeline->Illuminate\\Routing\\{closure}(Object(Illuminate\\Http\\Request))
#9 C:\\Users\\Marden\\Desktop\\Basic\\projetos\\web\\solucao-codigo-fonte\\vendor\\laravel\\framework\\src\\Illuminate\\Pipeline\\Pipeline.php(151): Illuminate\\Routing\\Middleware\\SubstituteBindings->handle(Object(Illuminate\\Http\\Request), Object(Closure))
#10 C:\\Users\\Marden\\Desktop\\Basic\\projetos\\web\\solucao-codigo-fonte\\vendor\\laravel\\framework\\src\\Illuminate\\Routing\\Pipeline.php(53): Illuminate\\Pipeline\\Pipeline->Illuminate\\Pipeline\\{closure}(Object(Illuminate\\Http\\Request))
#11 C:\\Users\\Marden\\Desktop\\Basic\\projetos\\web\\solucao-codigo-fonte\\vendor\\laravel\\framework\\src\\Illuminate\\Auth\\Middleware\\Authenticate.php(43): Illuminate\\Routing\\Pipeline->Illuminate\\Routing\\{closure}(Object(Illuminate\\Http\\Request))
#12 C:\\Users\\Marden\\Desktop\\Basic\\projetos\\web\\solucao-codigo-fonte\\vendor\\laravel\\framework\\src\\Illuminate\\Pipeline\\Pipeline.php(151): Illuminate\\Auth\\Middleware\\Authenticate->handle(Object(Illuminate\\Http\\Request), Object(Closure))
#13 C:\\Users\\Marden\\Desktop\\Basic\\projetos\\web\\solucao-codigo-fonte\\vendor\\laravel\\framework\\src\\Illuminate\\Routing\\Pipeline.php(53): Illuminate\\Pipeline\\Pipeline->Illuminate\\Pipeline\\{closure}(Object(Illuminate\\Http\\Request))
#14 C:\\Users\\Marden\\Desktop\\Basic\\projetos\\web\\solucao-codigo-fonte\\vendor\\laravel\\framework\\src\\Illuminate\\Foundation\\Http\\Middleware\\VerifyCsrfToken.php(75): Illuminate\\Routing\\Pipeline->Illuminate\\Routing\\{closure}(Object(Illuminate\\Http\\Request))
#15 C:\\Users\\Marden\\Desktop\\Basic\\projetos\\web\\solucao-codigo-fonte\\vendor\\laravel\\framework\\src\\Illuminate\\Pipeline\\Pipeline.php(151): Illuminate\\Foundation\\Http\\Middleware\\VerifyCsrfToken->handle(Object(Illuminate\\Http\\Request), Object(Closure))
#16 C:\\Users\\Marden\\Desktop\\Basic\\projetos\\web\\solucao-codigo-fonte\\vendor\\laravel\\framework\\src\\Illuminate\\Routing\\Pipeline.php(53): Illuminate\\Pipeline\\Pipeline->Illuminate\\Pipeline\\{closure}(Object(Illuminate\\Http\\Request))
#17 C:\\Users\\Marden\\Desktop\\Basic\\projetos\\web\\solucao-codigo-fonte\\vendor\\laravel\\framework\\src\\Illuminate\\View\\Middleware\\ShareErrorsFromSession.php(49): Illuminate\\Routing\\Pipeline->Illuminate\\Routing\\{closure}(Object(Illuminate\\Http\\Request))
#18 C:\\Users\\Marden\\Desktop\\Basic\\projetos\\web\\solucao-codigo-fonte\\vendor\\laravel\\framework\\src\\Illuminate\\Pipeline\\Pipeline.php(151): Illuminate\\View\\Middleware\\ShareErrorsFromSession->handle(Object(Illuminate\\Http\\Request), Object(Closure))
#19 C:\\Users\\Marden\\Desktop\\Basic\\projetos\\web\\solucao-codigo-fonte\\vendor\\laravel\\framework\\src\\Illuminate\\Routing\\Pipeline.php(53): Illuminate\\Pipeline\\Pipeline->Illuminate\\Pipeline\\{closure}(Object(Illuminate\\Http\\Request))
#20 C:\\Users\\Marden\\Desktop\\Basic\\projetos\\web\\solucao-codigo-fonte\\vendor\\laravel\\framework\\src\\Illuminate\\Session\\Middleware\\StartSession.php(63): Illuminate\\Routing\\Pipeline->Illuminate\\Routing\\{closure}(Object(Illuminate\\Http\\Request))
#21 C:\\Users\\Marden\\Desktop\\Basic\\projetos\\web\\solucao-codigo-fonte\\vendor\\laravel\\framework\\src\\Illuminate\\Pipeline\\Pipeline.php(151): Illuminate\\Session\\Middleware\\StartSession->handle(Object(Illuminate\\Http\\Request), Object(Closure))
#22 C:\\Users\\Marden\\Desktop\\Basic\\projetos\\web\\solucao-codigo-fonte\\vendor\\laravel\\framework\\src\\Illuminate\\Routing\\Pipeline.php(53): Illuminate\\Pipeline\\Pipeline->Illuminate\\Pipeline\\{closure}(Object(Illuminate\\Http\\Request))
#23 C:\\Users\\Marden\\Desktop\\Basic\\projetos\\web\\solucao-codigo-fonte\\vendor\\laravel\\framework\\src\\Illuminate\\Cookie\\Middleware\\AddQueuedCookiesToResponse.php(37): Illuminate\\Routing\\Pipeline->Illuminate\\Routing\\{closure}(Object(Illuminate\\Http\\Request))
#24 C:\\Users\\Marden\\Desktop\\Basic\\projetos\\web\\solucao-codigo-fonte\\vendor\\laravel\\framework\\src\\Illuminate\\Pipeline\\Pipeline.php(151): Illuminate\\Cookie\\Middleware\\AddQueuedCookiesToResponse->handle(Object(Illuminate\\Http\\Request), Object(Closure))
#25 C:\\Users\\Marden\\Desktop\\Basic\\projetos\\web\\solucao-codigo-fonte\\vendor\\laravel\\framework\\src\\Illuminate\\Routing\\Pipeline.php(53): Illuminate\\Pipeline\\Pipeline->Illuminate\\Pipeline\\{closure}(Object(Illuminate\\Http\\Request))
#26 C:\\Users\\Marden\\Desktop\\Basic\\projetos\\web\\solucao-codigo-fonte\\vendor\\laravel\\framework\\src\\Illuminate\\Cookie\\Middleware\\EncryptCookies.php(66): Illuminate\\Routing\\Pipeline->Illuminate\\Routing\\{closure}(Object(Illuminate\\Http\\Request))
#27 C:\\Users\\Marden\\Desktop\\Basic\\projetos\\web\\solucao-codigo-fonte\\vendor\\laravel\\framework\\src\\Illuminate\\Pipeline\\Pipeline.php(151): Illuminate\\Cookie\\Middleware\\EncryptCookies->handle(Object(Illuminate\\Http\\Request), Object(Closure))
#28 C:\\Users\\Marden\\Desktop\\Basic\\projetos\\web\\solucao-codigo-fonte\\vendor\\laravel\\framework\\src\\Illuminate\\Routing\\Pipeline.php(53): Illuminate\\Pipeline\\Pipeline->Illuminate\\Pipeline\\{closure}(Object(Illuminate\\Http\\Request))
#29 C:\\Users\\Marden\\Desktop\\Basic\\projetos\\web\\solucao-codigo-fonte\\vendor\\laravel\\framework\\src\\Illuminate\\Pipeline\\Pipeline.php(104): Illuminate\\Routing\\Pipeline->Illuminate\\Routing\\{closure}(Object(Illuminate\\Http\\Request))
#30 C:\\Users\\Marden\\Desktop\\Basic\\projetos\\web\\solucao-codigo-fonte\\vendor\\laravel\\framework\\src\\Illuminate\\Routing\\Router.php(684): Illuminate\\Pipeline\\Pipeline->then(Object(Closure))
#31 C:\\Users\\Marden\\Desktop\\Basic\\projetos\\web\\solucao-codigo-fonte\\vendor\\laravel\\framework\\src\\Illuminate\\Routing\\Router.php(659): Illuminate\\Routing\\Router->runRouteWithinStack(Object(Illuminate\\Routing\\Route), Object(Illuminate\\Http\\Request))
#32 C:\\Users\\Marden\\Desktop\\Basic\\projetos\\web\\solucao-codigo-fonte\\vendor\\laravel\\framework\\src\\Illuminate\\Routing\\Router.php(625): Illuminate\\Routing\\Router->runRoute(Object(Illuminate\\Http\\Request), Object(Illuminate\\Routing\\Route))
#33 C:\\Users\\Marden\\Desktop\\Basic\\projetos\\web\\solucao-codigo-fonte\\vendor\\laravel\\framework\\src\\Illuminate\\Routing\\Router.php(614): Illuminate\\Routing\\Router->dispatchToRoute(Object(Illuminate\\Http\\Request))
#34 C:\\Users\\Marden\\Desktop\\Basic\\projetos\\web\\solucao-codigo-fonte\\vendor\\laravel\\framework\\src\\Illuminate\\Foundation\\Http\\Kernel.php(176): Illuminate\\Routing\\Router->dispatch(Object(Illuminate\\Http\\Request))
#35 C:\\Users\\Marden\\Desktop\\Basic\\projetos\\web\\solucao-codigo-fonte\\vendor\\laravel\\framework\\src\\Illuminate\\Routing\\Pipeline.php(30): Illuminate\\Foundation\\Http\\Kernel->Illuminate\\Foundation\\Http\\{closure}(Object(Illuminate\\Http\\Request))
#36 C:\\Users\\Marden\\Desktop\\Basic\\projetos\\web\\solucao-codigo-fonte\\vendor\\barryvdh\\laravel-debugbar\\src\\Middleware\\InjectDebugbar.php(65): Illuminate\\Routing\\Pipeline->Illuminate\\Routing\\{closure}(Object(Illuminate\\Http\\Request))
#37 C:\\Users\\Marden\\Desktop\\Basic\\projetos\\web\\solucao-codigo-fonte\\vendor\\laravel\\framework\\src\\Illuminate\\Pipeline\\Pipeline.php(151): Barryvdh\\Debugbar\\Middleware\\InjectDebugbar->handle(Object(Illuminate\\Http\\Request), Object(Closure))
#38 C:\\Users\\Marden\\Desktop\\Basic\\projetos\\web\\solucao-codigo-fonte\\vendor\\laravel\\framework\\src\\Illuminate\\Routing\\Pipeline.php(53): Illuminate\\Pipeline\\Pipeline->Illuminate\\Pipeline\\{closure}(Object(Illuminate\\Http\\Request))
#39 C:\\Users\\Marden\\Desktop\\Basic\\projetos\\web\\solucao-codigo-fonte\\vendor\\fideloper\\proxy\\src\\TrustProxies.php(57): Illuminate\\Routing\\Pipeline->Illuminate\\Routing\\{closure}(Object(Illuminate\\Http\\Request))
#40 C:\\Users\\Marden\\Desktop\\Basic\\projetos\\web\\solucao-codigo-fonte\\vendor\\laravel\\framework\\src\\Illuminate\\Pipeline\\Pipeline.php(151): Fideloper\\Proxy\\TrustProxies->handle(Object(Illuminate\\Http\\Request), Object(Closure))
#41 C:\\Users\\Marden\\Desktop\\Basic\\projetos\\web\\solucao-codigo-fonte\\vendor\\laravel\\framework\\src\\Illuminate\\Routing\\Pipeline.php(53): Illuminate\\Pipeline\\Pipeline->Illuminate\\Pipeline\\{closure}(Object(Illuminate\\Http\\Request))
#42 C:\\Users\\Marden\\Desktop\\Basic\\projetos\\web\\solucao-codigo-fonte\\vendor\\laravel\\framework\\src\\Illuminate\\Foundation\\Http\\Middleware\\TransformsRequest.php(31): Illuminate\\Routing\\Pipeline->Illuminate\\Routing\\{closure}(Object(Illuminate\\Http\\Request))
#43 C:\\Users\\Marden\\Desktop\\Basic\\projetos\\web\\solucao-codigo-fonte\\vendor\\laravel\\framework\\src\\Illuminate\\Pipeline\\Pipeline.php(151): Illuminate\\Foundation\\Http\\Middleware\\TransformsRequest->handle(Object(Illuminate\\Http\\Request), Object(Closure))
#44 C:\\Users\\Marden\\Desktop\\Basic\\projetos\\web\\solucao-codigo-fonte\\vendor\\laravel\\framework\\src\\Illuminate\\Routing\\Pipeline.php(53): Illuminate\\Pipeline\\Pipeline->Illuminate\\Pipeline\\{closure}(Object(Illuminate\\Http\\Request))
#45 C:\\Users\\Marden\\Desktop\\Basic\\projetos\\web\\solucao-codigo-fonte\\vendor\\laravel\\framework\\src\\Illuminate\\Foundation\\Http\\Middleware\\TransformsRequest.php(31): Illuminate\\Routing\\Pipeline->Illuminate\\Routing\\{closure}(Object(Illuminate\\Http\\Request))
#46 C:\\Users\\Marden\\Desktop\\Basic\\projetos\\web\\solucao-codigo-fonte\\vendor\\laravel\\framework\\src\\Illuminate\\Pipeline\\Pipeline.php(151): Illuminate\\Foundation\\Http\\Middleware\\TransformsRequest->handle(Object(Illuminate\\Http\\Request), Object(Closure))
#47 C:\\Users\\Marden\\Desktop\\Basic\\projetos\\web\\solucao-codigo-fonte\\vendor\\laravel\\framework\\src\\Illuminate\\Routing\\Pipeline.php(53): Illuminate\\Pipeline\\Pipeline->Illuminate\\Pipeline\\{closure}(Object(Illuminate\\Http\\Request))
#48 C:\\Users\\Marden\\Desktop\\Basic\\projetos\\web\\solucao-codigo-fonte\\vendor\\laravel\\framework\\src\\Illuminate\\Foundation\\Http\\Middleware\\ValidatePostSize.php(27): Illuminate\\Routing\\Pipeline->Illuminate\\Routing\\{closure}(Object(Illuminate\\Http\\Request))
#49 C:\\Users\\Marden\\Desktop\\Basic\\projetos\\web\\solucao-codigo-fonte\\vendor\\laravel\\framework\\src\\Illuminate\\Pipeline\\Pipeline.php(151): Illuminate\\Foundation\\Http\\Middleware\\ValidatePostSize->handle(Object(Illuminate\\Http\\Request), Object(Closure))
#50 C:\\Users\\Marden\\Desktop\\Basic\\projetos\\web\\solucao-codigo-fonte\\vendor\\laravel\\framework\\src\\Illuminate\\Routing\\Pipeline.php(53): Illuminate\\Pipeline\\Pipeline->Illuminate\\Pipeline\\{closure}(Object(Illuminate\\Http\\Request))
#51 C:\\Users\\Marden\\Desktop\\Basic\\projetos\\web\\solucao-codigo-fonte\\vendor\\laravel\\framework\\src\\Illuminate\\Foundation\\Http\\Middleware\\CheckForMaintenanceMode.php(62): Illuminate\\Routing\\Pipeline->Illuminate\\Routing\\{closure}(Object(Illuminate\\Http\\Request))
#52 C:\\Users\\Marden\\Desktop\\Basic\\projetos\\web\\solucao-codigo-fonte\\vendor\\laravel\\framework\\src\\Illuminate\\Pipeline\\Pipeline.php(151): Illuminate\\Foundation\\Http\\Middleware\\CheckForMaintenanceMode->handle(Object(Illuminate\\Http\\Request), Object(Closure))
#53 C:\\Users\\Marden\\Desktop\\Basic\\projetos\\web\\solucao-codigo-fonte\\vendor\\laravel\\framework\\src\\Illuminate\\Routing\\Pipeline.php(53): Illuminate\\Pipeline\\Pipeline->Illuminate\\Pipeline\\{closure}(Object(Illuminate\\Http\\Request))
#54 C:\\Users\\Marden\\Desktop\\Basic\\projetos\\web\\solucao-codigo-fonte\\vendor\\laravel\\framework\\src\\Illuminate\\Pipeline\\Pipeline.php(104): Illuminate\\Routing\\Pipeline->Illuminate\\Routing\\{closure}(Object(Illuminate\\Http\\Request))
#55 C:\\Users\\Marden\\Desktop\\Basic\\projetos\\web\\solucao-codigo-fonte\\vendor\\laravel\\framework\\src\\Illuminate\\Foundation\\Http\\Kernel.php(151): Illuminate\\Pipeline\\Pipeline->then(Object(Closure))
#56 C:\\Users\\Marden\\Desktop\\Basic\\projetos\\web\\solucao-codigo-fonte\\vendor\\laravel\\framework\\src\\Illuminate\\Foundation\\Http\\Kernel.php(116): Illuminate\\Foundation\\Http\\Kernel->sendRequestThroughRouter(Object(Illuminate\\Http\\Request))
#57 C:\\Users\\Marden\\Desktop\\Basic\\projetos\\web\\solucao-codigo-fonte\\public\\index.php(55): Illuminate\\Foundation\\Http\\Kernel->handle(Object(Illuminate\\Http\\Request))
#58 C:\\Users\\Marden\\Desktop\\Basic\\projetos\\web\\solucao-codigo-fonte\\server.php(21): require_once('C:\\\\Users\\\\Marden...')
#59 {main}
"} 
