[2018-12-05 16:10:39] local.ERROR: SQLSTATE[HY000] [1045] Access denied for user 'root'@'localhost' (using password: YES) (SQL: select * from `users` where `email` = mardenmc22@gmail.com and `users`.`deleted_at` is null limit 1) {"exception":"[object] (Illuminate\\Database\\QueryException(code: 1045): SQLSTATE[HY000] [1045] Access denied for user 'root'@'localhost' (using password: YES) (SQL: select * from `users` where `email` = mardenmc22@gmail.com and `users`.`deleted_at` is null limit 1) at C:\\Users\\Marden\\Desktop\\Basic\\projetos\\web\\solucao-codigo-fonte\\vendor\\laravel\\framework\\src\\Illuminate\\Database\\Connection.php:664, PDOException(code: 1045): SQLSTATE[HY000] [1045] Access denied for user 'root'@'localhost' (using password: YES) at C:\\Users\\Marden\\Desktop\\Basic\\projetos\\web\\solucao-codigo-fonte\\vendor\\laravel\\framework\\src\\Illuminate\\Database\\Connectors\\Connector.php:70)
[stacktrace]
#0 C:\\Users\\Marden\\Desktop\\Basic\\projetos\\web\\solucao-codigo-fonte\\vendor\\laravel\\framework\\src\\Illuminate\\Database\\Connection.php(624): Illuminate\\Database\\Connection->runQueryCallback('select * from `...', Array, Object(Closure))
#1 C:\\Users\\Marden\\Desktop\\Basic\\projetos\\web\\solucao-codigo-fonte\\vendor\\laravel\\framework\\src\\Illuminate\\Database\\Connection.php(333): Illuminate\\Database\\Connection->run('select * from `...', Array, Object(Closure))
#2 C:\\Users\\Marden\\Desktop\\Basic\\projetos\\web\\solucao-codigo-fonte\\vendor\\laravel\\framework\\src\\Illuminate\\Database\\Query\\Builder.php(2062): Illuminate\\Database\\Connection->select('select * from `...', Array, true)
#3 C:\\Users\\Marden\\Desktop\\Basic\\projetos\\web\\solucao-codigo-fonte\\vendor\\laravel\\framework\\src\\Illuminate\\Database\\Query\\Builder.php(2050): Illuminate\\Database\\Query\\Builder->runSelect()
#4 C:\\Users\\Marden\\Desktop\\Basic\\projetos\\web\\solucao-codigo-fonte\\vendor\\laravel\\framework\\src\\Illuminate\\Database\\Query\\Builder.php(2536): Illuminate\\Database\\Query\\Builder->Illuminate\\Database\\Query\\{closure}()
#5 C:\\Users\\Marden\\Desktop\\Basic\\projetos\\web\\solucao-codigo-fonte\\vendor\\laravel\\framework\\src\\Illuminate\\Database\\Query\\Builder.php(2051): Illuminate\\Database\\Query\\Builder->onceWithColumns(Array, Object(Closure))
#6 C:\\Users\\Marden\\Desktop\\Basic\\projetos\\web\\solucao-codigo-fonte\\vendor\\laravel\\framework\\src\\Illuminate\\Database\\Eloquent\\Builder.php(516): Illuminate\\Database\\Query\\Builder->get(Array)
#7 C:\\Users\\Marden\\Desktop\\Basic\\projetos\\web\\solucao-codigo-fonte\\vendor\\laravel\\framework\\src\\Illuminate\\Database\\Eloquent\\Builder.php(500): Illuminate\\Database\\Eloquent\\Builder->getModels(Array)
#8 C:\\Users\\Marden\\Desktop\\Basic\\projetos\\web\\solucao-codigo-fonte\\vendor\\laravel\\framework\\src\\Illuminate\\Database\\Concerns\\BuildsQueries.php(77): Illuminate\\Database\\Eloquent\\Builder->get(Array)
#9 C:\\Users\\Marden\\Desktop\\Basic\\projetos\\web\\solucao-codigo-fonte\\vendor\\laravel\\framework\\src\\Illuminate\\Auth\\EloquentUserProvider.php(128): Illuminate\\Database\\Eloquent\\Builder->first()
#10 C:\\Users\\Marden\\Desktop\\Basic\\projetos\\web\\solucao-codigo-fonte\\vendor\\laravel\\framework\\src\\Illuminate\\Auth\\SessionGuard.php(351): Illuminate\\Auth\\EloquentUserProvider->retrieveByCredentials(Array)
#11 C:\\Users\\Marden\\Desktop\\Basic\\projetos\\web\\solucao-codigo-fonte\\vendor\\laravel\\framework\\src\\Illuminate\\Foundation\\Auth\\AuthenticatesUsers.php(81): Illuminate\\Auth\\SessionGuard->attempt(Array, false)
#12 C:\\Users\\Marden\\Desktop\\Basic\\projetos\\web\\solucao-codigo-fonte\\vendor\\laravel\\framework\\src\\Illuminate\\Foundation\\Auth\\AuthenticatesUsers.php(44): App\\Http\\Controllers\\Auth\\LoginController->attemptLogin(Object(Illuminate\\Http\\Request))
#13 [internal function]: App\\Http\\Controllers\\Auth\\LoginController->login(Object(Illuminate\\Http\\Request))
#14 C:\\Users\\Marden\\Desktop\\Basic\\projetos\\web\\solucao-codigo-fonte\\vendor\\laravel\\framework\\src\\Illuminate\\Routing\\Controller.php(54): call_user_func_array(Array, Array)
#15 C:\\Users\\Marden\\Desktop\\Basic\\projetos\\web\\solucao-codigo-fonte\\vendor\\laravel\\framework\\src\\Illuminate\\Routing\\ControllerDispatcher.php(45): Illuminate\\Routing\\Controller->callAction('login', Array)
#16 C:\\Users\\Marden\\Desktop\\Basic\\projetos\\web\\solucao-codigo-fonte\\vendor\\laravel\\framework\\src\\Illuminate\\Routing\\Route.php(212): Illuminate\\Routing\\ControllerDispatcher->dispatch(Object(Illuminate\\Routing\\Route), Object(App\\Http\\Controllers\\Auth\\LoginController), 'login')
#17 C:\\Users\\Marden\\Desktop\\Basic\\projetos\\web\\solucao-codigo-fonte\\vendor\\laravel\\framework\\src\\Illuminate\\Routing\\Route.php(169): Illuminate\\Routing\\Route->runController()
#18 C:\\Users\\Marden\\Desktop\\Basic\\projetos\\web\\solucao-codigo-fonte\\vendor\\laravel\\framework\\src\\Illuminate\\Routing\\Router.php(682): Illuminate\\Routing\\Route->run()
#19 C:\\Users\\Marden\\Desktop\\Basic\\projetos\\web\\solucao-codigo-fonte\\vendor\\laravel\\framework\\src\\Illuminate\\Routing\\Pipeline.php(30): Illuminate\\Routing\\Router->Illuminate\\Routing\\{closure}(Object(Illuminate\\Http\\Request))
#20 C:\\Users\\Marden\\Desktop\\Basic\\projetos\\web\\solucao-codigo-fonte\\app\\Http\\Middleware\\RedirectIfAuthenticated.php(24): Illuminate\\Routing\\Pipeline->Illuminate\\Routing\\{closure}(Object(Illuminate\\Http\\Request))
#21 C:\\Users\\Marden\\Desktop\\Basic\\projetos\\web\\solucao-codigo-fonte\\vendor\\laravel\\framework\\src\\Illuminate\\Pipeline\\Pipeline.php(151): App\\Http\\Middleware\\RedirectIfAuthenticated->handle(Object(Illuminate\\Http\\Request), Object(Closure))
#22 C:\\Users\\Marden\\Desktop\\Basic\\projetos\\web\\solucao-codigo-fonte\\vendor\\laravel\\framework\\src\\Illuminate\\Routing\\Pipeline.php(53): Illuminate\\Pipeline\\Pipeline->Illuminate\\Pipeline\\{closure}(Object(Illuminate\\Http\\Request))
#23 C:\\Users\\Marden\\Desktop\\Basic\\projetos\\web\\solucao-codigo-fonte\\vendor\\laravel\\framework\\src\\Illuminate\\Routing\\Middleware\\SubstituteBindings.php(41): Illuminate\\Routing\\Pipeline->Illuminate\\Routing\\{closure}(Object(Illuminate\\Http\\Request))
#24 C:\\Users\\Marden\\Desktop\\Basic\\projetos\\web\\solucao-codigo-fonte\\vendor\\laravel\\framework\\src\\Illuminate\\Pipeline\\Pipeline.php(151): Illuminate\\Routing\\Middleware\\SubstituteBindings->handle(Object(Illuminate\\Http\\Request), Object(Closure))
#25 C:\\Users\\Marden\\Desktop\\Basic\\projetos\\web\\solucao-codigo-fonte\\vendor\\laravel\\framework\\src\\Illuminate\\Routing\\Pipeline.php(53): Illuminate\\Pipeline\\Pipeline->Illuminate\\Pipeline\\{closure}(Object(Illuminate\\Http\\Request))
#26 C:\\Users\\Marden\\Desktop\\Basic\\projetos\\web\\solucao-codigo-fonte\\vendor\\laravel\\framework\\src\\Illuminate\\Foundation\\Http\\Middleware\\VerifyCsrfToken.php(75): Illuminate\\Routing\\Pipeline->Illuminate\\Routing\\{closure}(Object(Illuminate\\Http\\Request))
#27 C:\\Users\\Marden\\Desktop\\Basic\\projetos\\web\\solucao-codigo-fonte\\vendor\\laravel\\framework\\src\\Illuminate\\Pipeline\\Pipeline.php(151): Illuminate\\Foundation\\Http\\Middleware\\VerifyCsrfToken->handle(Object(Illuminate\\Http\\Request), Object(Closure))
#28 C:\\Users\\Marden\\Desktop\\Basic\\projetos\\web\\solucao-codigo-fonte\\vendor\\laravel\\framework\\src\\Illuminate\\Routing\\Pipeline.php(53): Illuminate\\Pipeline\\Pipeline->Illuminate\\Pipeline\\{closure}(Object(Illuminate\\Http\\Request))
#29 C:\\Users\\Marden\\Desktop\\Basic\\projetos\\web\\solucao-codigo-fonte\\vendor\\laravel\\framework\\src\\Illuminate\\View\\Middleware\\ShareErrorsFromSession.php(49): Illuminate\\Routing\\Pipeline->Illuminate\\Routing\\{closure}(Object(Illuminate\\Http\\Request))
#30 C:\\Users\\Marden\\Desktop\\Basic\\projetos\\web\\solucao-codigo-fonte\\vendor\\laravel\\framework\\src\\Illuminate\\Pipeline\\Pipeline.php(151): Illuminate\\View\\Middleware\\ShareErrorsFromSession->handle(Object(Illuminate\\Http\\Request), Object(Closure))
#31 C:\\Users\\Marden\\Desktop\\Basic\\projetos\\web\\solucao-codigo-fonte\\vendor\\laravel\\framework\\src\\Illuminate\\Routing\\Pipeline.php(53): Illuminate\\Pipeline\\Pipeline->Illuminate\\Pipeline\\{closure}(Object(Illuminate\\Http\\Request))
#32 C:\\Users\\Marden\\Desktop\\Basic\\projetos\\web\\solucao-codigo-fonte\\vendor\\laravel\\framework\\src\\Illuminate\\Session\\Middleware\\StartSession.php(63): Illuminate\\Routing\\Pipeline->Illuminate\\Routing\\{closure}(Object(Illuminate\\Http\\Request))
#33 C:\\Users\\Marden\\Desktop\\Basic\\projetos\\web\\solucao-codigo-fonte\\vendor\\laravel\\framework\\src\\Illuminate\\Pipeline\\Pipeline.php(151): Illuminate\\Session\\Middleware\\StartSession->handle(Object(Illuminate\\Http\\Request), Object(Closure))
#34 C:\\Users\\Marden\\Desktop\\Basic\\projetos\\web\\solucao-codigo-fonte\\vendor\\laravel\\framework\\src\\Illuminate\\Routing\\Pipeline.php(53): Illuminate\\Pipeline\\Pipeline->Illuminate\\Pipeline\\{closure}(Object(Illuminate\\Http\\Request))
#35 C:\\Users\\Marden\\Desktop\\Basic\\projetos\\web\\solucao-codigo-fonte\\vendor\\laravel\\framework\\src\\Illuminate\\Cookie\\Middleware\\AddQueuedCookiesToResponse.php(37): Illuminate\\Routing\\Pipeline->Illuminate\\Routing\\{closure}(Object(Illuminate\\Http\\Request))
#36 C:\\Users\\Marden\\Desktop\\Basic\\projetos\\web\\solucao-codigo-fonte\\vendor\\laravel\\framework\\src\\Illuminate\\Pipeline\\Pipeline.php(151): Illuminate\\Cookie\\Middleware\\AddQueuedCookiesToResponse->handle(Object(Illuminate\\Http\\Request), Object(Closure))
#37 C:\\Users\\Marden\\Desktop\\Basic\\projetos\\web\\solucao-codigo-fonte\\vendor\\laravel\\framework\\src\\Illuminate\\Routing\\Pipeline.php(53): Illuminate\\Pipeline\\Pipeline->Illuminate\\Pipeline\\{closure}(Object(Illuminate\\Http\\Request))
#38 C:\\Users\\Marden\\Desktop\\Basic\\projetos\\web\\solucao-codigo-fonte\\vendor\\laravel\\framework\\src\\Illuminate\\Cookie\\Middleware\\EncryptCookies.php(66): Illuminate\\Routing\\Pipeline->Illuminate\\Routing\\{closure}(Object(Illuminate\\Http\\Request))
#39 C:\\Users\\Marden\\Desktop\\Basic\\projetos\\web\\solucao-codigo-fonte\\vendor\\laravel\\framework\\src\\Illuminate\\Pipeline\\Pipeline.php(151): Illuminate\\Cookie\\Middleware\\EncryptCookies->handle(Object(Illuminate\\Http\\Request), Object(Closure))
#40 C:\\Users\\Marden\\Desktop\\Basic\\projetos\\web\\solucao-codigo-fonte\\vendor\\laravel\\framework\\src\\Illuminate\\Routing\\Pipeline.php(53): Illuminate\\Pipeline\\Pipeline->Illuminate\\Pipeline\\{closure}(Object(Illuminate\\Http\\Request))
#41 C:\\Users\\Marden\\Desktop\\Basic\\projetos\\web\\solucao-codigo-fonte\\vendor\\laravel\\framework\\src\\Illuminate\\Pipeline\\Pipeline.php(104): Illuminate\\Routing\\Pipeline->Illuminate\\Routing\\{closure}(Object(Illuminate\\Http\\Request))
#42 C:\\Users\\Marden\\Desktop\\Basic\\projetos\\web\\solucao-codigo-fonte\\vendor\\laravel\\framework\\src\\Illuminate\\Routing\\Router.php(684): Illuminate\\Pipeline\\Pipeline->then(Object(Closure))
#43 C:\\Users\\Marden\\Desktop\\Basic\\projetos\\web\\solucao-codigo-fonte\\vendor\\laravel\\framework\\src\\Illuminate\\Routing\\Router.php(659): Illuminate\\Routing\\Router->runRouteWithinStack(Object(Illuminate\\Routing\\Route), Object(Illuminate\\Http\\Request))
#44 C:\\Users\\Marden\\Desktop\\Basic\\projetos\\web\\solucao-codigo-fonte\\vendor\\laravel\\framework\\src\\Illuminate\\Routing\\Router.php(625): Illuminate\\Routing\\Router->runRoute(Object(Illuminate\\Http\\Request), Object(Illuminate\\Routing\\Route))
#45 C:\\Users\\Marden\\Desktop\\Basic\\projetos\\web\\solucao-codigo-fonte\\vendor\\laravel\\framework\\src\\Illuminate\\Routing\\Router.php(614): Illuminate\\Routing\\Router->dispatchToRoute(Object(Illuminate\\Http\\Request))
#46 C:\\Users\\Marden\\Desktop\\Basic\\projetos\\web\\solucao-codigo-fonte\\vendor\\laravel\\framework\\src\\Illuminate\\Foundation\\Http\\Kernel.php(176): Illuminate\\Routing\\Router->dispatch(Object(Illuminate\\Http\\Request))
#47 C:\\Users\\Marden\\Desktop\\Basic\\projetos\\web\\solucao-codigo-fonte\\vendor\\laravel\\framework\\src\\Illuminate\\Routing\\Pipeline.php(30): Illuminate\\Foundation\\Http\\Kernel->Illuminate\\Foundation\\Http\\{closure}(Object(Illuminate\\Http\\Request))
#48 C:\\Users\\Marden\\Desktop\\Basic\\projetos\\web\\solucao-codigo-fonte\\vendor\\barryvdh\\laravel-debugbar\\src\\Middleware\\InjectDebugbar.php(65): Illuminate\\Routing\\Pipeline->Illuminate\\Routing\\{closure}(Object(Illuminate\\Http\\Request))
#49 C:\\Users\\Marden\\Desktop\\Basic\\projetos\\web\\solucao-codigo-fonte\\vendor\\laravel\\framework\\src\\Illuminate\\Pipeline\\Pipeline.php(151): Barryvdh\\Debugbar\\Middleware\\InjectDebugbar->handle(Object(Illuminate\\Http\\Request), Object(Closure))
#50 C:\\Users\\Marden\\Desktop\\Basic\\projetos\\web\\solucao-codigo-fonte\\vendor\\laravel\\framework\\src\\Illuminate\\Routing\\Pipeline.php(53): Illuminate\\Pipeline\\Pipeline->Illuminate\\Pipeline\\{closure}(Object(Illuminate\\Http\\Request))
#51 C:\\Users\\Marden\\Desktop\\Basic\\projetos\\web\\solucao-codigo-fonte\\vendor\\fideloper\\proxy\\src\\TrustProxies.php(57): Illuminate\\Routing\\Pipeline->Illuminate\\Routing\\{closure}(Object(Illuminate\\Http\\Request))
#52 C:\\Users\\Marden\\Desktop\\Basic\\projetos\\web\\solucao-codigo-fonte\\vendor\\laravel\\framework\\src\\Illuminate\\Pipeline\\Pipeline.php(151): Fideloper\\Proxy\\TrustProxies->handle(Object(Illuminate\\Http\\Request), Object(Closure))
#53 C:\\Users\\Marden\\Desktop\\Basic\\projetos\\web\\solucao-codigo-fonte\\vendor\\laravel\\framework\\src\\Illuminate\\Routing\\Pipeline.php(53): Illuminate\\Pipeline\\Pipeline->Illuminate\\Pipeline\\{closure}(Object(Illuminate\\Http\\Request))
#54 C:\\Users\\Marden\\Desktop\\Basic\\projetos\\web\\solucao-codigo-fonte\\vendor\\laravel\\framework\\src\\Illuminate\\Foundation\\Http\\Middleware\\TransformsRequest.php(31): Illuminate\\Routing\\Pipeline->Illuminate\\Routing\\{closure}(Object(Illuminate\\Http\\Request))
#55 C:\\Users\\Marden\\Desktop\\Basic\\projetos\\web\\solucao-codigo-fonte\\vendor\\laravel\\framework\\src\\Illuminate\\Pipeline\\Pipeline.php(151): Illuminate\\Foundation\\Http\\Middleware\\TransformsRequest->handle(Object(Illuminate\\Http\\Request), Object(Closure))
#56 C:\\Users\\Marden\\Desktop\\Basic\\projetos\\web\\solucao-codigo-fonte\\vendor\\laravel\\framework\\src\\Illuminate\\Routing\\Pipeline.php(53): Illuminate\\Pipeline\\Pipeline->Illuminate\\Pipeline\\{closure}(Object(Illuminate\\Http\\Request))
#57 C:\\Users\\Marden\\Desktop\\Basic\\projetos\\web\\solucao-codigo-fonte\\vendor\\laravel\\framework\\src\\Illuminate\\Foundation\\Http\\Middleware\\TransformsRequest.php(31): Illuminate\\Routing\\Pipeline->Illuminate\\Routing\\{closure}(Object(Illuminate\\Http\\Request))
#58 C:\\Users\\Marden\\Desktop\\Basic\\projetos\\web\\solucao-codigo-fonte\\vendor\\laravel\\framework\\src\\Illuminate\\Pipeline\\Pipeline.php(151): Illuminate\\Foundation\\Http\\Middleware\\TransformsRequest->handle(Object(Illuminate\\Http\\Request), Object(Closure))
#59 C:\\Users\\Marden\\Desktop\\Basic\\projetos\\web\\solucao-codigo-fonte\\vendor\\laravel\\framework\\src\\Illuminate\\Routing\\Pipeline.php(53): Illuminate\\Pipeline\\Pipeline->Illuminate\\Pipeline\\{closure}(Object(Illuminate\\Http\\Request))
#60 C:\\Users\\Marden\\Desktop\\Basic\\projetos\\web\\solucao-codigo-fonte\\vendor\\laravel\\framework\\src\\Illuminate\\Foundation\\Http\\Middleware\\ValidatePostSize.php(27): Illuminate\\Routing\\Pipeline->Illuminate\\Routing\\{closure}(Object(Illuminate\\Http\\Request))
#61 C:\\Users\\Marden\\Desktop\\Basic\\projetos\\web\\solucao-codigo-fonte\\vendor\\laravel\\framework\\src\\Illuminate\\Pipeline\\Pipeline.php(151): Illuminate\\Foundation\\Http\\Middleware\\ValidatePostSize->handle(Object(Illuminate\\Http\\Request), Object(Closure))
#62 C:\\Users\\Marden\\Desktop\\Basic\\projetos\\web\\solucao-codigo-fonte\\vendor\\laravel\\framework\\src\\Illuminate\\Routing\\Pipeline.php(53): Illuminate\\Pipeline\\Pipeline->Illuminate\\Pipeline\\{closure}(Object(Illuminate\\Http\\Request))
#63 C:\\Users\\Marden\\Desktop\\Basic\\projetos\\web\\solucao-codigo-fonte\\vendor\\laravel\\framework\\src\\Illuminate\\Foundation\\Http\\Middleware\\CheckForMaintenanceMode.php(62): Illuminate\\Routing\\Pipeline->Illuminate\\Routing\\{closure}(Object(Illuminate\\Http\\Request))
#64 C:\\Users\\Marden\\Desktop\\Basic\\projetos\\web\\solucao-codigo-fonte\\vendor\\laravel\\framework\\src\\Illuminate\\Pipeline\\Pipeline.php(151): Illuminate\\Foundation\\Http\\Middleware\\CheckForMaintenanceMode->handle(Object(Illuminate\\Http\\Request), Object(Closure))
#65 C:\\Users\\Marden\\Desktop\\Basic\\projetos\\web\\solucao-codigo-fonte\\vendor\\laravel\\framework\\src\\Illuminate\\Routing\\Pipeline.php(53): Illuminate\\Pipeline\\Pipeline->Illuminate\\Pipeline\\{closure}(Object(Illuminate\\Http\\Request))
#66 C:\\Users\\Marden\\Desktop\\Basic\\projetos\\web\\solucao-codigo-fonte\\vendor\\laravel\\framework\\src\\Illuminate\\Pipeline\\Pipeline.php(104): Illuminate\\Routing\\Pipeline->Illuminate\\Routing\\{closure}(Object(Illuminate\\Http\\Request))
#67 C:\\Users\\Marden\\Desktop\\Basic\\projetos\\web\\solucao-codigo-fonte\\vendor\\laravel\\framework\\src\\Illuminate\\Foundation\\Http\\Kernel.php(151): Illuminate\\Pipeline\\Pipeline->then(Object(Closure))
#68 C:\\Users\\Marden\\Desktop\\Basic\\projetos\\web\\solucao-codigo-fonte\\vendor\\laravel\\framework\\src\\Illuminate\\Foundation\\Http\\Kernel.php(116): Illuminate\\Foundation\\Http\\Kernel->sendRequestThroughRouter(Object(Illuminate\\Http\\Request))
#69 C:\\Users\\Marden\\Desktop\\Basic\\projetos\\web\\solucao-codigo-fonte\\public\\index.php(55): Illuminate\\Foundation\\Http\\Kernel->handle(Object(Illuminate\\Http\\Request))
#70 C:\\Users\\Marden\\Desktop\\Basic\\projetos\\web\\solucao-codigo-fonte\\server.php(21): require_once('C:\\\\Users\\\\Marden...')
#71 {main}
"} 
[2018-12-05 16:43:19] local.ERROR: SQLSTATE[HY000] [2002] Nenhuma conexão pôde ser feita porque a máquina de destino as recusou ativamente.
 (SQL: select * from `users` where `email` = mardenmc22@gmail.com and `users`.`deleted_at` is null limit 1)  
[2018-12-05 17:25:18] local.ERROR: App\Models\Socio::gerenciamentos must return a relationship instance. {"userId":1,"email":"mardenmc22@gmail.com","exception":"[object] (LogicException(code: 0): App\\Models\\Socio::gerenciamentos must return a relationship instance. at C:\\Users\\Marden\\Desktop\\Basic\\projetos\\web\\solucao-codigo-fonte\\vendor\\laravel\\framework\\src\\Illuminate\\Database\\Eloquent\\Concerns\\HasAttributes.php:414)
[stacktrace]
#0 C:\\Users\\Marden\\Desktop\\Basic\\projetos\\web\\solucao-codigo-fonte\\vendor\\laravel\\framework\\src\\Illuminate\\Database\\Eloquent\\Concerns\\HasAttributes.php(397): Illuminate\\Database\\Eloquent\\Model->getRelationshipFromMethod('gerenciamentos')
#1 C:\\Users\\Marden\\Desktop\\Basic\\projetos\\web\\solucao-codigo-fonte\\vendor\\laravel\\framework\\src\\Illuminate\\Database\\Eloquent\\Concerns\\HasAttributes.php(327): Illuminate\\Database\\Eloquent\\Model->getRelationValue('gerenciamentos')
#2 C:\\Users\\Marden\\Desktop\\Basic\\projetos\\web\\solucao-codigo-fonte\\vendor\\laravel\\framework\\src\\Illuminate\\Database\\Eloquent\\Model.php(1513): Illuminate\\Database\\Eloquent\\Model->getAttribute('gerenciamentos')
#3 C:\\Users\\Marden\\Desktop\\Basic\\projetos\\web\\solucao-codigo-fonte\\app\\Http\\Controllers\\Admin\\SociosController.php(65): Illuminate\\Database\\Eloquent\\Model->__get('gerenciamentos')
#4 [internal function]: App\\Http\\Controllers\\Admin\\SociosController->show('1')
#5 C:\\Users\\Marden\\Desktop\\Basic\\projetos\\web\\solucao-codigo-fonte\\vendor\\laravel\\framework\\src\\Illuminate\\Routing\\Controller.php(54): call_user_func_array(Array, Array)
#6 C:\\Users\\Marden\\Desktop\\Basic\\projetos\\web\\solucao-codigo-fonte\\vendor\\laravel\\framework\\src\\Illuminate\\Routing\\ControllerDispatcher.php(45): Illuminate\\Routing\\Controller->callAction('show', Array)
#7 C:\\Users\\Marden\\Desktop\\Basic\\projetos\\web\\solucao-codigo-fonte\\vendor\\laravel\\framework\\src\\Illuminate\\Routing\\Route.php(212): Illuminate\\Routing\\ControllerDispatcher->dispatch(Object(Illuminate\\Routing\\Route), Object(App\\Http\\Controllers\\Admin\\SociosController), 'show')
#8 C:\\Users\\Marden\\Desktop\\Basic\\projetos\\web\\solucao-codigo-fonte\\vendor\\laravel\\framework\\src\\Illuminate\\Routing\\Route.php(169): Illuminate\\Routing\\Route->runController()
#9 C:\\Users\\Marden\\Desktop\\Basic\\projetos\\web\\solucao-codigo-fonte\\vendor\\laravel\\framework\\src\\Illuminate\\Routing\\Router.php(682): Illuminate\\Routing\\Route->run()
#10 C:\\Users\\Marden\\Desktop\\Basic\\projetos\\web\\solucao-codigo-fonte\\vendor\\laravel\\framework\\src\\Illuminate\\Routing\\Pipeline.php(30): Illuminate\\Routing\\Router->Illuminate\\Routing\\{closure}(Object(Illuminate\\Http\\Request))
#11 C:\\Users\\Marden\\Desktop\\Basic\\projetos\\web\\solucao-codigo-fonte\\vendor\\laravel\\framework\\src\\Illuminate\\Routing\\Middleware\\SubstituteBindings.php(41): Illuminate\\Routing\\Pipeline->Illuminate\\Routing\\{closure}(Object(Illuminate\\Http\\Request))
#12 C:\\Users\\Marden\\Desktop\\Basic\\projetos\\web\\solucao-codigo-fonte\\vendor\\laravel\\framework\\src\\Illuminate\\Pipeline\\Pipeline.php(151): Illuminate\\Routing\\Middleware\\SubstituteBindings->handle(Object(Illuminate\\Http\\Request), Object(Closure))
#13 C:\\Users\\Marden\\Desktop\\Basic\\projetos\\web\\solucao-codigo-fonte\\vendor\\laravel\\framework\\src\\Illuminate\\Routing\\Pipeline.php(53): Illuminate\\Pipeline\\Pipeline->Illuminate\\Pipeline\\{closure}(Object(Illuminate\\Http\\Request))
#14 C:\\Users\\Marden\\Desktop\\Basic\\projetos\\web\\solucao-codigo-fonte\\vendor\\laravel\\framework\\src\\Illuminate\\Auth\\Middleware\\Authenticate.php(43): Illuminate\\Routing\\Pipeline->Illuminate\\Routing\\{closure}(Object(Illuminate\\Http\\Request))
#15 C:\\Users\\Marden\\Desktop\\Basic\\projetos\\web\\solucao-codigo-fonte\\vendor\\laravel\\framework\\src\\Illuminate\\Pipeline\\Pipeline.php(151): Illuminate\\Auth\\Middleware\\Authenticate->handle(Object(Illuminate\\Http\\Request), Object(Closure))
#16 C:\\Users\\Marden\\Desktop\\Basic\\projetos\\web\\solucao-codigo-fonte\\vendor\\laravel\\framework\\src\\Illuminate\\Routing\\Pipeline.php(53): Illuminate\\Pipeline\\Pipeline->Illuminate\\Pipeline\\{closure}(Object(Illuminate\\Http\\Request))
#17 C:\\Users\\Marden\\Desktop\\Basic\\projetos\\web\\solucao-codigo-fonte\\vendor\\laravel\\framework\\src\\Illuminate\\Foundation\\Http\\Middleware\\VerifyCsrfToken.php(75): Illuminate\\Routing\\Pipeline->Illuminate\\Routing\\{closure}(Object(Illuminate\\Http\\Request))
#18 C:\\Users\\Marden\\Desktop\\Basic\\projetos\\web\\solucao-codigo-fonte\\vendor\\laravel\\framework\\src\\Illuminate\\Pipeline\\Pipeline.php(151): Illuminate\\Foundation\\Http\\Middleware\\VerifyCsrfToken->handle(Object(Illuminate\\Http\\Request), Object(Closure))
#19 C:\\Users\\Marden\\Desktop\\Basic\\projetos\\web\\solucao-codigo-fonte\\vendor\\laravel\\framework\\src\\Illuminate\\Routing\\Pipeline.php(53): Illuminate\\Pipeline\\Pipeline->Illuminate\\Pipeline\\{closure}(Object(Illuminate\\Http\\Request))
#20 C:\\Users\\Marden\\Desktop\\Basic\\projetos\\web\\solucao-codigo-fonte\\vendor\\laravel\\framework\\src\\Illuminate\\View\\Middleware\\ShareErrorsFromSession.php(49): Illuminate\\Routing\\Pipeline->Illuminate\\Routing\\{closure}(Object(Illuminate\\Http\\Request))
#21 C:\\Users\\Marden\\Desktop\\Basic\\projetos\\web\\solucao-codigo-fonte\\vendor\\laravel\\framework\\src\\Illuminate\\Pipeline\\Pipeline.php(151): Illuminate\\View\\Middleware\\ShareErrorsFromSession->handle(Object(Illuminate\\Http\\Request), Object(Closure))
#22 C:\\Users\\Marden\\Desktop\\Basic\\projetos\\web\\solucao-codigo-fonte\\vendor\\laravel\\framework\\src\\Illuminate\\Routing\\Pipeline.php(53): Illuminate\\Pipeline\\Pipeline->Illuminate\\Pipeline\\{closure}(Object(Illuminate\\Http\\Request))
#23 C:\\Users\\Marden\\Desktop\\Basic\\projetos\\web\\solucao-codigo-fonte\\vendor\\laravel\\framework\\src\\Illuminate\\Session\\Middleware\\StartSession.php(63): Illuminate\\Routing\\Pipeline->Illuminate\\Routing\\{closure}(Object(Illuminate\\Http\\Request))
#24 C:\\Users\\Marden\\Desktop\\Basic\\projetos\\web\\solucao-codigo-fonte\\vendor\\laravel\\framework\\src\\Illuminate\\Pipeline\\Pipeline.php(151): Illuminate\\Session\\Middleware\\StartSession->handle(Object(Illuminate\\Http\\Request), Object(Closure))
#25 C:\\Users\\Marden\\Desktop\\Basic\\projetos\\web\\solucao-codigo-fonte\\vendor\\laravel\\framework\\src\\Illuminate\\Routing\\Pipeline.php(53): Illuminate\\Pipeline\\Pipeline->Illuminate\\Pipeline\\{closure}(Object(Illuminate\\Http\\Request))
#26 C:\\Users\\Marden\\Desktop\\Basic\\projetos\\web\\solucao-codigo-fonte\\vendor\\laravel\\framework\\src\\Illuminate\\Cookie\\Middleware\\AddQueuedCookiesToResponse.php(37): Illuminate\\Routing\\Pipeline->Illuminate\\Routing\\{closure}(Object(Illuminate\\Http\\Request))
#27 C:\\Users\\Marden\\Desktop\\Basic\\projetos\\web\\solucao-codigo-fonte\\vendor\\laravel\\framework\\src\\Illuminate\\Pipeline\\Pipeline.php(151): Illuminate\\Cookie\\Middleware\\AddQueuedCookiesToResponse->handle(Object(Illuminate\\Http\\Request), Object(Closure))
#28 C:\\Users\\Marden\\Desktop\\Basic\\projetos\\web\\solucao-codigo-fonte\\vendor\\laravel\\framework\\src\\Illuminate\\Routing\\Pipeline.php(53): Illuminate\\Pipeline\\Pipeline->Illuminate\\Pipeline\\{closure}(Object(Illuminate\\Http\\Request))
#29 C:\\Users\\Marden\\Desktop\\Basic\\projetos\\web\\solucao-codigo-fonte\\vendor\\laravel\\framework\\src\\Illuminate\\Cookie\\Middleware\\EncryptCookies.php(66): Illuminate\\Routing\\Pipeline->Illuminate\\Routing\\{closure}(Object(Illuminate\\Http\\Request))
#30 C:\\Users\\Marden\\Desktop\\Basic\\projetos\\web\\solucao-codigo-fonte\\vendor\\laravel\\framework\\src\\Illuminate\\Pipeline\\Pipeline.php(151): Illuminate\\Cookie\\Middleware\\EncryptCookies->handle(Object(Illuminate\\Http\\Request), Object(Closure))
#31 C:\\Users\\Marden\\Desktop\\Basic\\projetos\\web\\solucao-codigo-fonte\\vendor\\laravel\\framework\\src\\Illuminate\\Routing\\Pipeline.php(53): Illuminate\\Pipeline\\Pipeline->Illuminate\\Pipeline\\{closure}(Object(Illuminate\\Http\\Request))
#32 C:\\Users\\Marden\\Desktop\\Basic\\projetos\\web\\solucao-codigo-fonte\\vendor\\laravel\\framework\\src\\Illuminate\\Pipeline\\Pipeline.php(104): Illuminate\\Routing\\Pipeline->Illuminate\\Routing\\{closure}(Object(Illuminate\\Http\\Request))
#33 C:\\Users\\Marden\\Desktop\\Basic\\projetos\\web\\solucao-codigo-fonte\\vendor\\laravel\\framework\\src\\Illuminate\\Routing\\Router.php(684): Illuminate\\Pipeline\\Pipeline->then(Object(Closure))
#34 C:\\Users\\Marden\\Desktop\\Basic\\projetos\\web\\solucao-codigo-fonte\\vendor\\laravel\\framework\\src\\Illuminate\\Routing\\Router.php(659): Illuminate\\Routing\\Router->runRouteWithinStack(Object(Illuminate\\Routing\\Route), Object(Illuminate\\Http\\Request))
#35 C:\\Users\\Marden\\Desktop\\Basic\\projetos\\web\\solucao-codigo-fonte\\vendor\\laravel\\framework\\src\\Illuminate\\Routing\\Router.php(625): Illuminate\\Routing\\Router->runRoute(Object(Illuminate\\Http\\Request), Object(Illuminate\\Routing\\Route))
#36 C:\\Users\\Marden\\Desktop\\Basic\\projetos\\web\\solucao-codigo-fonte\\vendor\\laravel\\framework\\src\\Illuminate\\Routing\\Router.php(614): Illuminate\\Routing\\Router->dispatchToRoute(Object(Illuminate\\Http\\Request))
#37 C:\\Users\\Marden\\Desktop\\Basic\\projetos\\web\\solucao-codigo-fonte\\vendor\\laravel\\framework\\src\\Illuminate\\Foundation\\Http\\Kernel.php(176): Illuminate\\Routing\\Router->dispatch(Object(Illuminate\\Http\\Request))
#38 C:\\Users\\Marden\\Desktop\\Basic\\projetos\\web\\solucao-codigo-fonte\\vendor\\laravel\\framework\\src\\Illuminate\\Routing\\Pipeline.php(30): Illuminate\\Foundation\\Http\\Kernel->Illuminate\\Foundation\\Http\\{closure}(Object(Illuminate\\Http\\Request))
#39 C:\\Users\\Marden\\Desktop\\Basic\\projetos\\web\\solucao-codigo-fonte\\vendor\\barryvdh\\laravel-debugbar\\src\\Middleware\\InjectDebugbar.php(65): Illuminate\\Routing\\Pipeline->Illuminate\\Routing\\{closure}(Object(Illuminate\\Http\\Request))
#40 C:\\Users\\Marden\\Desktop\\Basic\\projetos\\web\\solucao-codigo-fonte\\vendor\\laravel\\framework\\src\\Illuminate\\Pipeline\\Pipeline.php(151): Barryvdh\\Debugbar\\Middleware\\InjectDebugbar->handle(Object(Illuminate\\Http\\Request), Object(Closure))
#41 C:\\Users\\Marden\\Desktop\\Basic\\projetos\\web\\solucao-codigo-fonte\\vendor\\laravel\\framework\\src\\Illuminate\\Routing\\Pipeline.php(53): Illuminate\\Pipeline\\Pipeline->Illuminate\\Pipeline\\{closure}(Object(Illuminate\\Http\\Request))
#42 C:\\Users\\Marden\\Desktop\\Basic\\projetos\\web\\solucao-codigo-fonte\\vendor\\fideloper\\proxy\\src\\TrustProxies.php(57): Illuminate\\Routing\\Pipeline->Illuminate\\Routing\\{closure}(Object(Illuminate\\Http\\Request))
#43 C:\\Users\\Marden\\Desktop\\Basic\\projetos\\web\\solucao-codigo-fonte\\vendor\\laravel\\framework\\src\\Illuminate\\Pipeline\\Pipeline.php(151): Fideloper\\Proxy\\TrustProxies->handle(Object(Illuminate\\Http\\Request), Object(Closure))
#44 C:\\Users\\Marden\\Desktop\\Basic\\projetos\\web\\solucao-codigo-fonte\\vendor\\laravel\\framework\\src\\Illuminate\\Routing\\Pipeline.php(53): Illuminate\\Pipeline\\Pipeline->Illuminate\\Pipeline\\{closure}(Object(Illuminate\\Http\\Request))
#45 C:\\Users\\Marden\\Desktop\\Basic\\projetos\\web\\solucao-codigo-fonte\\vendor\\laravel\\framework\\src\\Illuminate\\Foundation\\Http\\Middleware\\TransformsRequest.php(31): Illuminate\\Routing\\Pipeline->Illuminate\\Routing\\{closure}(Object(Illuminate\\Http\\Request))
#46 C:\\Users\\Marden\\Desktop\\Basic\\projetos\\web\\solucao-codigo-fonte\\vendor\\laravel\\framework\\src\\Illuminate\\Pipeline\\Pipeline.php(151): Illuminate\\Foundation\\Http\\Middleware\\TransformsRequest->handle(Object(Illuminate\\Http\\Request), Object(Closure))
#47 C:\\Users\\Marden\\Desktop\\Basic\\projetos\\web\\solucao-codigo-fonte\\vendor\\laravel\\framework\\src\\Illuminate\\Routing\\Pipeline.php(53): Illuminate\\Pipeline\\Pipeline->Illuminate\\Pipeline\\{closure}(Object(Illuminate\\Http\\Request))
#48 C:\\Users\\Marden\\Desktop\\Basic\\projetos\\web\\solucao-codigo-fonte\\vendor\\laravel\\framework\\src\\Illuminate\\Foundation\\Http\\Middleware\\TransformsRequest.php(31): Illuminate\\Routing\\Pipeline->Illuminate\\Routing\\{closure}(Object(Illuminate\\Http\\Request))
#49 C:\\Users\\Marden\\Desktop\\Basic\\projetos\\web\\solucao-codigo-fonte\\vendor\\laravel\\framework\\src\\Illuminate\\Pipeline\\Pipeline.php(151): Illuminate\\Foundation\\Http\\Middleware\\TransformsRequest->handle(Object(Illuminate\\Http\\Request), Object(Closure))
#50 C:\\Users\\Marden\\Desktop\\Basic\\projetos\\web\\solucao-codigo-fonte\\vendor\\laravel\\framework\\src\\Illuminate\\Routing\\Pipeline.php(53): Illuminate\\Pipeline\\Pipeline->Illuminate\\Pipeline\\{closure}(Object(Illuminate\\Http\\Request))
#51 C:\\Users\\Marden\\Desktop\\Basic\\projetos\\web\\solucao-codigo-fonte\\vendor\\laravel\\framework\\src\\Illuminate\\Foundation\\Http\\Middleware\\ValidatePostSize.php(27): Illuminate\\Routing\\Pipeline->Illuminate\\Routing\\{closure}(Object(Illuminate\\Http\\Request))
#52 C:\\Users\\Marden\\Desktop\\Basic\\projetos\\web\\solucao-codigo-fonte\\vendor\\laravel\\framework\\src\\Illuminate\\Pipeline\\Pipeline.php(151): Illuminate\\Foundation\\Http\\Middleware\\ValidatePostSize->handle(Object(Illuminate\\Http\\Request), Object(Closure))
#53 C:\\Users\\Marden\\Desktop\\Basic\\projetos\\web\\solucao-codigo-fonte\\vendor\\laravel\\framework\\src\\Illuminate\\Routing\\Pipeline.php(53): Illuminate\\Pipeline\\Pipeline->Illuminate\\Pipeline\\{closure}(Object(Illuminate\\Http\\Request))
#54 C:\\Users\\Marden\\Desktop\\Basic\\projetos\\web\\solucao-codigo-fonte\\vendor\\laravel\\framework\\src\\Illuminate\\Foundation\\Http\\Middleware\\CheckForMaintenanceMode.php(62): Illuminate\\Routing\\Pipeline->Illuminate\\Routing\\{closure}(Object(Illuminate\\Http\\Request))
#55 C:\\Users\\Marden\\Desktop\\Basic\\projetos\\web\\solucao-codigo-fonte\\vendor\\laravel\\framework\\src\\Illuminate\\Pipeline\\Pipeline.php(151): Illuminate\\Foundation\\Http\\Middleware\\CheckForMaintenanceMode->handle(Object(Illuminate\\Http\\Request), Object(Closure))
#56 C:\\Users\\Marden\\Desktop\\Basic\\projetos\\web\\solucao-codigo-fonte\\vendor\\laravel\\framework\\src\\Illuminate\\Routing\\Pipeline.php(53): Illuminate\\Pipeline\\Pipeline->Illuminate\\Pipeline\\{closure}(Object(Illuminate\\Http\\Request))
#57 C:\\Users\\Marden\\Desktop\\Basic\\projetos\\web\\solucao-codigo-fonte\\vendor\\laravel\\framework\\src\\Illuminate\\Pipeline\\Pipeline.php(104): Illuminate\\Routing\\Pipeline->Illuminate\\Routing\\{closure}(Object(Illuminate\\Http\\Request))
#58 C:\\Users\\Marden\\Desktop\\Basic\\projetos\\web\\solucao-codigo-fonte\\vendor\\laravel\\framework\\src\\Illuminate\\Foundation\\Http\\Kernel.php(151): Illuminate\\Pipeline\\Pipeline->then(Object(Closure))
#59 C:\\Users\\Marden\\Desktop\\Basic\\projetos\\web\\solucao-codigo-fonte\\vendor\\laravel\\framework\\src\\Illuminate\\Foundation\\Http\\Kernel.php(116): Illuminate\\Foundation\\Http\\Kernel->sendRequestThroughRouter(Object(Illuminate\\Http\\Request))
#60 C:\\Users\\Marden\\Desktop\\Basic\\projetos\\web\\solucao-codigo-fonte\\public\\index.php(55): Illuminate\\Foundation\\Http\\Kernel->handle(Object(Illuminate\\Http\\Request))
#61 C:\\Users\\Marden\\Desktop\\Basic\\projetos\\web\\solucao-codigo-fonte\\server.php(21): require_once('C:\\\\Users\\\\Marden...')
#62 {main}
"} 
[2018-12-05 17:25:25] local.ERROR: App\Models\Socio::gerenciamentos must return a relationship instance. {"userId":1,"email":"mardenmc22@gmail.com","exception":"[object] (LogicException(code: 0): App\\Models\\Socio::gerenciamentos must return a relationship instance. at C:\\Users\\Marden\\Desktop\\Basic\\projetos\\web\\solucao-codigo-fonte\\vendor\\laravel\\framework\\src\\Illuminate\\Database\\Eloquent\\Concerns\\HasAttributes.php:414)
[stacktrace]
#0 C:\\Users\\Marden\\Desktop\\Basic\\projetos\\web\\solucao-codigo-fonte\\vendor\\laravel\\framework\\src\\Illuminate\\Database\\Eloquent\\Concerns\\HasAttributes.php(397): Illuminate\\Database\\Eloquent\\Model->getRelationshipFromMethod('gerenciamentos')
#1 C:\\Users\\Marden\\Desktop\\Basic\\projetos\\web\\solucao-codigo-fonte\\vendor\\laravel\\framework\\src\\Illuminate\\Database\\Eloquent\\Concerns\\HasAttributes.php(327): Illuminate\\Database\\Eloquent\\Model->getRelationValue('gerenciamentos')
#2 C:\\Users\\Marden\\Desktop\\Basic\\projetos\\web\\solucao-codigo-fonte\\vendor\\laravel\\framework\\src\\Illuminate\\Database\\Eloquent\\Model.php(1513): Illuminate\\Database\\Eloquent\\Model->getAttribute('gerenciamentos')
#3 C:\\Users\\Marden\\Desktop\\Basic\\projetos\\web\\solucao-codigo-fonte\\app\\Http\\Controllers\\Admin\\SociosController.php(65): Illuminate\\Database\\Eloquent\\Model->__get('gerenciamentos')
#4 [internal function]: App\\Http\\Controllers\\Admin\\SociosController->show('1')
#5 C:\\Users\\Marden\\Desktop\\Basic\\projetos\\web\\solucao-codigo-fonte\\vendor\\laravel\\framework\\src\\Illuminate\\Routing\\Controller.php(54): call_user_func_array(Array, Array)
#6 C:\\Users\\Marden\\Desktop\\Basic\\projetos\\web\\solucao-codigo-fonte\\vendor\\laravel\\framework\\src\\Illuminate\\Routing\\ControllerDispatcher.php(45): Illuminate\\Routing\\Controller->callAction('show', Array)
#7 C:\\Users\\Marden\\Desktop\\Basic\\projetos\\web\\solucao-codigo-fonte\\vendor\\laravel\\framework\\src\\Illuminate\\Routing\\Route.php(212): Illuminate\\Routing\\ControllerDispatcher->dispatch(Object(Illuminate\\Routing\\Route), Object(App\\Http\\Controllers\\Admin\\SociosController), 'show')
#8 C:\\Users\\Marden\\Desktop\\Basic\\projetos\\web\\solucao-codigo-fonte\\vendor\\laravel\\framework\\src\\Illuminate\\Routing\\Route.php(169): Illuminate\\Routing\\Route->runController()
#9 C:\\Users\\Marden\\Desktop\\Basic\\projetos\\web\\solucao-codigo-fonte\\vendor\\laravel\\framework\\src\\Illuminate\\Routing\\Router.php(682): Illuminate\\Routing\\Route->run()
#10 C:\\Users\\Marden\\Desktop\\Basic\\projetos\\web\\solucao-codigo-fonte\\vendor\\laravel\\framework\\src\\Illuminate\\Routing\\Pipeline.php(30): Illuminate\\Routing\\Router->Illuminate\\Routing\\{closure}(Object(Illuminate\\Http\\Request))
#11 C:\\Users\\Marden\\Desktop\\Basic\\projetos\\web\\solucao-codigo-fonte\\vendor\\laravel\\framework\\src\\Illuminate\\Routing\\Middleware\\SubstituteBindings.php(41): Illuminate\\Routing\\Pipeline->Illuminate\\Routing\\{closure}(Object(Illuminate\\Http\\Request))
#12 C:\\Users\\Marden\\Desktop\\Basic\\projetos\\web\\solucao-codigo-fonte\\vendor\\laravel\\framework\\src\\Illuminate\\Pipeline\\Pipeline.php(151): Illuminate\\Routing\\Middleware\\SubstituteBindings->handle(Object(Illuminate\\Http\\Request), Object(Closure))
#13 C:\\Users\\Marden\\Desktop\\Basic\\projetos\\web\\solucao-codigo-fonte\\vendor\\laravel\\framework\\src\\Illuminate\\Routing\\Pipeline.php(53): Illuminate\\Pipeline\\Pipeline->Illuminate\\Pipeline\\{closure}(Object(Illuminate\\Http\\Request))
#14 C:\\Users\\Marden\\Desktop\\Basic\\projetos\\web\\solucao-codigo-fonte\\vendor\\laravel\\framework\\src\\Illuminate\\Auth\\Middleware\\Authenticate.php(43): Illuminate\\Routing\\Pipeline->Illuminate\\Routing\\{closure}(Object(Illuminate\\Http\\Request))
#15 C:\\Users\\Marden\\Desktop\\Basic\\projetos\\web\\solucao-codigo-fonte\\vendor\\laravel\\framework\\src\\Illuminate\\Pipeline\\Pipeline.php(151): Illuminate\\Auth\\Middleware\\Authenticate->handle(Object(Illuminate\\Http\\Request), Object(Closure))
#16 C:\\Users\\Marden\\Desktop\\Basic\\projetos\\web\\solucao-codigo-fonte\\vendor\\laravel\\framework\\src\\Illuminate\\Routing\\Pipeline.php(53): Illuminate\\Pipeline\\Pipeline->Illuminate\\Pipeline\\{closure}(Object(Illuminate\\Http\\Request))
#17 C:\\Users\\Marden\\Desktop\\Basic\\projetos\\web\\solucao-codigo-fonte\\vendor\\laravel\\framework\\src\\Illuminate\\Foundation\\Http\\Middleware\\VerifyCsrfToken.php(75): Illuminate\\Routing\\Pipeline->Illuminate\\Routing\\{closure}(Object(Illuminate\\Http\\Request))
#18 C:\\Users\\Marden\\Desktop\\Basic\\projetos\\web\\solucao-codigo-fonte\\vendor\\laravel\\framework\\src\\Illuminate\\Pipeline\\Pipeline.php(151): Illuminate\\Foundation\\Http\\Middleware\\VerifyCsrfToken->handle(Object(Illuminate\\Http\\Request), Object(Closure))
#19 C:\\Users\\Marden\\Desktop\\Basic\\projetos\\web\\solucao-codigo-fonte\\vendor\\laravel\\framework\\src\\Illuminate\\Routing\\Pipeline.php(53): Illuminate\\Pipeline\\Pipeline->Illuminate\\Pipeline\\{closure}(Object(Illuminate\\Http\\Request))
#20 C:\\Users\\Marden\\Desktop\\Basic\\projetos\\web\\solucao-codigo-fonte\\vendor\\laravel\\framework\\src\\Illuminate\\View\\Middleware\\ShareErrorsFromSession.php(49): Illuminate\\Routing\\Pipeline->Illuminate\\Routing\\{closure}(Object(Illuminate\\Http\\Request))
#21 C:\\Users\\Marden\\Desktop\\Basic\\projetos\\web\\solucao-codigo-fonte\\vendor\\laravel\\framework\\src\\Illuminate\\Pipeline\\Pipeline.php(151): Illuminate\\View\\Middleware\\ShareErrorsFromSession->handle(Object(Illuminate\\Http\\Request), Object(Closure))
#22 C:\\Users\\Marden\\Desktop\\Basic\\projetos\\web\\solucao-codigo-fonte\\vendor\\laravel\\framework\\src\\Illuminate\\Routing\\Pipeline.php(53): Illuminate\\Pipeline\\Pipeline->Illuminate\\Pipeline\\{closure}(Object(Illuminate\\Http\\Request))
#23 C:\\Users\\Marden\\Desktop\\Basic\\projetos\\web\\solucao-codigo-fonte\\vendor\\laravel\\framework\\src\\Illuminate\\Session\\Middleware\\StartSession.php(63): Illuminate\\Routing\\Pipeline->Illuminate\\Routing\\{closure}(Object(Illuminate\\Http\\Request))
#24 C:\\Users\\Marden\\Desktop\\Basic\\projetos\\web\\solucao-codigo-fonte\\vendor\\laravel\\framework\\src\\Illuminate\\Pipeline\\Pipeline.php(151): Illuminate\\Session\\Middleware\\StartSession->handle(Object(Illuminate\\Http\\Request), Object(Closure))
#25 C:\\Users\\Marden\\Desktop\\Basic\\projetos\\web\\solucao-codigo-fonte\\vendor\\laravel\\framework\\src\\Illuminate\\Routing\\Pipeline.php(53): Illuminate\\Pipeline\\Pipeline->Illuminate\\Pipeline\\{closure}(Object(Illuminate\\Http\\Request))
#26 C:\\Users\\Marden\\Desktop\\Basic\\projetos\\web\\solucao-codigo-fonte\\vendor\\laravel\\framework\\src\\Illuminate\\Cookie\\Middleware\\AddQueuedCookiesToResponse.php(37): Illuminate\\Routing\\Pipeline->Illuminate\\Routing\\{closure}(Object(Illuminate\\Http\\Request))
#27 C:\\Users\\Marden\\Desktop\\Basic\\projetos\\web\\solucao-codigo-fonte\\vendor\\laravel\\framework\\src\\Illuminate\\Pipeline\\Pipeline.php(151): Illuminate\\Cookie\\Middleware\\AddQueuedCookiesToResponse->handle(Object(Illuminate\\Http\\Request), Object(Closure))
#28 C:\\Users\\Marden\\Desktop\\Basic\\projetos\\web\\solucao-codigo-fonte\\vendor\\laravel\\framework\\src\\Illuminate\\Routing\\Pipeline.php(53): Illuminate\\Pipeline\\Pipeline->Illuminate\\Pipeline\\{closure}(Object(Illuminate\\Http\\Request))
#29 C:\\Users\\Marden\\Desktop\\Basic\\projetos\\web\\solucao-codigo-fonte\\vendor\\laravel\\framework\\src\\Illuminate\\Cookie\\Middleware\\EncryptCookies.php(66): Illuminate\\Routing\\Pipeline->Illuminate\\Routing\\{closure}(Object(Illuminate\\Http\\Request))
#30 C:\\Users\\Marden\\Desktop\\Basic\\projetos\\web\\solucao-codigo-fonte\\vendor\\laravel\\framework\\src\\Illuminate\\Pipeline\\Pipeline.php(151): Illuminate\\Cookie\\Middleware\\EncryptCookies->handle(Object(Illuminate\\Http\\Request), Object(Closure))
#31 C:\\Users\\Marden\\Desktop\\Basic\\projetos\\web\\solucao-codigo-fonte\\vendor\\laravel\\framework\\src\\Illuminate\\Routing\\Pipeline.php(53): Illuminate\\Pipeline\\Pipeline->Illuminate\\Pipeline\\{closure}(Object(Illuminate\\Http\\Request))
#32 C:\\Users\\Marden\\Desktop\\Basic\\projetos\\web\\solucao-codigo-fonte\\vendor\\laravel\\framework\\src\\Illuminate\\Pipeline\\Pipeline.php(104): Illuminate\\Routing\\Pipeline->Illuminate\\Routing\\{closure}(Object(Illuminate\\Http\\Request))
#33 C:\\Users\\Marden\\Desktop\\Basic\\projetos\\web\\solucao-codigo-fonte\\vendor\\laravel\\framework\\src\\Illuminate\\Routing\\Router.php(684): Illuminate\\Pipeline\\Pipeline->then(Object(Closure))
#34 C:\\Users\\Marden\\Desktop\\Basic\\projetos\\web\\solucao-codigo-fonte\\vendor\\laravel\\framework\\src\\Illuminate\\Routing\\Router.php(659): Illuminate\\Routing\\Router->runRouteWithinStack(Object(Illuminate\\Routing\\Route), Object(Illuminate\\Http\\Request))
#35 C:\\Users\\Marden\\Desktop\\Basic\\projetos\\web\\solucao-codigo-fonte\\vendor\\laravel\\framework\\src\\Illuminate\\Routing\\Router.php(625): Illuminate\\Routing\\Router->runRoute(Object(Illuminate\\Http\\Request), Object(Illuminate\\Routing\\Route))
#36 C:\\Users\\Marden\\Desktop\\Basic\\projetos\\web\\solucao-codigo-fonte\\vendor\\laravel\\framework\\src\\Illuminate\\Routing\\Router.php(614): Illuminate\\Routing\\Router->dispatchToRoute(Object(Illuminate\\Http\\Request))
#37 C:\\Users\\Marden\\Desktop\\Basic\\projetos\\web\\solucao-codigo-fonte\\vendor\\laravel\\framework\\src\\Illuminate\\Foundation\\Http\\Kernel.php(176): Illuminate\\Routing\\Router->dispatch(Object(Illuminate\\Http\\Request))
#38 C:\\Users\\Marden\\Desktop\\Basic\\projetos\\web\\solucao-codigo-fonte\\vendor\\laravel\\framework\\src\\Illuminate\\Routing\\Pipeline.php(30): Illuminate\\Foundation\\Http\\Kernel->Illuminate\\Foundation\\Http\\{closure}(Object(Illuminate\\Http\\Request))
#39 C:\\Users\\Marden\\Desktop\\Basic\\projetos\\web\\solucao-codigo-fonte\\vendor\\barryvdh\\laravel-debugbar\\src\\Middleware\\InjectDebugbar.php(65): Illuminate\\Routing\\Pipeline->Illuminate\\Routing\\{closure}(Object(Illuminate\\Http\\Request))
#40 C:\\Users\\Marden\\Desktop\\Basic\\projetos\\web\\solucao-codigo-fonte\\vendor\\laravel\\framework\\src\\Illuminate\\Pipeline\\Pipeline.php(151): Barryvdh\\Debugbar\\Middleware\\InjectDebugbar->handle(Object(Illuminate\\Http\\Request), Object(Closure))
#41 C:\\Users\\Marden\\Desktop\\Basic\\projetos\\web\\solucao-codigo-fonte\\vendor\\laravel\\framework\\src\\Illuminate\\Routing\\Pipeline.php(53): Illuminate\\Pipeline\\Pipeline->Illuminate\\Pipeline\\{closure}(Object(Illuminate\\Http\\Request))
#42 C:\\Users\\Marden\\Desktop\\Basic\\projetos\\web\\solucao-codigo-fonte\\vendor\\fideloper\\proxy\\src\\TrustProxies.php(57): Illuminate\\Routing\\Pipeline->Illuminate\\Routing\\{closure}(Object(Illuminate\\Http\\Request))
#43 C:\\Users\\Marden\\Desktop\\Basic\\projetos\\web\\solucao-codigo-fonte\\vendor\\laravel\\framework\\src\\Illuminate\\Pipeline\\Pipeline.php(151): Fideloper\\Proxy\\TrustProxies->handle(Object(Illuminate\\Http\\Request), Object(Closure))
#44 C:\\Users\\Marden\\Desktop\\Basic\\projetos\\web\\solucao-codigo-fonte\\vendor\\laravel\\framework\\src\\Illuminate\\Routing\\Pipeline.php(53): Illuminate\\Pipeline\\Pipeline->Illuminate\\Pipeline\\{closure}(Object(Illuminate\\Http\\Request))
#45 C:\\Users\\Marden\\Desktop\\Basic\\projetos\\web\\solucao-codigo-fonte\\vendor\\laravel\\framework\\src\\Illuminate\\Foundation\\Http\\Middleware\\TransformsRequest.php(31): Illuminate\\Routing\\Pipeline->Illuminate\\Routing\\{closure}(Object(Illuminate\\Http\\Request))
#46 C:\\Users\\Marden\\Desktop\\Basic\\projetos\\web\\solucao-codigo-fonte\\vendor\\laravel\\framework\\src\\Illuminate\\Pipeline\\Pipeline.php(151): Illuminate\\Foundation\\Http\\Middleware\\TransformsRequest->handle(Object(Illuminate\\Http\\Request), Object(Closure))
#47 C:\\Users\\Marden\\Desktop\\Basic\\projetos\\web\\solucao-codigo-fonte\\vendor\\laravel\\framework\\src\\Illuminate\\Routing\\Pipeline.php(53): Illuminate\\Pipeline\\Pipeline->Illuminate\\Pipeline\\{closure}(Object(Illuminate\\Http\\Request))
#48 C:\\Users\\Marden\\Desktop\\Basic\\projetos\\web\\solucao-codigo-fonte\\vendor\\laravel\\framework\\src\\Illuminate\\Foundation\\Http\\Middleware\\TransformsRequest.php(31): Illuminate\\Routing\\Pipeline->Illuminate\\Routing\\{closure}(Object(Illuminate\\Http\\Request))
#49 C:\\Users\\Marden\\Desktop\\Basic\\projetos\\web\\solucao-codigo-fonte\\vendor\\laravel\\framework\\src\\Illuminate\\Pipeline\\Pipeline.php(151): Illuminate\\Foundation\\Http\\Middleware\\TransformsRequest->handle(Object(Illuminate\\Http\\Request), Object(Closure))
#50 C:\\Users\\Marden\\Desktop\\Basic\\projetos\\web\\solucao-codigo-fonte\\vendor\\laravel\\framework\\src\\Illuminate\\Routing\\Pipeline.php(53): Illuminate\\Pipeline\\Pipeline->Illuminate\\Pipeline\\{closure}(Object(Illuminate\\Http\\Request))
#51 C:\\Users\\Marden\\Desktop\\Basic\\projetos\\web\\solucao-codigo-fonte\\vendor\\laravel\\framework\\src\\Illuminate\\Foundation\\Http\\Middleware\\ValidatePostSize.php(27): Illuminate\\Routing\\Pipeline->Illuminate\\Routing\\{closure}(Object(Illuminate\\Http\\Request))
#52 C:\\Users\\Marden\\Desktop\\Basic\\projetos\\web\\solucao-codigo-fonte\\vendor\\laravel\\framework\\src\\Illuminate\\Pipeline\\Pipeline.php(151): Illuminate\\Foundation\\Http\\Middleware\\ValidatePostSize->handle(Object(Illuminate\\Http\\Request), Object(Closure))
#53 C:\\Users\\Marden\\Desktop\\Basic\\projetos\\web\\solucao-codigo-fonte\\vendor\\laravel\\framework\\src\\Illuminate\\Routing\\Pipeline.php(53): Illuminate\\Pipeline\\Pipeline->Illuminate\\Pipeline\\{closure}(Object(Illuminate\\Http\\Request))
#54 C:\\Users\\Marden\\Desktop\\Basic\\projetos\\web\\solucao-codigo-fonte\\vendor\\laravel\\framework\\src\\Illuminate\\Foundation\\Http\\Middleware\\CheckForMaintenanceMode.php(62): Illuminate\\Routing\\Pipeline->Illuminate\\Routing\\{closure}(Object(Illuminate\\Http\\Request))
#55 C:\\Users\\Marden\\Desktop\\Basic\\projetos\\web\\solucao-codigo-fonte\\vendor\\laravel\\framework\\src\\Illuminate\\Pipeline\\Pipeline.php(151): Illuminate\\Foundation\\Http\\Middleware\\CheckForMaintenanceMode->handle(Object(Illuminate\\Http\\Request), Object(Closure))
#56 C:\\Users\\Marden\\Desktop\\Basic\\projetos\\web\\solucao-codigo-fonte\\vendor\\laravel\\framework\\src\\Illuminate\\Routing\\Pipeline.php(53): Illuminate\\Pipeline\\Pipeline->Illuminate\\Pipeline\\{closure}(Object(Illuminate\\Http\\Request))
#57 C:\\Users\\Marden\\Desktop\\Basic\\projetos\\web\\solucao-codigo-fonte\\vendor\\laravel\\framework\\src\\Illuminate\\Pipeline\\Pipeline.php(104): Illuminate\\Routing\\Pipeline->Illuminate\\Routing\\{closure}(Object(Illuminate\\Http\\Request))
#58 C:\\Users\\Marden\\Desktop\\Basic\\projetos\\web\\solucao-codigo-fonte\\vendor\\laravel\\framework\\src\\Illuminate\\Foundation\\Http\\Kernel.php(151): Illuminate\\Pipeline\\Pipeline->then(Object(Closure))
#59 C:\\Users\\Marden\\Desktop\\Basic\\projetos\\web\\solucao-codigo-fonte\\vendor\\laravel\\framework\\src\\Illuminate\\Foundation\\Http\\Kernel.php(116): Illuminate\\Foundation\\Http\\Kernel->sendRequestThroughRouter(Object(Illuminate\\Http\\Request))
#60 C:\\Users\\Marden\\Desktop\\Basic\\projetos\\web\\solucao-codigo-fonte\\public\\index.php(55): Illuminate\\Foundation\\Http\\Kernel->handle(Object(Illuminate\\Http\\Request))
#61 C:\\Users\\Marden\\Desktop\\Basic\\projetos\\web\\solucao-codigo-fonte\\server.php(21): require_once('C:\\\\Users\\\\Marden...')
#62 {main}
"} 
[2018-12-05 17:29:37] local.ERROR: Trying to get property 'data_ocorrencia' of non-object (View: C:\Users\Marden\Desktop\Basic\projetos\web\solucao-codigo-fonte\resources\views\admin\controle\socios\view.blade.php) {"userId":1,"email":"mardenmc22@gmail.com","exception":"[object] (ErrorException(code: 0): Trying to get property 'data_ocorrencia' of non-object (View: C:\\Users\\Marden\\Desktop\\Basic\\projetos\\web\\solucao-codigo-fonte\esources\\views\\admin\\controle\\socios\\view.blade.php) at C:\\Users\\Marden\\Desktop\\Basic\\projetos\\web\\solucao-codigo-fonte\\storage\\framework\\views\\0e6d19b9c826de9d062eadbd99c3c21df6caf6a4.php:173, ErrorException(code: 0): Trying to get property 'data_ocorrencia' of non-object at C:\\Users\\Marden\\Desktop\\Basic\\projetos\\web\\solucao-codigo-fonte\\storage\\framework\\views\\0e6d19b9c826de9d062eadbd99c3c21df6caf6a4.php:173)
[stacktrace]
#0 C:\\Users\\Marden\\Desktop\\Basic\\projetos\\web\\solucao-codigo-fonte\\vendor\\laravel\\framework\\src\\Illuminate\\View\\Engines\\PhpEngine.php(45): Illuminate\\View\\Engines\\CompilerEngine->handleViewException(Object(ErrorException), 1)
#1 C:\\Users\\Marden\\Desktop\\Basic\\projetos\\web\\solucao-codigo-fonte\\vendor\\laravel\\framework\\src\\Illuminate\\View\\Engines\\CompilerEngine.php(59): Illuminate\\View\\Engines\\PhpEngine->evaluatePath('C:\\\\Users\\\\Marden...', Array)
#2 C:\\Users\\Marden\\Desktop\\Basic\\projetos\\web\\solucao-codigo-fonte\\vendor\\laravel\\framework\\src\\Illuminate\\View\\View.php(142): Illuminate\\View\\Engines\\CompilerEngine->get('C:\\\\Users\\\\Marden...', Array)
#3 C:\\Users\\Marden\\Desktop\\Basic\\projetos\\web\\solucao-codigo-fonte\\vendor\\laravel\\framework\\src\\Illuminate\\View\\View.php(125): Illuminate\\View\\View->getContents()
#4 C:\\Users\\Marden\\Desktop\\Basic\\projetos\\web\\solucao-codigo-fonte\\vendor\\laravel\\framework\\src\\Illuminate\\View\\View.php(90): Illuminate\\View\\View->renderContents()
#5 C:\\Users\\Marden\\Desktop\\Basic\\projetos\\web\\solucao-codigo-fonte\\vendor\\laravel\\framework\\src\\Illuminate\\Http\\Response.php(42): Illuminate\\View\\View->render()
#6 C:\\Users\\Marden\\Desktop\\Basic\\projetos\\web\\solucao-codigo-fonte\\vendor\\symfony\\http-foundation\\Response.php(202): Illuminate\\Http\\Response->setContent(Object(Illuminate\\View\\View))
#7 C:\\Users\\Marden\\Desktop\\Basic\\projetos\\web\\solucao-codigo-fonte\\vendor\\laravel\\framework\\src\\Illuminate\\Routing\\Router.php(750): Symfony\\Component\\HttpFoundation\\Response->__construct(Object(Illuminate\\View\\View))
#8 C:\\Users\\Marden\\Desktop\\Basic\\projetos\\web\\solucao-codigo-fonte\\vendor\\laravel\\framework\\src\\Illuminate\\Routing\\Router.php(722): Illuminate\\Routing\\Router::toResponse(Object(Illuminate\\Http\\Request), Object(Illuminate\\View\\View))
#9 C:\\Users\\Marden\\Desktop\\Basic\\projetos\\web\\solucao-codigo-fonte\\vendor\\laravel\\framework\\src\\Illuminate\\Routing\\Router.php(682): Illuminate\\Routing\\Router->prepareResponse(Object(Illuminate\\Http\\Request), Object(Illuminate\\View\\View))
#10 C:\\Users\\Marden\\Desktop\\Basic\\projetos\\web\\solucao-codigo-fonte\\vendor\\laravel\\framework\\src\\Illuminate\\Routing\\Pipeline.php(30): Illuminate\\Routing\\Router->Illuminate\\Routing\\{closure}(Object(Illuminate\\Http\\Request))
#11 C:\\Users\\Marden\\Desktop\\Basic\\projetos\\web\\solucao-codigo-fonte\\vendor\\laravel\\framework\\src\\Illuminate\\Routing\\Middleware\\SubstituteBindings.php(41): Illuminate\\Routing\\Pipeline->Illuminate\\Routing\\{closure}(Object(Illuminate\\Http\\Request))
#12 C:\\Users\\Marden\\Desktop\\Basic\\projetos\\web\\solucao-codigo-fonte\\vendor\\laravel\\framework\\src\\Illuminate\\Pipeline\\Pipeline.php(151): Illuminate\\Routing\\Middleware\\SubstituteBindings->handle(Object(Illuminate\\Http\\Request), Object(Closure))
#13 C:\\Users\\Marden\\Desktop\\Basic\\projetos\\web\\solucao-codigo-fonte\\vendor\\laravel\\framework\\src\\Illuminate\\Routing\\Pipeline.php(53): Illuminate\\Pipeline\\Pipeline->Illuminate\\Pipeline\\{closure}(Object(Illuminate\\Http\\Request))
#14 C:\\Users\\Marden\\Desktop\\Basic\\projetos\\web\\solucao-codigo-fonte\\vendor\\laravel\\framework\\src\\Illuminate\\Auth\\Middleware\\Authenticate.php(43): Illuminate\\Routing\\Pipeline->Illuminate\\Routing\\{closure}(Object(Illuminate\\Http\\Request))
#15 C:\\Users\\Marden\\Desktop\\Basic\\projetos\\web\\solucao-codigo-fonte\\vendor\\laravel\\framework\\src\\Illuminate\\Pipeline\\Pipeline.php(151): Illuminate\\Auth\\Middleware\\Authenticate->handle(Object(Illuminate\\Http\\Request), Object(Closure))
#16 C:\\Users\\Marden\\Desktop\\Basic\\projetos\\web\\solucao-codigo-fonte\\vendor\\laravel\\framework\\src\\Illuminate\\Routing\\Pipeline.php(53): Illuminate\\Pipeline\\Pipeline->Illuminate\\Pipeline\\{closure}(Object(Illuminate\\Http\\Request))
#17 C:\\Users\\Marden\\Desktop\\Basic\\projetos\\web\\solucao-codigo-fonte\\vendor\\laravel\\framework\\src\\Illuminate\\Foundation\\Http\\Middleware\\VerifyCsrfToken.php(75): Illuminate\\Routing\\Pipeline->Illuminate\\Routing\\{closure}(Object(Illuminate\\Http\\Request))
#18 C:\\Users\\Marden\\Desktop\\Basic\\projetos\\web\\solucao-codigo-fonte\\vendor\\laravel\\framework\\src\\Illuminate\\Pipeline\\Pipeline.php(151): Illuminate\\Foundation\\Http\\Middleware\\VerifyCsrfToken->handle(Object(Illuminate\\Http\\Request), Object(Closure))
#19 C:\\Users\\Marden\\Desktop\\Basic\\projetos\\web\\solucao-codigo-fonte\\vendor\\laravel\\framework\\src\\Illuminate\\Routing\\Pipeline.php(53): Illuminate\\Pipeline\\Pipeline->Illuminate\\Pipeline\\{closure}(Object(Illuminate\\Http\\Request))
#20 C:\\Users\\Marden\\Desktop\\Basic\\projetos\\web\\solucao-codigo-fonte\\vendor\\laravel\\framework\\src\\Illuminate\\View\\Middleware\\ShareErrorsFromSession.php(49): Illuminate\\Routing\\Pipeline->Illuminate\\Routing\\{closure}(Object(Illuminate\\Http\\Request))
#21 C:\\Users\\Marden\\Desktop\\Basic\\projetos\\web\\solucao-codigo-fonte\\vendor\\laravel\\framework\\src\\Illuminate\\Pipeline\\Pipeline.php(151): Illuminate\\View\\Middleware\\ShareErrorsFromSession->handle(Object(Illuminate\\Http\\Request), Object(Closure))
#22 C:\\Users\\Marden\\Desktop\\Basic\\projetos\\web\\solucao-codigo-fonte\\vendor\\laravel\\framework\\src\\Illuminate\\Routing\\Pipeline.php(53): Illuminate\\Pipeline\\Pipeline->Illuminate\\Pipeline\\{closure}(Object(Illuminate\\Http\\Request))
#23 C:\\Users\\Marden\\Desktop\\Basic\\projetos\\web\\solucao-codigo-fonte\\vendor\\laravel\\framework\\src\\Illuminate\\Session\\Middleware\\StartSession.php(63): Illuminate\\Routing\\Pipeline->Illuminate\\Routing\\{closure}(Object(Illuminate\\Http\\Request))
#24 C:\\Users\\Marden\\Desktop\\Basic\\projetos\\web\\solucao-codigo-fonte\\vendor\\laravel\\framework\\src\\Illuminate\\Pipeline\\Pipeline.php(151): Illuminate\\Session\\Middleware\\StartSession->handle(Object(Illuminate\\Http\\Request), Object(Closure))
#25 C:\\Users\\Marden\\Desktop\\Basic\\projetos\\web\\solucao-codigo-fonte\\vendor\\laravel\\framework\\src\\Illuminate\\Routing\\Pipeline.php(53): Illuminate\\Pipeline\\Pipeline->Illuminate\\Pipeline\\{closure}(Object(Illuminate\\Http\\Request))
#26 C:\\Users\\Marden\\Desktop\\Basic\\projetos\\web\\solucao-codigo-fonte\\vendor\\laravel\\framework\\src\\Illuminate\\Cookie\\Middleware\\AddQueuedCookiesToResponse.php(37): Illuminate\\Routing\\Pipeline->Illuminate\\Routing\\{closure}(Object(Illuminate\\Http\\Request))
#27 C:\\Users\\Marden\\Desktop\\Basic\\projetos\\web\\solucao-codigo-fonte\\vendor\\laravel\\framework\\src\\Illuminate\\Pipeline\\Pipeline.php(151): Illuminate\\Cookie\\Middleware\\AddQueuedCookiesToResponse->handle(Object(Illuminate\\Http\\Request), Object(Closure))
#28 C:\\Users\\Marden\\Desktop\\Basic\\projetos\\web\\solucao-codigo-fonte\\vendor\\laravel\\framework\\src\\Illuminate\\Routing\\Pipeline.php(53): Illuminate\\Pipeline\\Pipeline->Illuminate\\Pipeline\\{closure}(Object(Illuminate\\Http\\Request))
#29 C:\\Users\\Marden\\Desktop\\Basic\\projetos\\web\\solucao-codigo-fonte\\vendor\\laravel\\framework\\src\\Illuminate\\Cookie\\Middleware\\EncryptCookies.php(66): Illuminate\\Routing\\Pipeline->Illuminate\\Routing\\{closure}(Object(Illuminate\\Http\\Request))
#30 C:\\Users\\Marden\\Desktop\\Basic\\projetos\\web\\solucao-codigo-fonte\\vendor\\laravel\\framework\\src\\Illuminate\\Pipeline\\Pipeline.php(151): Illuminate\\Cookie\\Middleware\\EncryptCookies->handle(Object(Illuminate\\Http\\Request), Object(Closure))
#31 C:\\Users\\Marden\\Desktop\\Basic\\projetos\\web\\solucao-codigo-fonte\\vendor\\laravel\\framework\\src\\Illuminate\\Routing\\Pipeline.php(53): Illuminate\\Pipeline\\Pipeline->Illuminate\\Pipeline\\{closure}(Object(Illuminate\\Http\\Request))
#32 C:\\Users\\Marden\\Desktop\\Basic\\projetos\\web\\solucao-codigo-fonte\\vendor\\laravel\\framework\\src\\Illuminate\\Pipeline\\Pipeline.php(104): Illuminate\\Routing\\Pipeline->Illuminate\\Routing\\{closure}(Object(Illuminate\\Http\\Request))
#33 C:\\Users\\Marden\\Desktop\\Basic\\projetos\\web\\solucao-codigo-fonte\\vendor\\laravel\\framework\\src\\Illuminate\\Routing\\Router.php(684): Illuminate\\Pipeline\\Pipeline->then(Object(Closure))
#34 C:\\Users\\Marden\\Desktop\\Basic\\projetos\\web\\solucao-codigo-fonte\\vendor\\laravel\\framework\\src\\Illuminate\\Routing\\Router.php(659): Illuminate\\Routing\\Router->runRouteWithinStack(Object(Illuminate\\Routing\\Route), Object(Illuminate\\Http\\Request))
#35 C:\\Users\\Marden\\Desktop\\Basic\\projetos\\web\\solucao-codigo-fonte\\vendor\\laravel\\framework\\src\\Illuminate\\Routing\\Router.php(625): Illuminate\\Routing\\Router->runRoute(Object(Illuminate\\Http\\Request), Object(Illuminate\\Routing\\Route))
#36 C:\\Users\\Marden\\Desktop\\Basic\\projetos\\web\\solucao-codigo-fonte\\vendor\\laravel\\framework\\src\\Illuminate\\Routing\\Router.php(614): Illuminate\\Routing\\Router->dispatchToRoute(Object(Illuminate\\Http\\Request))
#37 C:\\Users\\Marden\\Desktop\\Basic\\projetos\\web\\solucao-codigo-fonte\\vendor\\laravel\\framework\\src\\Illuminate\\Foundation\\Http\\Kernel.php(176): Illuminate\\Routing\\Router->dispatch(Object(Illuminate\\Http\\Request))
#38 C:\\Users\\Marden\\Desktop\\Basic\\projetos\\web\\solucao-codigo-fonte\\vendor\\laravel\\framework\\src\\Illuminate\\Routing\\Pipeline.php(30): Illuminate\\Foundation\\Http\\Kernel->Illuminate\\Foundation\\Http\\{closure}(Object(Illuminate\\Http\\Request))
#39 C:\\Users\\Marden\\Desktop\\Basic\\projetos\\web\\solucao-codigo-fonte\\vendor\\barryvdh\\laravel-debugbar\\src\\Middleware\\InjectDebugbar.php(65): Illuminate\\Routing\\Pipeline->Illuminate\\Routing\\{closure}(Object(Illuminate\\Http\\Request))
#40 C:\\Users\\Marden\\Desktop\\Basic\\projetos\\web\\solucao-codigo-fonte\\vendor\\laravel\\framework\\src\\Illuminate\\Pipeline\\Pipeline.php(151): Barryvdh\\Debugbar\\Middleware\\InjectDebugbar->handle(Object(Illuminate\\Http\\Request), Object(Closure))
#41 C:\\Users\\Marden\\Desktop\\Basic\\projetos\\web\\solucao-codigo-fonte\\vendor\\laravel\\framework\\src\\Illuminate\\Routing\\Pipeline.php(53): Illuminate\\Pipeline\\Pipeline->Illuminate\\Pipeline\\{closure}(Object(Illuminate\\Http\\Request))
#42 C:\\Users\\Marden\\Desktop\\Basic\\projetos\\web\\solucao-codigo-fonte\\vendor\\fideloper\\proxy\\src\\TrustProxies.php(57): Illuminate\\Routing\\Pipeline->Illuminate\\Routing\\{closure}(Object(Illuminate\\Http\\Request))
#43 C:\\Users\\Marden\\Desktop\\Basic\\projetos\\web\\solucao-codigo-fonte\\vendor\\laravel\\framework\\src\\Illuminate\\Pipeline\\Pipeline.php(151): Fideloper\\Proxy\\TrustProxies->handle(Object(Illuminate\\Http\\Request), Object(Closure))
#44 C:\\Users\\Marden\\Desktop\\Basic\\projetos\\web\\solucao-codigo-fonte\\vendor\\laravel\\framework\\src\\Illuminate\\Routing\\Pipeline.php(53): Illuminate\\Pipeline\\Pipeline->Illuminate\\Pipeline\\{closure}(Object(Illuminate\\Http\\Request))
#45 C:\\Users\\Marden\\Desktop\\Basic\\projetos\\web\\solucao-codigo-fonte\\vendor\\laravel\\framework\\src\\Illuminate\\Foundation\\Http\\Middleware\\TransformsRequest.php(31): Illuminate\\Routing\\Pipeline->Illuminate\\Routing\\{closure}(Object(Illuminate\\Http\\Request))
#46 C:\\Users\\Marden\\Desktop\\Basic\\projetos\\web\\solucao-codigo-fonte\\vendor\\laravel\\framework\\src\\Illuminate\\Pipeline\\Pipeline.php(151): Illuminate\\Foundation\\Http\\Middleware\\TransformsRequest->handle(Object(Illuminate\\Http\\Request), Object(Closure))
#47 C:\\Users\\Marden\\Desktop\\Basic\\projetos\\web\\solucao-codigo-fonte\\vendor\\laravel\\framework\\src\\Illuminate\\Routing\\Pipeline.php(53): Illuminate\\Pipeline\\Pipeline->Illuminate\\Pipeline\\{closure}(Object(Illuminate\\Http\\Request))
#48 C:\\Users\\Marden\\Desktop\\Basic\\projetos\\web\\solucao-codigo-fonte\\vendor\\laravel\\framework\\src\\Illuminate\\Foundation\\Http\\Middleware\\TransformsRequest.php(31): Illuminate\\Routing\\Pipeline->Illuminate\\Routing\\{closure}(Object(Illuminate\\Http\\Request))
#49 C:\\Users\\Marden\\Desktop\\Basic\\projetos\\web\\solucao-codigo-fonte\\vendor\\laravel\\framework\\src\\Illuminate\\Pipeline\\Pipeline.php(151): Illuminate\\Foundation\\Http\\Middleware\\TransformsRequest->handle(Object(Illuminate\\Http\\Request), Object(Closure))
#50 C:\\Users\\Marden\\Desktop\\Basic\\projetos\\web\\solucao-codigo-fonte\\vendor\\laravel\\framework\\src\\Illuminate\\Routing\\Pipeline.php(53): Illuminate\\Pipeline\\Pipeline->Illuminate\\Pipeline\\{closure}(Object(Illuminate\\Http\\Request))
#51 C:\\Users\\Marden\\Desktop\\Basic\\projetos\\web\\solucao-codigo-fonte\\vendor\\laravel\\framework\\src\\Illuminate\\Foundation\\Http\\Middleware\\ValidatePostSize.php(27): Illuminate\\Routing\\Pipeline->Illuminate\\Routing\\{closure}(Object(Illuminate\\Http\\Request))
#52 C:\\Users\\Marden\\Desktop\\Basic\\projetos\\web\\solucao-codigo-fonte\\vendor\\laravel\\framework\\src\\Illuminate\\Pipeline\\Pipeline.php(151): Illuminate\\Foundation\\Http\\Middleware\\ValidatePostSize->handle(Object(Illuminate\\Http\\Request), Object(Closure))
#53 C:\\Users\\Marden\\Desktop\\Basic\\projetos\\web\\solucao-codigo-fonte\\vendor\\laravel\\framework\\src\\Illuminate\\Routing\\Pipeline.php(53): Illuminate\\Pipeline\\Pipeline->Illuminate\\Pipeline\\{closure}(Object(Illuminate\\Http\\Request))
#54 C:\\Users\\Marden\\Desktop\\Basic\\projetos\\web\\solucao-codigo-fonte\\vendor\\laravel\\framework\\src\\Illuminate\\Foundation\\Http\\Middleware\\CheckForMaintenanceMode.php(62): Illuminate\\Routing\\Pipeline->Illuminate\\Routing\\{closure}(Object(Illuminate\\Http\\Request))
#55 C:\\Users\\Marden\\Desktop\\Basic\\projetos\\web\\solucao-codigo-fonte\\vendor\\laravel\\framework\\src\\Illuminate\\Pipeline\\Pipeline.php(151): Illuminate\\Foundation\\Http\\Middleware\\CheckForMaintenanceMode->handle(Object(Illuminate\\Http\\Request), Object(Closure))
#56 C:\\Users\\Marden\\Desktop\\Basic\\projetos\\web\\solucao-codigo-fonte\\vendor\\laravel\\framework\\src\\Illuminate\\Routing\\Pipeline.php(53): Illuminate\\Pipeline\\Pipeline->Illuminate\\Pipeline\\{closure}(Object(Illuminate\\Http\\Request))
#57 C:\\Users\\Marden\\Desktop\\Basic\\projetos\\web\\solucao-codigo-fonte\\vendor\\laravel\\framework\\src\\Illuminate\\Pipeline\\Pipeline.php(104): Illuminate\\Routing\\Pipeline->Illuminate\\Routing\\{closure}(Object(Illuminate\\Http\\Request))
#58 C:\\Users\\Marden\\Desktop\\Basic\\projetos\\web\\solucao-codigo-fonte\\vendor\\laravel\\framework\\src\\Illuminate\\Foundation\\Http\\Kernel.php(151): Illuminate\\Pipeline\\Pipeline->then(Object(Closure))
#59 C:\\Users\\Marden\\Desktop\\Basic\\projetos\\web\\solucao-codigo-fonte\\vendor\\laravel\\framework\\src\\Illuminate\\Foundation\\Http\\Kernel.php(116): Illuminate\\Foundation\\Http\\Kernel->sendRequestThroughRouter(Object(Illuminate\\Http\\Request))
#60 C:\\Users\\Marden\\Desktop\\Basic\\projetos\\web\\solucao-codigo-fonte\\public\\index.php(55): Illuminate\\Foundation\\Http\\Kernel->handle(Object(Illuminate\\Http\\Request))
#61 C:\\Users\\Marden\\Desktop\\Basic\\projetos\\web\\solucao-codigo-fonte\\server.php(21): require_once('C:\\\\Users\\\\Marden...')
#62 {main}
"} 
